CRITICAL - 2022-03-03 08:22:45 --> Undefined variable: link
#0 C:\laragon\www\sikapnew\app\Views\setting-grid.php(143): CodeIgniter\Debug\Exceptions->errorHandler(8, 'Undefined varia...', 'C:\\laragon\\www\\...', 143, Array)
#1 C:\laragon\www\sikapnew\system\View\View.php(210): include('C:\\laragon\\www\\...')
#2 C:\laragon\www\sikapnew\system\View\View.php(213): CodeIgniter\View\View->CodeIgniter\View\{closure}()
#3 C:\laragon\www\sikapnew\system\Common.php(1089): CodeIgniter\View\View->render('setting-grid', Array, true)
#4 C:\laragon\www\sikapnew\app\Controllers\User.php(43): view('setting-grid', Array)
#5 C:\laragon\www\sikapnew\system\CodeIgniter.php(832): App\Controllers\User->setting_grid()
#6 C:\laragon\www\sikapnew\system\CodeIgniter.php(419): CodeIgniter\CodeIgniter->runController(Object(App\Controllers\User))
#7 C:\laragon\www\sikapnew\system\CodeIgniter.php(326): CodeIgniter\CodeIgniter->handleRequest(NULL, Object(Config\Cache), false)
#8 C:\laragon\www\sikapnew\public\index.php(37): CodeIgniter\CodeIgniter->run()
#9 C:\laragon\www\sikapnew\system\Commands\Server\rewrite.php(43): require_once('C:\\laragon\\www\\...')
#10 {main}
CRITICAL - 2022-03-03 08:27:02 --> Call to undefined method CodeIgniter\Pager\Pager::setSurroundCount()
#0 C:\laragon\www\sikapnew\system\View\View.php(210): include()
#1 C:\laragon\www\sikapnew\system\View\View.php(213): CodeIgniter\View\View->CodeIgniter\View\{closure}()
#2 C:\laragon\www\sikapnew\system\Common.php(1089): CodeIgniter\View\View->render('setting-grid', Array, true)
#3 C:\laragon\www\sikapnew\app\Controllers\User.php(43): view('setting-grid', Array)
#4 C:\laragon\www\sikapnew\system\CodeIgniter.php(832): App\Controllers\User->setting_grid()
#5 C:\laragon\www\sikapnew\system\CodeIgniter.php(419): CodeIgniter\CodeIgniter->runController(Object(App\Controllers\User))
#6 C:\laragon\www\sikapnew\system\CodeIgniter.php(326): CodeIgniter\CodeIgniter->handleRequest(NULL, Object(Config\Cache), false)
#7 C:\laragon\www\sikapnew\public\index.php(37): CodeIgniter\CodeIgniter->run()
#8 C:\laragon\www\sikapnew\system\Commands\Server\rewrite.php(43): require_once('C:\\laragon\\www\\...')
#9 {main}
CRITICAL - 2022-03-03 08:27:17 --> Call to undefined method CodeIgniter\Pager\Pager::hasPrevious()
#0 C:\laragon\www\sikapnew\system\View\View.php(210): include()
#1 C:\laragon\www\sikapnew\system\View\View.php(213): CodeIgniter\View\View->CodeIgniter\View\{closure}()
#2 C:\laragon\www\sikapnew\system\Common.php(1089): CodeIgniter\View\View->render('setting-grid', Array, true)
#3 C:\laragon\www\sikapnew\app\Controllers\User.php(43): view('setting-grid', Array)
#4 C:\laragon\www\sikapnew\system\CodeIgniter.php(832): App\Controllers\User->setting_grid()
#5 C:\laragon\www\sikapnew\system\CodeIgniter.php(419): CodeIgniter\CodeIgniter->runController(Object(App\Controllers\User))
#6 C:\laragon\www\sikapnew\system\CodeIgniter.php(326): CodeIgniter\CodeIgniter->handleRequest(NULL, Object(Config\Cache), false)
#7 C:\laragon\www\sikapnew\public\index.php(37): CodeIgniter\CodeIgniter->run()
#8 C:\laragon\www\sikapnew\system\Commands\Server\rewrite.php(43): require_once('C:\\laragon\\www\\...')
#9 {main}
