CRITICAL - 2023-05-02 04:45:48 --> Division by zero
#0 C:\laragon\www\sikapnew\app\Views\dashboard.php(212): CodeIgniter\Debug\Exceptions->errorHandler(2, 'Division by zer...', 'C:\\laragon\\www\\...', 212, Array)
#1 C:\laragon\www\sikapnew\system\View\View.php(210): include('C:\\laragon\\www\\...')
#2 C:\laragon\www\sikapnew\system\View\View.php(213): CodeIgniter\View\View->CodeIgniter\View\{closure}()
#3 C:\laragon\www\sikapnew\system\Common.php(1089): CodeIgniter\View\View->render('dashboard', Array, true)
#4 C:\laragon\www\sikapnew\app\Controllers\Dashboard.php(65): view('dashboard', Array)
#5 C:\laragon\www\sikapnew\system\CodeIgniter.php(832): App\Controllers\Dashboard->index()
#6 C:\laragon\www\sikapnew\system\CodeIgniter.php(419): CodeIgniter\CodeIgniter->runController(Object(App\Controllers\Dashboard))
#7 C:\laragon\www\sikapnew\system\CodeIgniter.php(326): CodeIgniter\CodeIgniter->handleRequest(NULL, Object(Config\Cache), false)
#8 C:\laragon\www\sikapnew\public\index.php(37): CodeIgniter\CodeIgniter->run()
#9 C:\laragon\www\sikapnew\system\Commands\Server\rewrite.php(43): require_once('C:\\laragon\\www\\...')
#10 {main}
CRITICAL - 2023-05-02 23:08:05 --> Division by zero
#0 C:\laragon\www\sikapnew\app\Views\dashboard.php(212): CodeIgniter\Debug\Exceptions->errorHandler(2, 'Division by zer...', 'C:\\laragon\\www\\...', 212, Array)
#1 C:\laragon\www\sikapnew\system\View\View.php(210): include('C:\\laragon\\www\\...')
#2 C:\laragon\www\sikapnew\system\View\View.php(213): CodeIgniter\View\View->CodeIgniter\View\{closure}()
#3 C:\laragon\www\sikapnew\system\Common.php(1089): CodeIgniter\View\View->render('dashboard', Array, true)
#4 C:\laragon\www\sikapnew\app\Controllers\Dashboard.php(65): view('dashboard', Array)
#5 C:\laragon\www\sikapnew\system\CodeIgniter.php(832): App\Controllers\Dashboard->index()
#6 C:\laragon\www\sikapnew\system\CodeIgniter.php(419): CodeIgniter\CodeIgniter->runController(Object(App\Controllers\Dashboard))
#7 C:\laragon\www\sikapnew\system\CodeIgniter.php(326): CodeIgniter\CodeIgniter->handleRequest(NULL, Object(Config\Cache), false)
#8 C:\laragon\www\sikapnew\public\index.php(37): CodeIgniter\CodeIgniter->run()
#9 C:\laragon\www\sikapnew\system\Commands\Server\rewrite.php(43): require_once('C:\\laragon\\www\\...')
#10 {main}
CRITICAL - 2023-05-02 23:08:52 --> Division by zero
#0 C:\laragon\www\sikapnew\app\Views\dashboard.php(466): CodeIgniter\Debug\Exceptions->errorHandler(2, 'Division by zer...', 'C:\\laragon\\www\\...', 466, Array)
#1 C:\laragon\www\sikapnew\system\View\View.php(210): include('C:\\laragon\\www\\...')
#2 C:\laragon\www\sikapnew\system\View\View.php(213): CodeIgniter\View\View->CodeIgniter\View\{closure}()
#3 C:\laragon\www\sikapnew\system\Common.php(1089): CodeIgniter\View\View->render('dashboard', Array, true)
#4 C:\laragon\www\sikapnew\app\Controllers\Dashboard.php(65): view('dashboard', Array)
#5 C:\laragon\www\sikapnew\system\CodeIgniter.php(832): App\Controllers\Dashboard->index()
#6 C:\laragon\www\sikapnew\system\CodeIgniter.php(419): CodeIgniter\CodeIgniter->runController(Object(App\Controllers\Dashboard))
#7 C:\laragon\www\sikapnew\system\CodeIgniter.php(326): CodeIgniter\CodeIgniter->handleRequest(NULL, Object(Config\Cache), false)
#8 C:\laragon\www\sikapnew\public\index.php(37): CodeIgniter\CodeIgniter->run()
#9 C:\laragon\www\sikapnew\system\Commands\Server\rewrite.php(43): require_once('C:\\laragon\\www\\...')
#10 {main}
CRITICAL - 2023-05-02 23:23:13 --> syntax error, unexpected end of file
#0 C:\laragon\www\sikapnew\system\View\View.php(213): CodeIgniter\View\View->CodeIgniter\View\{closure}()
#1 C:\laragon\www\sikapnew\system\Common.php(1089): CodeIgniter\View\View->render('dashboard', Array, true)
#2 C:\laragon\www\sikapnew\app\Controllers\Dashboard.php(65): view('dashboard', Array)
#3 C:\laragon\www\sikapnew\system\CodeIgniter.php(832): App\Controllers\Dashboard->index()
#4 C:\laragon\www\sikapnew\system\CodeIgniter.php(419): CodeIgniter\CodeIgniter->runController(Object(App\Controllers\Dashboard))
#5 C:\laragon\www\sikapnew\system\CodeIgniter.php(326): CodeIgniter\CodeIgniter->handleRequest(NULL, Object(Config\Cache), false)
#6 C:\laragon\www\sikapnew\public\index.php(37): CodeIgniter\CodeIgniter->run()
#7 C:\laragon\www\sikapnew\system\Commands\Server\rewrite.php(43): require_once('C:\\laragon\\www\\...')
#8 {main}
ERROR - 2023-05-02 23:32:56 --> Unknown column 'b.jam c.nama' in 'field list'
CRITICAL - 2023-05-02 23:32:56 --> Unknown column 'b.jam c.nama' in 'field list'
#0 C:\laragon\www\sikapnew\system\Database\MySQLi\Connection.php(292): mysqli->query('SELECT `b`.`id_...', 0)
#1 C:\laragon\www\sikapnew\system\Database\BaseConnection.php(670): CodeIgniter\Database\MySQLi\Connection->execute('SELECT `b`.`id_...')
#2 C:\laragon\www\sikapnew\system\Database\BaseConnection.php(598): CodeIgniter\Database\BaseConnection->simpleQuery('SELECT `b`.`id_...')
#3 C:\laragon\www\sikapnew\system\Database\BaseBuilder.php(1455): CodeIgniter\Database\BaseConnection->query('SELECT `b`.`id_...', Array, false)
#4 C:\laragon\www\sikapnew\vendor\hermawan\codeigniter4-datatables\src\DataTableQuery.php(219): CodeIgniter\Database\BaseBuilder->get()
#5 C:\laragon\www\sikapnew\vendor\hermawan\codeigniter4-datatables\src\DataTableQuery.php(70): Hermawan\DataTables\DataTableQuery->queryResult()
#6 C:\laragon\www\sikapnew\vendor\hermawan\codeigniter4-datatables\src\DataTable.php(176): Hermawan\DataTables\DataTableQuery->getDataResult()
#7 C:\laragon\www\sikapnew\app\Controllers\Kedatangan.php(49): Hermawan\DataTables\DataTable->toJson()
#8 C:\laragon\www\sikapnew\system\CodeIgniter.php(832): App\Controllers\Kedatangan->ajax_kedatangan()
#9 C:\laragon\www\sikapnew\system\CodeIgniter.php(419): CodeIgniter\CodeIgniter->runController(Object(App\Controllers\Kedatangan))
#10 C:\laragon\www\sikapnew\system\CodeIgniter.php(326): CodeIgniter\CodeIgniter->handleRequest(NULL, Object(Config\Cache), false)
#11 C:\laragon\www\sikapnew\public\index.php(37): CodeIgniter\CodeIgniter->run()
#12 C:\laragon\www\sikapnew\system\Commands\Server\rewrite.php(43): require_once('C:\\laragon\\www\\...')
#13 {main}
