CRITICAL - 2023-03-20 01:32:48 --> Trying to access array offset on value of type null
#0 C:\laragon\www\sikapnew\app\Views\pengguna\edit.php(62): CodeIgniter\Debug\Exceptions->errorHandler(8, 'Trying to acces...', 'C:\\laragon\\www\\...', 62, Array)
#1 C:\laragon\www\sikapnew\system\View\View.php(210): include('C:\\laragon\\www\\...')
#2 C:\laragon\www\sikapnew\system\View\View.php(213): CodeIgniter\View\View->CodeIgniter\View\{closure}()
#3 C:\laragon\www\sikapnew\system\Common.php(1089): CodeIgniter\View\View->render('pengguna/edit', Array, true)
#4 C:\laragon\www\sikapnew\app\Controllers\Pengguna.php(85): view('pengguna/edit', Array)
#5 C:\laragon\www\sikapnew\system\CodeIgniter.php(832): App\Controllers\Pengguna->edit('assets', 'images', 'users', 'avatar-3.jpg')
#6 C:\laragon\www\sikapnew\system\CodeIgniter.php(419): CodeIgniter\CodeIgniter->runController(Object(App\Controllers\Pengguna))
#7 C:\laragon\www\sikapnew\system\CodeIgniter.php(326): CodeIgniter\CodeIgniter->handleRequest(NULL, Object(Config\Cache), false)
#8 C:\laragon\www\sikapnew\public\index.php(37): CodeIgniter\CodeIgniter->run()
#9 C:\laragon\www\sikapnew\system\Commands\Server\rewrite.php(43): require_once('C:\\laragon\\www\\...')
#10 {main}
CRITICAL - 2023-03-20 01:32:48 --> Trying to access array offset on value of type null
#0 C:\laragon\www\sikapnew\app\Views\pengguna\edit.php(62): CodeIgniter\Debug\Exceptions->errorHandler(8, 'Trying to acces...', 'C:\\laragon\\www\\...', 62, Array)
#1 C:\laragon\www\sikapnew\system\View\View.php(210): include('C:\\laragon\\www\\...')
#2 C:\laragon\www\sikapnew\system\View\View.php(213): CodeIgniter\View\View->CodeIgniter\View\{closure}()
#3 C:\laragon\www\sikapnew\system\Common.php(1089): CodeIgniter\View\View->render('pengguna/edit', Array, true)
#4 C:\laragon\www\sikapnew\app\Controllers\Pengguna.php(85): view('pengguna/edit', Array)
#5 C:\laragon\www\sikapnew\system\CodeIgniter.php(832): App\Controllers\Pengguna->edit('assets', 'images', 'users', 'avatar-1.jpg')
#6 C:\laragon\www\sikapnew\system\CodeIgniter.php(419): CodeIgniter\CodeIgniter->runController(Object(App\Controllers\Pengguna))
#7 C:\laragon\www\sikapnew\system\CodeIgniter.php(326): CodeIgniter\CodeIgniter->handleRequest(NULL, Object(Config\Cache), false)
#8 C:\laragon\www\sikapnew\public\index.php(37): CodeIgniter\CodeIgniter->run()
#9 C:\laragon\www\sikapnew\system\Commands\Server\rewrite.php(43): require_once('C:\\laragon\\www\\...')
#10 {main}
CRITICAL - 2023-03-20 01:33:14 --> Trying to access array offset on value of type null
#0 C:\laragon\www\sikapnew\app\Views\pengguna\edit.php(62): CodeIgniter\Debug\Exceptions->errorHandler(8, 'Trying to acces...', 'C:\\laragon\\www\\...', 62, Array)
#1 C:\laragon\www\sikapnew\system\View\View.php(210): include('C:\\laragon\\www\\...')
#2 C:\laragon\www\sikapnew\system\View\View.php(213): CodeIgniter\View\View->CodeIgniter\View\{closure}()
#3 C:\laragon\www\sikapnew\system\Common.php(1089): CodeIgniter\View\View->render('pengguna/edit', Array, true)
#4 C:\laragon\www\sikapnew\app\Controllers\Pengguna.php(85): view('pengguna/edit', Array)
#5 C:\laragon\www\sikapnew\system\CodeIgniter.php(832): App\Controllers\Pengguna->edit('assets', 'images', 'users', 'avatar-3.jpg')
#6 C:\laragon\www\sikapnew\system\CodeIgniter.php(419): CodeIgniter\CodeIgniter->runController(Object(App\Controllers\Pengguna))
#7 C:\laragon\www\sikapnew\system\CodeIgniter.php(326): CodeIgniter\CodeIgniter->handleRequest(NULL, Object(Config\Cache), false)
#8 C:\laragon\www\sikapnew\public\index.php(37): CodeIgniter\CodeIgniter->run()
#9 C:\laragon\www\sikapnew\system\Commands\Server\rewrite.php(43): require_once('C:\\laragon\\www\\...')
#10 {main}
CRITICAL - 2023-03-20 01:33:14 --> Trying to access array offset on value of type null
#0 C:\laragon\www\sikapnew\app\Views\pengguna\edit.php(62): CodeIgniter\Debug\Exceptions->errorHandler(8, 'Trying to acces...', 'C:\\laragon\\www\\...', 62, Array)
#1 C:\laragon\www\sikapnew\system\View\View.php(210): include('C:\\laragon\\www\\...')
#2 C:\laragon\www\sikapnew\system\View\View.php(213): CodeIgniter\View\View->CodeIgniter\View\{closure}()
#3 C:\laragon\www\sikapnew\system\Common.php(1089): CodeIgniter\View\View->render('pengguna/edit', Array, true)
#4 C:\laragon\www\sikapnew\app\Controllers\Pengguna.php(85): view('pengguna/edit', Array)
#5 C:\laragon\www\sikapnew\system\CodeIgniter.php(832): App\Controllers\Pengguna->edit('assets', 'images', 'users', 'avatar-1.jpg')
#6 C:\laragon\www\sikapnew\system\CodeIgniter.php(419): CodeIgniter\CodeIgniter->runController(Object(App\Controllers\Pengguna))
#7 C:\laragon\www\sikapnew\system\CodeIgniter.php(326): CodeIgniter\CodeIgniter->handleRequest(NULL, Object(Config\Cache), false)
#8 C:\laragon\www\sikapnew\public\index.php(37): CodeIgniter\CodeIgniter->run()
#9 C:\laragon\www\sikapnew\system\Commands\Server\rewrite.php(43): require_once('C:\\laragon\\www\\...')
#10 {main}
CRITICAL - 2023-03-20 01:33:33 --> Trying to access array offset on value of type null
#0 C:\laragon\www\sikapnew\app\Views\pengguna\edit.php(62): CodeIgniter\Debug\Exceptions->errorHandler(8, 'Trying to acces...', 'C:\\laragon\\www\\...', 62, Array)
#1 C:\laragon\www\sikapnew\system\View\View.php(210): include('C:\\laragon\\www\\...')
#2 C:\laragon\www\sikapnew\system\View\View.php(213): CodeIgniter\View\View->CodeIgniter\View\{closure}()
#3 C:\laragon\www\sikapnew\system\Common.php(1089): CodeIgniter\View\View->render('pengguna/edit', Array, true)
#4 C:\laragon\www\sikapnew\app\Controllers\Pengguna.php(85): view('pengguna/edit', Array)
#5 C:\laragon\www\sikapnew\system\CodeIgniter.php(832): App\Controllers\Pengguna->edit('assets', 'images', 'users', 'avatar-1.jpg')
#6 C:\laragon\www\sikapnew\system\CodeIgniter.php(419): CodeIgniter\CodeIgniter->runController(Object(App\Controllers\Pengguna))
#7 C:\laragon\www\sikapnew\system\CodeIgniter.php(326): CodeIgniter\CodeIgniter->handleRequest(NULL, Object(Config\Cache), false)
#8 C:\laragon\www\sikapnew\public\index.php(37): CodeIgniter\CodeIgniter->run()
#9 C:\laragon\www\sikapnew\system\Commands\Server\rewrite.php(43): require_once('C:\\laragon\\www\\...')
#10 {main}
CRITICAL - 2023-03-20 01:33:33 --> Trying to access array offset on value of type null
#0 C:\laragon\www\sikapnew\app\Views\pengguna\edit.php(62): CodeIgniter\Debug\Exceptions->errorHandler(8, 'Trying to acces...', 'C:\\laragon\\www\\...', 62, Array)
#1 C:\laragon\www\sikapnew\system\View\View.php(210): include('C:\\laragon\\www\\...')
#2 C:\laragon\www\sikapnew\system\View\View.php(213): CodeIgniter\View\View->CodeIgniter\View\{closure}()
#3 C:\laragon\www\sikapnew\system\Common.php(1089): CodeIgniter\View\View->render('pengguna/edit', Array, true)
#4 C:\laragon\www\sikapnew\app\Controllers\Pengguna.php(85): view('pengguna/edit', Array)
#5 C:\laragon\www\sikapnew\system\CodeIgniter.php(832): App\Controllers\Pengguna->edit('assets', 'images', 'users', 'avatar-3.jpg')
#6 C:\laragon\www\sikapnew\system\CodeIgniter.php(419): CodeIgniter\CodeIgniter->runController(Object(App\Controllers\Pengguna))
#7 C:\laragon\www\sikapnew\system\CodeIgniter.php(326): CodeIgniter\CodeIgniter->handleRequest(NULL, Object(Config\Cache), false)
#8 C:\laragon\www\sikapnew\public\index.php(37): CodeIgniter\CodeIgniter->run()
#9 C:\laragon\www\sikapnew\system\Commands\Server\rewrite.php(43): require_once('C:\\laragon\\www\\...')
#10 {main}
CRITICAL - 2023-03-20 01:34:34 --> Trying to access array offset on value of type null
#0 C:\laragon\www\sikapnew\app\Views\pengguna\edit.php(62): CodeIgniter\Debug\Exceptions->errorHandler(8, 'Trying to acces...', 'C:\\laragon\\www\\...', 62, Array)
#1 C:\laragon\www\sikapnew\system\View\View.php(210): include('C:\\laragon\\www\\...')
#2 C:\laragon\www\sikapnew\system\View\View.php(213): CodeIgniter\View\View->CodeIgniter\View\{closure}()
#3 C:\laragon\www\sikapnew\system\Common.php(1089): CodeIgniter\View\View->render('pengguna/edit', Array, true)
#4 C:\laragon\www\sikapnew\app\Controllers\Pengguna.php(85): view('pengguna/edit', Array)
#5 C:\laragon\www\sikapnew\system\CodeIgniter.php(832): App\Controllers\Pengguna->edit('assets', 'images', 'users', 'avatar-3.jpg')
#6 C:\laragon\www\sikapnew\system\CodeIgniter.php(419): CodeIgniter\CodeIgniter->runController(Object(App\Controllers\Pengguna))
#7 C:\laragon\www\sikapnew\system\CodeIgniter.php(326): CodeIgniter\CodeIgniter->handleRequest(NULL, Object(Config\Cache), false)
#8 C:\laragon\www\sikapnew\public\index.php(37): CodeIgniter\CodeIgniter->run()
#9 C:\laragon\www\sikapnew\system\Commands\Server\rewrite.php(43): require_once('C:\\laragon\\www\\...')
#10 {main}
CRITICAL - 2023-03-20 01:34:57 --> Trying to access array offset on value of type null
#0 C:\laragon\www\sikapnew\app\Views\pengguna\edit.php(62): CodeIgniter\Debug\Exceptions->errorHandler(8, 'Trying to acces...', 'C:\\laragon\\www\\...', 62, Array)
#1 C:\laragon\www\sikapnew\system\View\View.php(210): include('C:\\laragon\\www\\...')
#2 C:\laragon\www\sikapnew\system\View\View.php(213): CodeIgniter\View\View->CodeIgniter\View\{closure}()
#3 C:\laragon\www\sikapnew\system\Common.php(1089): CodeIgniter\View\View->render('pengguna/edit', Array, true)
#4 C:\laragon\www\sikapnew\app\Controllers\Pengguna.php(85): view('pengguna/edit', Array)
#5 C:\laragon\www\sikapnew\system\CodeIgniter.php(832): App\Controllers\Pengguna->edit('assets', 'images', 'users', 'avatar-3.jpg')
#6 C:\laragon\www\sikapnew\system\CodeIgniter.php(419): CodeIgniter\CodeIgniter->runController(Object(App\Controllers\Pengguna))
#7 C:\laragon\www\sikapnew\system\CodeIgniter.php(326): CodeIgniter\CodeIgniter->handleRequest(NULL, Object(Config\Cache), false)
#8 C:\laragon\www\sikapnew\public\index.php(37): CodeIgniter\CodeIgniter->run()
#9 C:\laragon\www\sikapnew\system\Commands\Server\rewrite.php(43): require_once('C:\\laragon\\www\\...')
#10 {main}
CRITICAL - 2023-03-20 01:45:31 --> Trying to access array offset on value of type null
#0 C:\laragon\www\sikapnew\app\Views\pengguna\edit.php(62): CodeIgniter\Debug\Exceptions->errorHandler(8, 'Trying to acces...', 'C:\\laragon\\www\\...', 62, Array)
#1 C:\laragon\www\sikapnew\system\View\View.php(210): include('C:\\laragon\\www\\...')
#2 C:\laragon\www\sikapnew\system\View\View.php(213): CodeIgniter\View\View->CodeIgniter\View\{closure}()
#3 C:\laragon\www\sikapnew\system\Common.php(1089): CodeIgniter\View\View->render('pengguna/edit', Array, true)
#4 C:\laragon\www\sikapnew\app\Controllers\Pengguna.php(85): view('pengguna/edit', Array)
#5 C:\laragon\www\sikapnew\system\CodeIgniter.php(832): App\Controllers\Pengguna->edit('assets', 'images', 'users', 'avatar-3.jpg')
#6 C:\laragon\www\sikapnew\system\CodeIgniter.php(419): CodeIgniter\CodeIgniter->runController(Object(App\Controllers\Pengguna))
#7 C:\laragon\www\sikapnew\system\CodeIgniter.php(326): CodeIgniter\CodeIgniter->handleRequest(NULL, Object(Config\Cache), false)
#8 C:\laragon\www\sikapnew\public\index.php(37): CodeIgniter\CodeIgniter->run()
#9 C:\laragon\www\sikapnew\system\Commands\Server\rewrite.php(43): require_once('C:\\laragon\\www\\...')
#10 {main}
CRITICAL - 2023-03-20 01:49:01 --> Trying to access array offset on value of type null
#0 C:\laragon\www\sikapnew\app\Views\pengguna\edit.php(62): CodeIgniter\Debug\Exceptions->errorHandler(8, 'Trying to acces...', 'C:\\laragon\\www\\...', 62, Array)
#1 C:\laragon\www\sikapnew\system\View\View.php(210): include('C:\\laragon\\www\\...')
#2 C:\laragon\www\sikapnew\system\View\View.php(213): CodeIgniter\View\View->CodeIgniter\View\{closure}()
#3 C:\laragon\www\sikapnew\system\Common.php(1089): CodeIgniter\View\View->render('pengguna/edit', Array, true)
#4 C:\laragon\www\sikapnew\app\Controllers\Pengguna.php(85): view('pengguna/edit', Array)
#5 C:\laragon\www\sikapnew\system\CodeIgniter.php(832): App\Controllers\Pengguna->edit('assets', 'images', 'users', 'avatar-3.jpg')
#6 C:\laragon\www\sikapnew\system\CodeIgniter.php(419): CodeIgniter\CodeIgniter->runController(Object(App\Controllers\Pengguna))
#7 C:\laragon\www\sikapnew\system\CodeIgniter.php(326): CodeIgniter\CodeIgniter->handleRequest(NULL, Object(Config\Cache), false)
#8 C:\laragon\www\sikapnew\public\index.php(37): CodeIgniter\CodeIgniter->run()
#9 C:\laragon\www\sikapnew\system\Commands\Server\rewrite.php(43): require_once('C:\\laragon\\www\\...')
#10 {main}
CRITICAL - 2023-03-20 02:12:06 --> Too few arguments to function App\Models\PenggunaModel::pilih_kapal(), 0 passed in C:\laragon\www\sikapnew\app\Controllers\Pengguna.php on line 85 and exactly 1 expected
#0 C:\laragon\www\sikapnew\app\Controllers\Pengguna.php(85): App\Models\PenggunaModel->pilih_kapal()
#1 C:\laragon\www\sikapnew\system\CodeIgniter.php(832): App\Controllers\Pengguna->edit('1')
#2 C:\laragon\www\sikapnew\system\CodeIgniter.php(419): CodeIgniter\CodeIgniter->runController(Object(App\Controllers\Pengguna))
#3 C:\laragon\www\sikapnew\system\CodeIgniter.php(326): CodeIgniter\CodeIgniter->handleRequest(NULL, Object(Config\Cache), false)
#4 C:\laragon\www\sikapnew\public\index.php(37): CodeIgniter\CodeIgniter->run()
#5 C:\laragon\www\sikapnew\system\Commands\Server\rewrite.php(43): require_once('C:\\laragon\\www\\...')
#6 {main}
CRITICAL - 2023-03-20 02:12:49 --> Too few arguments to function App\Models\PenggunaModel::pilih_kapal(), 0 passed in C:\laragon\www\sikapnew\app\Controllers\Pengguna.php on line 85 and exactly 1 expected
#0 C:\laragon\www\sikapnew\app\Controllers\Pengguna.php(85): App\Models\PenggunaModel->pilih_kapal()
#1 C:\laragon\www\sikapnew\system\CodeIgniter.php(832): App\Controllers\Pengguna->edit('1')
#2 C:\laragon\www\sikapnew\system\CodeIgniter.php(419): CodeIgniter\CodeIgniter->runController(Object(App\Controllers\Pengguna))
#3 C:\laragon\www\sikapnew\system\CodeIgniter.php(326): CodeIgniter\CodeIgniter->handleRequest(NULL, Object(Config\Cache), false)
#4 C:\laragon\www\sikapnew\public\index.php(37): CodeIgniter\CodeIgniter->run()
#5 C:\laragon\www\sikapnew\system\Commands\Server\rewrite.php(43): require_once('C:\\laragon\\www\\...')
#6 {main}
CRITICAL - 2023-03-20 02:13:20 --> Too few arguments to function App\Models\PenggunaModel::pilih_kapal(), 0 passed in C:\laragon\www\sikapnew\app\Controllers\Pengguna.php on line 85 and exactly 1 expected
#0 C:\laragon\www\sikapnew\app\Controllers\Pengguna.php(85): App\Models\PenggunaModel->pilih_kapal()
#1 C:\laragon\www\sikapnew\system\CodeIgniter.php(832): App\Controllers\Pengguna->edit('1')
#2 C:\laragon\www\sikapnew\system\CodeIgniter.php(419): CodeIgniter\CodeIgniter->runController(Object(App\Controllers\Pengguna))
#3 C:\laragon\www\sikapnew\system\CodeIgniter.php(326): CodeIgniter\CodeIgniter->handleRequest(NULL, Object(Config\Cache), false)
#4 C:\laragon\www\sikapnew\public\index.php(37): CodeIgniter\CodeIgniter->run()
#5 C:\laragon\www\sikapnew\system\Commands\Server\rewrite.php(43): require_once('C:\\laragon\\www\\...')
#6 {main}
CRITICAL - 2023-03-20 02:13:24 --> Too few arguments to function App\Models\PenggunaModel::pilih_kapal(), 0 passed in C:\laragon\www\sikapnew\app\Controllers\Pengguna.php on line 85 and exactly 1 expected
#0 C:\laragon\www\sikapnew\app\Controllers\Pengguna.php(85): App\Models\PenggunaModel->pilih_kapal()
#1 C:\laragon\www\sikapnew\system\CodeIgniter.php(832): App\Controllers\Pengguna->edit('1')
#2 C:\laragon\www\sikapnew\system\CodeIgniter.php(419): CodeIgniter\CodeIgniter->runController(Object(App\Controllers\Pengguna))
#3 C:\laragon\www\sikapnew\system\CodeIgniter.php(326): CodeIgniter\CodeIgniter->handleRequest(NULL, Object(Config\Cache), false)
#4 C:\laragon\www\sikapnew\public\index.php(37): CodeIgniter\CodeIgniter->run()
#5 C:\laragon\www\sikapnew\system\Commands\Server\rewrite.php(43): require_once('C:\\laragon\\www\\...')
#6 {main}
CRITICAL - 2023-03-20 02:13:42 --> Too few arguments to function App\Models\PenggunaModel::pilih_kapal(), 0 passed in C:\laragon\www\sikapnew\app\Controllers\Pengguna.php on line 85 and exactly 1 expected
#0 C:\laragon\www\sikapnew\app\Controllers\Pengguna.php(85): App\Models\PenggunaModel->pilih_kapal()
#1 C:\laragon\www\sikapnew\system\CodeIgniter.php(832): App\Controllers\Pengguna->edit('1')
#2 C:\laragon\www\sikapnew\system\CodeIgniter.php(419): CodeIgniter\CodeIgniter->runController(Object(App\Controllers\Pengguna))
#3 C:\laragon\www\sikapnew\system\CodeIgniter.php(326): CodeIgniter\CodeIgniter->handleRequest(NULL, Object(Config\Cache), false)
#4 C:\laragon\www\sikapnew\public\index.php(37): CodeIgniter\CodeIgniter->run()
#5 C:\laragon\www\sikapnew\system\Commands\Server\rewrite.php(43): require_once('C:\\laragon\\www\\...')
#6 {main}
CRITICAL - 2023-03-20 02:14:16 --> Too few arguments to function App\Models\PenggunaModel::pilih_kapal(), 0 passed in C:\laragon\www\sikapnew\app\Controllers\Pengguna.php on line 85 and exactly 1 expected
#0 C:\laragon\www\sikapnew\app\Controllers\Pengguna.php(85): App\Models\PenggunaModel->pilih_kapal()
#1 C:\laragon\www\sikapnew\system\CodeIgniter.php(832): App\Controllers\Pengguna->edit('1')
#2 C:\laragon\www\sikapnew\system\CodeIgniter.php(419): CodeIgniter\CodeIgniter->runController(Object(App\Controllers\Pengguna))
#3 C:\laragon\www\sikapnew\system\CodeIgniter.php(326): CodeIgniter\CodeIgniter->handleRequest(NULL, Object(Config\Cache), false)
#4 C:\laragon\www\sikapnew\public\index.php(37): CodeIgniter\CodeIgniter->run()
#5 C:\laragon\www\sikapnew\system\Commands\Server\rewrite.php(43): require_once('C:\\laragon\\www\\...')
#6 {main}
CRITICAL - 2023-03-20 02:25:49 --> Too few arguments to function App\Models\PenggunaModel::pilih_kapal(), 0 passed in C:\laragon\www\sikapnew\app\Controllers\Pengguna.php on line 85 and exactly 1 expected
#0 C:\laragon\www\sikapnew\app\Controllers\Pengguna.php(85): App\Models\PenggunaModel->pilih_kapal()
#1 C:\laragon\www\sikapnew\system\CodeIgniter.php(832): App\Controllers\Pengguna->edit('1')
#2 C:\laragon\www\sikapnew\system\CodeIgniter.php(419): CodeIgniter\CodeIgniter->runController(Object(App\Controllers\Pengguna))
#3 C:\laragon\www\sikapnew\system\CodeIgniter.php(326): CodeIgniter\CodeIgniter->handleRequest(NULL, Object(Config\Cache), false)
#4 C:\laragon\www\sikapnew\public\index.php(37): CodeIgniter\CodeIgniter->run()
#5 C:\laragon\www\sikapnew\system\Commands\Server\rewrite.php(43): require_once('C:\\laragon\\www\\...')
#6 {main}
CRITICAL - 2023-03-20 02:26:10 --> Trying to access array offset on value of type null
#0 C:\laragon\www\sikapnew\app\Views\pengguna\edit.php(62): CodeIgniter\Debug\Exceptions->errorHandler(8, 'Trying to acces...', 'C:\\laragon\\www\\...', 62, Array)
#1 C:\laragon\www\sikapnew\system\View\View.php(210): include('C:\\laragon\\www\\...')
#2 C:\laragon\www\sikapnew\system\View\View.php(213): CodeIgniter\View\View->CodeIgniter\View\{closure}()
#3 C:\laragon\www\sikapnew\system\Common.php(1089): CodeIgniter\View\View->render('pengguna/edit', Array, true)
#4 C:\laragon\www\sikapnew\app\Controllers\Pengguna.php(86): view('pengguna/edit', Array)
#5 C:\laragon\www\sikapnew\system\CodeIgniter.php(832): App\Controllers\Pengguna->edit('assets', 'images', 'users', 'avatar-3.jpg')
#6 C:\laragon\www\sikapnew\system\CodeIgniter.php(419): CodeIgniter\CodeIgniter->runController(Object(App\Controllers\Pengguna))
#7 C:\laragon\www\sikapnew\system\CodeIgniter.php(326): CodeIgniter\CodeIgniter->handleRequest(NULL, Object(Config\Cache), false)
#8 C:\laragon\www\sikapnew\public\index.php(37): CodeIgniter\CodeIgniter->run()
#9 C:\laragon\www\sikapnew\system\Commands\Server\rewrite.php(43): require_once('C:\\laragon\\www\\...')
#10 {main}
CRITICAL - 2023-03-20 02:27:29 --> Trying to access array offset on value of type null
#0 C:\laragon\www\sikapnew\app\Views\pengguna\edit.php(62): CodeIgniter\Debug\Exceptions->errorHandler(8, 'Trying to acces...', 'C:\\laragon\\www\\...', 62, Array)
#1 C:\laragon\www\sikapnew\system\View\View.php(210): include('C:\\laragon\\www\\...')
#2 C:\laragon\www\sikapnew\system\View\View.php(213): CodeIgniter\View\View->CodeIgniter\View\{closure}()
#3 C:\laragon\www\sikapnew\system\Common.php(1089): CodeIgniter\View\View->render('pengguna/edit', Array, true)
#4 C:\laragon\www\sikapnew\app\Controllers\Pengguna.php(86): view('pengguna/edit', Array)
#5 C:\laragon\www\sikapnew\system\CodeIgniter.php(832): App\Controllers\Pengguna->edit('assets', 'images', 'users', 'avatar-3.jpg')
#6 C:\laragon\www\sikapnew\system\CodeIgniter.php(419): CodeIgniter\CodeIgniter->runController(Object(App\Controllers\Pengguna))
#7 C:\laragon\www\sikapnew\system\CodeIgniter.php(326): CodeIgniter\CodeIgniter->handleRequest(NULL, Object(Config\Cache), false)
#8 C:\laragon\www\sikapnew\public\index.php(37): CodeIgniter\CodeIgniter->run()
#9 C:\laragon\www\sikapnew\system\Commands\Server\rewrite.php(43): require_once('C:\\laragon\\www\\...')
#10 {main}
CRITICAL - 2023-03-20 02:33:07 --> Too few arguments to function App\Models\PenggunaModel::pilih_kapal(), 0 passed in C:\laragon\www\sikapnew\app\Controllers\Pengguna.php on line 85 and exactly 1 expected
#0 C:\laragon\www\sikapnew\app\Controllers\Pengguna.php(85): App\Models\PenggunaModel->pilih_kapal()
#1 C:\laragon\www\sikapnew\system\CodeIgniter.php(832): App\Controllers\Pengguna->edit('1')
#2 C:\laragon\www\sikapnew\system\CodeIgniter.php(419): CodeIgniter\CodeIgniter->runController(Object(App\Controllers\Pengguna))
#3 C:\laragon\www\sikapnew\system\CodeIgniter.php(326): CodeIgniter\CodeIgniter->handleRequest(NULL, Object(Config\Cache), false)
#4 C:\laragon\www\sikapnew\public\index.php(37): CodeIgniter\CodeIgniter->run()
#5 C:\laragon\www\sikapnew\system\Commands\Server\rewrite.php(43): require_once('C:\\laragon\\www\\...')
#6 {main}
CRITICAL - 2023-03-20 04:36:44 --> syntax error, unexpected end of file
#0 C:\laragon\www\sikapnew\system\View\View.php(213): CodeIgniter\View\View->CodeIgniter\View\{closure}()
#1 C:\laragon\www\sikapnew\system\Common.php(1089): CodeIgniter\View\View->render('pengguna/edit', Array, true)
#2 C:\laragon\www\sikapnew\app\Controllers\Pengguna.php(84): view('pengguna/edit', Array)
#3 C:\laragon\www\sikapnew\system\CodeIgniter.php(832): App\Controllers\Pengguna->edit('1')
#4 C:\laragon\www\sikapnew\system\CodeIgniter.php(419): CodeIgniter\CodeIgniter->runController(Object(App\Controllers\Pengguna))
#5 C:\laragon\www\sikapnew\system\CodeIgniter.php(326): CodeIgniter\CodeIgniter->handleRequest(NULL, Object(Config\Cache), false)
#6 C:\laragon\www\sikapnew\public\index.php(37): CodeIgniter\CodeIgniter->run()
#7 C:\laragon\www\sikapnew\system\Commands\Server\rewrite.php(43): require_once('C:\\laragon\\www\\...')
#8 {main}
CRITICAL - 2023-03-20 04:37:06 --> Undefined index: status_pengurus==1
#0 C:\laragon\www\sikapnew\app\Views\pengguna\edit.php(115): CodeIgniter\Debug\Exceptions->errorHandler(8, 'Undefined index...', 'C:\\laragon\\www\\...', 115, Array)
#1 C:\laragon\www\sikapnew\system\View\View.php(210): include('C:\\laragon\\www\\...')
#2 C:\laragon\www\sikapnew\system\View\View.php(213): CodeIgniter\View\View->CodeIgniter\View\{closure}()
#3 C:\laragon\www\sikapnew\system\Common.php(1089): CodeIgniter\View\View->render('pengguna/edit', Array, true)
#4 C:\laragon\www\sikapnew\app\Controllers\Pengguna.php(84): view('pengguna/edit', Array)
#5 C:\laragon\www\sikapnew\system\CodeIgniter.php(832): App\Controllers\Pengguna->edit('1')
#6 C:\laragon\www\sikapnew\system\CodeIgniter.php(419): CodeIgniter\CodeIgniter->runController(Object(App\Controllers\Pengguna))
#7 C:\laragon\www\sikapnew\system\CodeIgniter.php(326): CodeIgniter\CodeIgniter->handleRequest(NULL, Object(Config\Cache), false)
#8 C:\laragon\www\sikapnew\public\index.php(37): CodeIgniter\CodeIgniter->run()
#9 C:\laragon\www\sikapnew\system\Commands\Server\rewrite.php(43): require_once('C:\\laragon\\www\\...')
#10 {main}
CRITICAL - 2023-03-20 05:35:03 --> A non-numeric value encountered
#0 C:\laragon\www\sikapnew\app\Views\pengguna\edit.php(107): CodeIgniter\Debug\Exceptions->errorHandler(2, 'A non-numeric v...', 'C:\\laragon\\www\\...', 107, Array)
#1 C:\laragon\www\sikapnew\system\View\View.php(210): include('C:\\laragon\\www\\...')
#2 C:\laragon\www\sikapnew\system\View\View.php(213): CodeIgniter\View\View->CodeIgniter\View\{closure}()
#3 C:\laragon\www\sikapnew\system\Common.php(1089): CodeIgniter\View\View->render('pengguna/edit', Array, true)
#4 C:\laragon\www\sikapnew\app\Controllers\Pengguna.php(84): view('pengguna/edit', Array)
#5 C:\laragon\www\sikapnew\system\CodeIgniter.php(832): App\Controllers\Pengguna->edit('3')
#6 C:\laragon\www\sikapnew\system\CodeIgniter.php(419): CodeIgniter\CodeIgniter->runController(Object(App\Controllers\Pengguna))
#7 C:\laragon\www\sikapnew\system\CodeIgniter.php(326): CodeIgniter\CodeIgniter->handleRequest(NULL, Object(Config\Cache), false)
#8 C:\laragon\www\sikapnew\public\index.php(37): CodeIgniter\CodeIgniter->run()
#9 C:\laragon\www\sikapnew\system\Commands\Server\rewrite.php(43): require_once('C:\\laragon\\www\\...')
#10 {main}
CRITICAL - 2023-03-20 05:37:47 --> Too few arguments to function App\Controllers\Pengguna::edit(), 0 passed in C:\laragon\www\sikapnew\system\CodeIgniter.php on line 832 and exactly 1 expected
#0 C:\laragon\www\sikapnew\system\CodeIgniter.php(832): App\Controllers\Pengguna->edit()
#1 C:\laragon\www\sikapnew\system\CodeIgniter.php(419): CodeIgniter\CodeIgniter->runController(Object(App\Controllers\Pengguna))
#2 C:\laragon\www\sikapnew\system\CodeIgniter.php(326): CodeIgniter\CodeIgniter->handleRequest(NULL, Object(Config\Cache), false)
#3 C:\laragon\www\sikapnew\public\index.php(37): CodeIgniter\CodeIgniter->run()
#4 C:\laragon\www\sikapnew\system\Commands\Server\rewrite.php(43): require_once('C:\\laragon\\www\\...')
#5 {main}
CRITICAL - 2023-03-20 05:38:18 --> Undefined index: id_kapal
#0 C:\laragon\www\sikapnew\app\Views\pengguna\edit.php(107): CodeIgniter\Debug\Exceptions->errorHandler(8, 'Undefined index...', 'C:\\laragon\\www\\...', 107, Array)
#1 C:\laragon\www\sikapnew\system\View\View.php(210): include('C:\\laragon\\www\\...')
#2 C:\laragon\www\sikapnew\system\View\View.php(213): CodeIgniter\View\View->CodeIgniter\View\{closure}()
#3 C:\laragon\www\sikapnew\system\Common.php(1089): CodeIgniter\View\View->render('pengguna/edit', Array, true)
#4 C:\laragon\www\sikapnew\app\Controllers\Pengguna.php(84): view('pengguna/edit', Array)
#5 C:\laragon\www\sikapnew\system\CodeIgniter.php(832): App\Controllers\Pengguna->edit('3')
#6 C:\laragon\www\sikapnew\system\CodeIgniter.php(419): CodeIgniter\CodeIgniter->runController(Object(App\Controllers\Pengguna))
#7 C:\laragon\www\sikapnew\system\CodeIgniter.php(326): CodeIgniter\CodeIgniter->handleRequest(NULL, Object(Config\Cache), false)
#8 C:\laragon\www\sikapnew\public\index.php(37): CodeIgniter\CodeIgniter->run()
#9 C:\laragon\www\sikapnew\system\Commands\Server\rewrite.php(43): require_once('C:\\laragon\\www\\...')
#10 {main}
CRITICAL - 2023-03-20 05:38:43 --> Undefined variable: id
#0 C:\laragon\www\sikapnew\app\Views\pengguna\edit.php(107): CodeIgniter\Debug\Exceptions->errorHandler(8, 'Undefined varia...', 'C:\\laragon\\www\\...', 107, Array)
#1 C:\laragon\www\sikapnew\system\View\View.php(210): include('C:\\laragon\\www\\...')
#2 C:\laragon\www\sikapnew\system\View\View.php(213): CodeIgniter\View\View->CodeIgniter\View\{closure}()
#3 C:\laragon\www\sikapnew\system\Common.php(1089): CodeIgniter\View\View->render('pengguna/edit', Array, true)
#4 C:\laragon\www\sikapnew\app\Controllers\Pengguna.php(84): view('pengguna/edit', Array)
#5 C:\laragon\www\sikapnew\system\CodeIgniter.php(832): App\Controllers\Pengguna->edit('3')
#6 C:\laragon\www\sikapnew\system\CodeIgniter.php(419): CodeIgniter\CodeIgniter->runController(Object(App\Controllers\Pengguna))
#7 C:\laragon\www\sikapnew\system\CodeIgniter.php(326): CodeIgniter\CodeIgniter->handleRequest(NULL, Object(Config\Cache), false)
#8 C:\laragon\www\sikapnew\public\index.php(37): CodeIgniter\CodeIgniter->run()
#9 C:\laragon\www\sikapnew\system\Commands\Server\rewrite.php(43): require_once('C:\\laragon\\www\\...')
#10 {main}
CRITICAL - 2023-03-20 05:38:46 --> Undefined variable: id
#0 C:\laragon\www\sikapnew\app\Views\pengguna\edit.php(107): CodeIgniter\Debug\Exceptions->errorHandler(8, 'Undefined varia...', 'C:\\laragon\\www\\...', 107, Array)
#1 C:\laragon\www\sikapnew\system\View\View.php(210): include('C:\\laragon\\www\\...')
#2 C:\laragon\www\sikapnew\system\View\View.php(213): CodeIgniter\View\View->CodeIgniter\View\{closure}()
#3 C:\laragon\www\sikapnew\system\Common.php(1089): CodeIgniter\View\View->render('pengguna/edit', Array, true)
#4 C:\laragon\www\sikapnew\app\Controllers\Pengguna.php(84): view('pengguna/edit', Array)
#5 C:\laragon\www\sikapnew\system\CodeIgniter.php(832): App\Controllers\Pengguna->edit('3')
#6 C:\laragon\www\sikapnew\system\CodeIgniter.php(419): CodeIgniter\CodeIgniter->runController(Object(App\Controllers\Pengguna))
#7 C:\laragon\www\sikapnew\system\CodeIgniter.php(326): CodeIgniter\CodeIgniter->handleRequest(NULL, Object(Config\Cache), false)
#8 C:\laragon\www\sikapnew\public\index.php(37): CodeIgniter\CodeIgniter->run()
#9 C:\laragon\www\sikapnew\system\Commands\Server\rewrite.php(43): require_once('C:\\laragon\\www\\...')
#10 {main}
