CRITICAL - 2022-08-25 03:23:22 --> Trying to access array offset on value of type null
#0 C:\laragon\www\sikapnew\app\Views\pengguna-edit.php(41): CodeIgniter\Debug\Exceptions->errorHandler(8, 'Trying to acces...', 'C:\\laragon\\www\\...', 41, Array)
#1 C:\laragon\www\sikapnew\system\View\View.php(210): include('C:\\laragon\\www\\...')
#2 C:\laragon\www\sikapnew\system\View\View.php(213): CodeIgniter\View\View->CodeIgniter\View\{closure}()
#3 C:\laragon\www\sikapnew\system\Common.php(1089): CodeIgniter\View\View->render('pengguna-edit', Array, true)
#4 C:\laragon\www\sikapnew\app\Controllers\User.php(111): view('pengguna-edit', Array)
#5 C:\laragon\www\sikapnew\system\CodeIgniter.php(832): App\Controllers\User->edit('assets', 'images', 'logo-head.png')
#6 C:\laragon\www\sikapnew\system\CodeIgniter.php(419): CodeIgniter\CodeIgniter->runController(Object(App\Controllers\User))
#7 C:\laragon\www\sikapnew\system\CodeIgniter.php(326): CodeIgniter\CodeIgniter->handleRequest(NULL, Object(Config\Cache), false)
#8 C:\laragon\www\sikapnew\public\index.php(37): CodeIgniter\CodeIgniter->run()
#9 C:\laragon\www\sikapnew\system\Commands\Server\rewrite.php(43): require_once('C:\\laragon\\www\\...')
#10 {main}
CRITICAL - 2022-08-25 03:23:22 --> Trying to access array offset on value of type null
#0 C:\laragon\www\sikapnew\app\Views\pengguna-edit.php(41): CodeIgniter\Debug\Exceptions->errorHandler(8, 'Trying to acces...', 'C:\\laragon\\www\\...', 41, Array)
#1 C:\laragon\www\sikapnew\system\View\View.php(210): include('C:\\laragon\\www\\...')
#2 C:\laragon\www\sikapnew\system\View\View.php(213): CodeIgniter\View\View->CodeIgniter\View\{closure}()
#3 C:\laragon\www\sikapnew\system\Common.php(1089): CodeIgniter\View\View->render('pengguna-edit', Array, true)
#4 C:\laragon\www\sikapnew\app\Controllers\User.php(111): view('pengguna-edit', Array)
#5 C:\laragon\www\sikapnew\system\CodeIgniter.php(832): App\Controllers\User->edit('assets', 'images', 'users', 'avatar-3.jpg')
#6 C:\laragon\www\sikapnew\system\CodeIgniter.php(419): CodeIgniter\CodeIgniter->runController(Object(App\Controllers\User))
#7 C:\laragon\www\sikapnew\system\CodeIgniter.php(326): CodeIgniter\CodeIgniter->handleRequest(NULL, Object(Config\Cache), false)
#8 C:\laragon\www\sikapnew\public\index.php(37): CodeIgniter\CodeIgniter->run()
#9 C:\laragon\www\sikapnew\system\Commands\Server\rewrite.php(43): require_once('C:\\laragon\\www\\...')
#10 {main}
CRITICAL - 2022-08-25 03:23:22 --> Trying to access array offset on value of type null
#0 C:\laragon\www\sikapnew\app\Views\pengguna-edit.php(41): CodeIgniter\Debug\Exceptions->errorHandler(8, 'Trying to acces...', 'C:\\laragon\\www\\...', 41, Array)
#1 C:\laragon\www\sikapnew\system\View\View.php(210): include('C:\\laragon\\www\\...')
#2 C:\laragon\www\sikapnew\system\View\View.php(213): CodeIgniter\View\View->CodeIgniter\View\{closure}()
#3 C:\laragon\www\sikapnew\system\Common.php(1089): CodeIgniter\View\View->render('pengguna-edit', Array, true)
#4 C:\laragon\www\sikapnew\app\Controllers\User.php(111): view('pengguna-edit', Array)
#5 C:\laragon\www\sikapnew\system\CodeIgniter.php(832): App\Controllers\User->edit('assets', 'images', 'users', 'avatar-6.jpg')
#6 C:\laragon\www\sikapnew\system\CodeIgniter.php(419): CodeIgniter\CodeIgniter->runController(Object(App\Controllers\User))
#7 C:\laragon\www\sikapnew\system\CodeIgniter.php(326): CodeIgniter\CodeIgniter->handleRequest(NULL, Object(Config\Cache), false)
#8 C:\laragon\www\sikapnew\public\index.php(37): CodeIgniter\CodeIgniter->run()
#9 C:\laragon\www\sikapnew\system\Commands\Server\rewrite.php(43): require_once('C:\\laragon\\www\\...')
#10 {main}
CRITICAL - 2022-08-25 05:22:28 --> Undefined index: tglawal
#0 C:\laragon\www\sikapnew\app\Controllers\Laporan.php(232): CodeIgniter\Debug\Exceptions->errorHandler(8, 'Undefined index...', 'C:\\laragon\\www\\...', 232, Array)
#1 C:\laragon\www\sikapnew\system\CodeIgniter.php(832): App\Controllers\Laporan->lap_jenis_ikan()
#2 C:\laragon\www\sikapnew\system\CodeIgniter.php(419): CodeIgniter\CodeIgniter->runController(Object(App\Controllers\Laporan))
#3 C:\laragon\www\sikapnew\system\CodeIgniter.php(326): CodeIgniter\CodeIgniter->handleRequest(NULL, Object(Config\Cache), false)
#4 C:\laragon\www\sikapnew\public\index.php(37): CodeIgniter\CodeIgniter->run()
#5 C:\laragon\www\sikapnew\system\Commands\Server\rewrite.php(43): require_once('C:\\laragon\\www\\...')
#6 {main}
CRITICAL - 2022-08-25 05:23:59 --> Undefined property: stdClass::$nama_ikann
#0 C:\laragon\www\sikapnew\app\Controllers\Laporan.php(247): CodeIgniter\Debug\Exceptions->errorHandler(8, 'Undefined prope...', 'C:\\laragon\\www\\...', 247, Array)
#1 C:\laragon\www\sikapnew\system\CodeIgniter.php(832): App\Controllers\Laporan->lap_jenis_ikan()
#2 C:\laragon\www\sikapnew\system\CodeIgniter.php(419): CodeIgniter\CodeIgniter->runController(Object(App\Controllers\Laporan))
#3 C:\laragon\www\sikapnew\system\CodeIgniter.php(326): CodeIgniter\CodeIgniter->handleRequest(NULL, Object(Config\Cache), false)
#4 C:\laragon\www\sikapnew\public\index.php(37): CodeIgniter\CodeIgniter->run()
#5 C:\laragon\www\sikapnew\system\Commands\Server\rewrite.php(43): require_once('C:\\laragon\\www\\...')
#6 {main}
