CRITICAL - 2023-02-02 02:31:06 --> Call to undefined method App\Models\TangkahanModel::getPosisi2
#0 C:\laragon\www\sikapnew\app\Controllers\Posisi.php(12): CodeIgniter\Model->__call('getPosisi2', Array)
#1 C:\laragon\www\sikapnew\system\CodeIgniter.php(832): App\Controllers\Posisi->index()
#2 C:\laragon\www\sikapnew\system\CodeIgniter.php(419): CodeIgniter\CodeIgniter->runController(Object(App\Controllers\Posisi))
#3 C:\laragon\www\sikapnew\system\CodeIgniter.php(326): CodeIgniter\CodeIgniter->handleRequest(NULL, Object(Config\Cache), false)
#4 C:\laragon\www\sikapnew\public\index.php(37): CodeIgniter\CodeIgniter->run()
#5 C:\laragon\www\sikapnew\system\Commands\Server\rewrite.php(43): require_once('C:\\laragon\\www\\...')
#6 {main}
CRITICAL - 2023-02-02 02:31:36 --> Call to undefined method App\Models\TangkahanModel::getPosisi2
#0 C:\laragon\www\sikapnew\app\Controllers\Posisi.php(12): CodeIgniter\Model->__call('getPosisi2', Array)
#1 C:\laragon\www\sikapnew\system\CodeIgniter.php(832): App\Controllers\Posisi->index()
#2 C:\laragon\www\sikapnew\system\CodeIgniter.php(419): CodeIgniter\CodeIgniter->runController(Object(App\Controllers\Posisi))
#3 C:\laragon\www\sikapnew\system\CodeIgniter.php(326): CodeIgniter\CodeIgniter->handleRequest(NULL, Object(Config\Cache), false)
#4 C:\laragon\www\sikapnew\public\index.php(37): CodeIgniter\CodeIgniter->run()
#5 C:\laragon\www\sikapnew\system\Commands\Server\rewrite.php(43): require_once('C:\\laragon\\www\\...')
#6 {main}
CRITICAL - 2023-02-02 02:31:55 --> Call to undefined method App\Models\TangkahanModel::getPosisi2
#0 C:\laragon\www\sikapnew\app\Controllers\Posisi.php(12): CodeIgniter\Model->__call('getPosisi2', Array)
#1 C:\laragon\www\sikapnew\system\CodeIgniter.php(832): App\Controllers\Posisi->index()
#2 C:\laragon\www\sikapnew\system\CodeIgniter.php(419): CodeIgniter\CodeIgniter->runController(Object(App\Controllers\Posisi))
#3 C:\laragon\www\sikapnew\system\CodeIgniter.php(326): CodeIgniter\CodeIgniter->handleRequest(NULL, Object(Config\Cache), false)
#4 C:\laragon\www\sikapnew\public\index.php(37): CodeIgniter\CodeIgniter->run()
#5 C:\laragon\www\sikapnew\system\Commands\Server\rewrite.php(43): require_once('C:\\laragon\\www\\...')
#6 {main}
CRITICAL - 2023-02-02 21:18:49 --> Trying to access array offset on value of type null
#0 C:\laragon\www\sikapnew\app\Views\kapal\edit.php(41): CodeIgniter\Debug\Exceptions->errorHandler(8, 'Trying to acces...', 'C:\\laragon\\www\\...', 41, Array)
#1 C:\laragon\www\sikapnew\system\View\View.php(210): include('C:\\laragon\\www\\...')
#2 C:\laragon\www\sikapnew\system\View\View.php(213): CodeIgniter\View\View->CodeIgniter\View\{closure}()
#3 C:\laragon\www\sikapnew\system\Common.php(1089): CodeIgniter\View\View->render('kapal/edit', Array, true)
#4 C:\laragon\www\sikapnew\app\Controllers\Kapal.php(85): view('kapal/edit', Array)
#5 C:\laragon\www\sikapnew\system\CodeIgniter.php(832): App\Controllers\Kapal->edit('assets', 'images', 'logo-head.png')
#6 C:\laragon\www\sikapnew\system\CodeIgniter.php(419): CodeIgniter\CodeIgniter->runController(Object(App\Controllers\Kapal))
#7 C:\laragon\www\sikapnew\system\CodeIgniter.php(326): CodeIgniter\CodeIgniter->handleRequest(NULL, Object(Config\Cache), false)
#8 C:\laragon\www\sikapnew\public\index.php(37): CodeIgniter\CodeIgniter->run()
#9 C:\laragon\www\sikapnew\system\Commands\Server\rewrite.php(43): require_once('C:\\laragon\\www\\...')
#10 {main}
CRITICAL - 2023-02-02 21:18:49 --> Trying to access array offset on value of type null
#0 C:\laragon\www\sikapnew\app\Views\kapal\edit.php(41): CodeIgniter\Debug\Exceptions->errorHandler(8, 'Trying to acces...', 'C:\\laragon\\www\\...', 41, Array)
#1 C:\laragon\www\sikapnew\system\View\View.php(210): include('C:\\laragon\\www\\...')
#2 C:\laragon\www\sikapnew\system\View\View.php(213): CodeIgniter\View\View->CodeIgniter\View\{closure}()
#3 C:\laragon\www\sikapnew\system\Common.php(1089): CodeIgniter\View\View->render('kapal/edit', Array, true)
#4 C:\laragon\www\sikapnew\app\Controllers\Kapal.php(85): view('kapal/edit', Array)
#5 C:\laragon\www\sikapnew\system\CodeIgniter.php(832): App\Controllers\Kapal->edit('assets', 'images', 'user-manual-ico...')
#6 C:\laragon\www\sikapnew\system\CodeIgniter.php(419): CodeIgniter\CodeIgniter->runController(Object(App\Controllers\Kapal))
#7 C:\laragon\www\sikapnew\system\CodeIgniter.php(326): CodeIgniter\CodeIgniter->handleRequest(NULL, Object(Config\Cache), false)
#8 C:\laragon\www\sikapnew\public\index.php(37): CodeIgniter\CodeIgniter->run()
#9 C:\laragon\www\sikapnew\system\Commands\Server\rewrite.php(43): require_once('C:\\laragon\\www\\...')
#10 {main}
CRITICAL - 2023-02-02 21:27:37 --> Trying to access array offset on value of type null
#0 C:\laragon\www\sikapnew\app\Views\ikan\edit.php(42): CodeIgniter\Debug\Exceptions->errorHandler(8, 'Trying to acces...', 'C:\\laragon\\www\\...', 42, Array)
#1 C:\laragon\www\sikapnew\system\View\View.php(210): include('C:\\laragon\\www\\...')
#2 C:\laragon\www\sikapnew\system\View\View.php(213): CodeIgniter\View\View->CodeIgniter\View\{closure}()
#3 C:\laragon\www\sikapnew\system\Common.php(1089): CodeIgniter\View\View->render('ikan/edit', Array, true)
#4 C:\laragon\www\sikapnew\app\Controllers\Ikan.php(82): view('ikan/edit', Array)
#5 C:\laragon\www\sikapnew\system\CodeIgniter.php(832): App\Controllers\Ikan->edit('assets', 'images', 'logo-head.png')
#6 C:\laragon\www\sikapnew\system\CodeIgniter.php(419): CodeIgniter\CodeIgniter->runController(Object(App\Controllers\Ikan))
#7 C:\laragon\www\sikapnew\system\CodeIgniter.php(326): CodeIgniter\CodeIgniter->handleRequest(NULL, Object(Config\Cache), false)
#8 C:\laragon\www\sikapnew\public\index.php(37): CodeIgniter\CodeIgniter->run()
#9 C:\laragon\www\sikapnew\system\Commands\Server\rewrite.php(43): require_once('C:\\laragon\\www\\...')
#10 {main}
CRITICAL - 2023-02-02 21:27:37 --> Trying to access array offset on value of type null
#0 C:\laragon\www\sikapnew\app\Views\ikan\edit.php(42): CodeIgniter\Debug\Exceptions->errorHandler(8, 'Trying to acces...', 'C:\\laragon\\www\\...', 42, Array)
#1 C:\laragon\www\sikapnew\system\View\View.php(210): include('C:\\laragon\\www\\...')
#2 C:\laragon\www\sikapnew\system\View\View.php(213): CodeIgniter\View\View->CodeIgniter\View\{closure}()
#3 C:\laragon\www\sikapnew\system\Common.php(1089): CodeIgniter\View\View->render('ikan/edit', Array, true)
#4 C:\laragon\www\sikapnew\app\Controllers\Ikan.php(82): view('ikan/edit', Array)
#5 C:\laragon\www\sikapnew\system\CodeIgniter.php(832): App\Controllers\Ikan->edit('assets', 'images', 'user-manual-ico...')
#6 C:\laragon\www\sikapnew\system\CodeIgniter.php(419): CodeIgniter\CodeIgniter->runController(Object(App\Controllers\Ikan))
#7 C:\laragon\www\sikapnew\system\CodeIgniter.php(326): CodeIgniter\CodeIgniter->handleRequest(NULL, Object(Config\Cache), false)
#8 C:\laragon\www\sikapnew\public\index.php(37): CodeIgniter\CodeIgniter->run()
#9 C:\laragon\www\sikapnew\system\Commands\Server\rewrite.php(43): require_once('C:\\laragon\\www\\...')
#10 {main}
CRITICAL - 2023-02-02 21:36:20 --> Trying to access array offset on value of type null
#0 C:\laragon\www\sikapnew\app\Views\tangkahan\edit.php(42): CodeIgniter\Debug\Exceptions->errorHandler(8, 'Trying to acces...', 'C:\\laragon\\www\\...', 42, Array)
#1 C:\laragon\www\sikapnew\system\View\View.php(210): include('C:\\laragon\\www\\...')
#2 C:\laragon\www\sikapnew\system\View\View.php(213): CodeIgniter\View\View->CodeIgniter\View\{closure}()
#3 C:\laragon\www\sikapnew\system\Common.php(1089): CodeIgniter\View\View->render('tangkahan/edit', Array, true)
#4 C:\laragon\www\sikapnew\app\Controllers\Tangkahan.php(55): view('tangkahan/edit', Array)
#5 C:\laragon\www\sikapnew\system\CodeIgniter.php(832): App\Controllers\Tangkahan->edit('assets', 'images', 'logo-head.png')
#6 C:\laragon\www\sikapnew\system\CodeIgniter.php(419): CodeIgniter\CodeIgniter->runController(Object(App\Controllers\Tangkahan))
#7 C:\laragon\www\sikapnew\system\CodeIgniter.php(326): CodeIgniter\CodeIgniter->handleRequest(NULL, Object(Config\Cache), false)
#8 C:\laragon\www\sikapnew\public\index.php(37): CodeIgniter\CodeIgniter->run()
#9 C:\laragon\www\sikapnew\system\Commands\Server\rewrite.php(43): require_once('C:\\laragon\\www\\...')
#10 {main}
CRITICAL - 2023-02-02 21:36:20 --> Trying to access array offset on value of type null
#0 C:\laragon\www\sikapnew\app\Views\tangkahan\edit.php(42): CodeIgniter\Debug\Exceptions->errorHandler(8, 'Trying to acces...', 'C:\\laragon\\www\\...', 42, Array)
#1 C:\laragon\www\sikapnew\system\View\View.php(210): include('C:\\laragon\\www\\...')
#2 C:\laragon\www\sikapnew\system\View\View.php(213): CodeIgniter\View\View->CodeIgniter\View\{closure}()
#3 C:\laragon\www\sikapnew\system\Common.php(1089): CodeIgniter\View\View->render('tangkahan/edit', Array, true)
#4 C:\laragon\www\sikapnew\app\Controllers\Tangkahan.php(55): view('tangkahan/edit', Array)
#5 C:\laragon\www\sikapnew\system\CodeIgniter.php(832): App\Controllers\Tangkahan->edit('assets', 'images', 'user-manual-ico...')
#6 C:\laragon\www\sikapnew\system\CodeIgniter.php(419): CodeIgniter\CodeIgniter->runController(Object(App\Controllers\Tangkahan))
#7 C:\laragon\www\sikapnew\system\CodeIgniter.php(326): CodeIgniter\CodeIgniter->handleRequest(NULL, Object(Config\Cache), false)
#8 C:\laragon\www\sikapnew\public\index.php(37): CodeIgniter\CodeIgniter->run()
#9 C:\laragon\www\sikapnew\system\Commands\Server\rewrite.php(43): require_once('C:\\laragon\\www\\...')
#10 {main}
