CRITICAL - 2025-07-12 03:54:21 --> Trying to access array offset on null
#0 C:\laragon\www\samosir\app\Views\kapal\edit.php(41): CodeIgniter\Debug\Exceptions->errorHandler(2, 'Trying to acces...', 'C:\\laragon\\www\\...', 41)
#1 C:\laragon\www\samosir\system\View\View.php(210): include('C:\\laragon\\www\\...')
#2 C:\laragon\www\samosir\system\View\View.php(213): CodeIgniter\View\View->CodeIgniter\View\{closure}()
#3 C:\laragon\www\samosir\system\Common.php(1089): CodeIgniter\View\View->render('kapal/edit', Array, true)
#4 C:\laragon\www\samosir\app\Controllers\Kapal.php(121): view('kapal/edit', Array)
#5 C:\laragon\www\samosir\system\CodeIgniter.php(832): App\Controllers\Kapal->edit('assets', 'images', 'logo-head.png')
#6 C:\laragon\www\samosir\system\CodeIgniter.php(419): CodeIgniter\CodeIgniter->runController(Object(App\Controllers\Kapal))
#7 C:\laragon\www\samosir\system\CodeIgniter.php(326): CodeIgniter\CodeIgniter->handleRequest(NULL, Object(Config\Cache), false)
#8 C:\laragon\www\samosir\public\index.php(37): CodeIgniter\CodeIgniter->run()
#9 C:\laragon\www\samosir\system\Commands\Server\rewrite.php(43): require_once('C:\\laragon\\www\\...')
#10 {main}
CRITICAL - 2025-07-12 03:54:22 --> Trying to access array offset on null
#0 C:\laragon\www\samosir\app\Views\kapal\edit.php(41): CodeIgniter\Debug\Exceptions->errorHandler(2, 'Trying to acces...', 'C:\\laragon\\www\\...', 41)
#1 C:\laragon\www\samosir\system\View\View.php(210): include('C:\\laragon\\www\\...')
#2 C:\laragon\www\samosir\system\View\View.php(213): CodeIgniter\View\View->CodeIgniter\View\{closure}()
#3 C:\laragon\www\samosir\system\Common.php(1089): CodeIgniter\View\View->render('kapal/edit', Array, true)
#4 C:\laragon\www\samosir\app\Controllers\Kapal.php(121): view('kapal/edit', Array)
#5 C:\laragon\www\samosir\system\CodeIgniter.php(832): App\Controllers\Kapal->edit('assets', 'images', 'user-manual-ico...')
#6 C:\laragon\www\samosir\system\CodeIgniter.php(419): CodeIgniter\CodeIgniter->runController(Object(App\Controllers\Kapal))
#7 C:\laragon\www\samosir\system\CodeIgniter.php(326): CodeIgniter\CodeIgniter->handleRequest(NULL, Object(Config\Cache), false)
#8 C:\laragon\www\samosir\public\index.php(37): CodeIgniter\CodeIgniter->run()
#9 C:\laragon\www\samosir\system\Commands\Server\rewrite.php(43): require_once('C:\\laragon\\www\\...')
#10 {main}
CRITICAL - 2025-07-12 03:55:43 --> Trying to access array offset on null
#0 C:\laragon\www\samosir\app\Views\ikan\edit.php(42): CodeIgniter\Debug\Exceptions->errorHandler(2, 'Trying to acces...', 'C:\\laragon\\www\\...', 42)
#1 C:\laragon\www\samosir\system\View\View.php(210): include('C:\\laragon\\www\\...')
#2 C:\laragon\www\samosir\system\View\View.php(213): CodeIgniter\View\View->CodeIgniter\View\{closure}()
#3 C:\laragon\www\samosir\system\Common.php(1089): CodeIgniter\View\View->render('ikan/edit', Array, true)
#4 C:\laragon\www\samosir\app\Controllers\Ikan.php(87): view('ikan/edit', Array)
#5 C:\laragon\www\samosir\system\CodeIgniter.php(832): App\Controllers\Ikan->edit('assets', 'images', 'logo-head.png')
#6 C:\laragon\www\samosir\system\CodeIgniter.php(419): CodeIgniter\CodeIgniter->runController(Object(App\Controllers\Ikan))
#7 C:\laragon\www\samosir\system\CodeIgniter.php(326): CodeIgniter\CodeIgniter->handleRequest(NULL, Object(Config\Cache), false)
#8 C:\laragon\www\samosir\public\index.php(37): CodeIgniter\CodeIgniter->run()
#9 C:\laragon\www\samosir\system\Commands\Server\rewrite.php(43): require_once('C:\\laragon\\www\\...')
#10 {main}
CRITICAL - 2025-07-12 03:55:44 --> Trying to access array offset on null
#0 C:\laragon\www\samosir\app\Views\ikan\edit.php(42): CodeIgniter\Debug\Exceptions->errorHandler(2, 'Trying to acces...', 'C:\\laragon\\www\\...', 42)
#1 C:\laragon\www\samosir\system\View\View.php(210): include('C:\\laragon\\www\\...')
#2 C:\laragon\www\samosir\system\View\View.php(213): CodeIgniter\View\View->CodeIgniter\View\{closure}()
#3 C:\laragon\www\samosir\system\Common.php(1089): CodeIgniter\View\View->render('ikan/edit', Array, true)
#4 C:\laragon\www\samosir\app\Controllers\Ikan.php(87): view('ikan/edit', Array)
#5 C:\laragon\www\samosir\system\CodeIgniter.php(832): App\Controllers\Ikan->edit('assets', 'images', 'user-manual-ico...')
#6 C:\laragon\www\samosir\system\CodeIgniter.php(419): CodeIgniter\CodeIgniter->runController(Object(App\Controllers\Ikan))
#7 C:\laragon\www\samosir\system\CodeIgniter.php(326): CodeIgniter\CodeIgniter->handleRequest(NULL, Object(Config\Cache), false)
#8 C:\laragon\www\samosir\public\index.php(37): CodeIgniter\CodeIgniter->run()
#9 C:\laragon\www\samosir\system\Commands\Server\rewrite.php(43): require_once('C:\\laragon\\www\\...')
#10 {main}
CRITICAL - 2025-07-12 04:08:20 --> Using ${var} in strings is deprecated, use {$var} instead
#0 C:\laragon\www\samosir\system\Autoloader\Autoloader.php(264): CodeIgniter\Debug\Exceptions->errorHandler(8192, 'Using ${var} in...', 'C:\\laragon\\www\\...', 2508)
#1 C:\laragon\www\samosir\system\Autoloader\Autoloader.php(264): include_once()
#2 C:\laragon\www\samosir\system\Autoloader\Autoloader.php(200): CodeIgniter\Autoloader\Autoloader->includeFile('C:\\laragon\\www\\...')
#3 C:\laragon\www\samosir\vendor\dompdf\dompdf\src\Css\Stylesheet.php(180): CodeIgniter\Autoloader\Autoloader->loadClassmap('Dompdf\\Css\\Styl...')
#4 C:\laragon\www\samosir\vendor\dompdf\dompdf\src\Dompdf.php(302): Dompdf\Css\Stylesheet->__construct(Object(Dompdf\Dompdf))
#5 C:\laragon\www\samosir\app\Controllers\Bongkar.php(226): Dompdf\Dompdf->__construct()
#6 C:\laragon\www\samosir\system\CodeIgniter.php(832): App\Controllers\Bongkar->cetak('2462')
#7 C:\laragon\www\samosir\system\CodeIgniter.php(419): CodeIgniter\CodeIgniter->runController(Object(App\Controllers\Bongkar))
#8 C:\laragon\www\samosir\system\CodeIgniter.php(326): CodeIgniter\CodeIgniter->handleRequest(NULL, Object(Config\Cache), false)
#9 C:\laragon\www\samosir\public\index.php(37): CodeIgniter\CodeIgniter->run()
#10 C:\laragon\www\samosir\system\Commands\Server\rewrite.php(43): require_once('C:\\laragon\\www\\...')
#11 {main}
CRITICAL - 2025-07-12 04:15:46 --> Using ${var} in strings is deprecated, use {$var} instead
#0 C:\laragon\www\samosir\system\Autoloader\Autoloader.php(264): CodeIgniter\Debug\Exceptions->errorHandler(8192, 'Using ${var} in...', 'C:\\laragon\\www\\...', 2508)
#1 C:\laragon\www\samosir\system\Autoloader\Autoloader.php(264): include_once()
#2 C:\laragon\www\samosir\system\Autoloader\Autoloader.php(200): CodeIgniter\Autoloader\Autoloader->includeFile('C:\\laragon\\www\\...')
#3 C:\laragon\www\samosir\vendor\dompdf\dompdf\src\Css\Stylesheet.php(180): CodeIgniter\Autoloader\Autoloader->loadClassmap('Dompdf\\Css\\Styl...')
#4 C:\laragon\www\samosir\vendor\dompdf\dompdf\src\Dompdf.php(302): Dompdf\Css\Stylesheet->__construct(Object(Dompdf\Dompdf))
#5 C:\laragon\www\samosir\app\Controllers\Bongkar.php(226): Dompdf\Dompdf->__construct()
#6 C:\laragon\www\samosir\system\CodeIgniter.php(832): App\Controllers\Bongkar->cetak('2462')
#7 C:\laragon\www\samosir\system\CodeIgniter.php(419): CodeIgniter\CodeIgniter->runController(Object(App\Controllers\Bongkar))
#8 C:\laragon\www\samosir\system\CodeIgniter.php(326): CodeIgniter\CodeIgniter->handleRequest(NULL, Object(Config\Cache), false)
#9 C:\laragon\www\samosir\public\index.php(37): CodeIgniter\CodeIgniter->run()
#10 C:\laragon\www\samosir\system\Commands\Server\rewrite.php(43): require_once('C:\\laragon\\www\\...')
#11 {main}
CRITICAL - 2025-07-12 04:17:54 --> Using ${var} in strings is deprecated, use {$var} instead
#0 C:\laragon\www\samosir\system\Autoloader\Autoloader.php(264): CodeIgniter\Debug\Exceptions->errorHandler(8192, 'Using ${var} in...', 'C:\\laragon\\www\\...', 2508)
#1 C:\laragon\www\samosir\system\Autoloader\Autoloader.php(264): include_once()
#2 C:\laragon\www\samosir\system\Autoloader\Autoloader.php(200): CodeIgniter\Autoloader\Autoloader->includeFile('C:\\laragon\\www\\...')
#3 C:\laragon\www\samosir\vendor\dompdf\dompdf\src\Css\Stylesheet.php(180): CodeIgniter\Autoloader\Autoloader->loadClassmap('Dompdf\\Css\\Styl...')
#4 C:\laragon\www\samosir\vendor\dompdf\dompdf\src\Dompdf.php(302): Dompdf\Css\Stylesheet->__construct(Object(Dompdf\Dompdf))
#5 C:\laragon\www\samosir\app\Controllers\Bongkar.php(226): Dompdf\Dompdf->__construct()
#6 C:\laragon\www\samosir\system\CodeIgniter.php(832): App\Controllers\Bongkar->cetak('2462')
#7 C:\laragon\www\samosir\system\CodeIgniter.php(419): CodeIgniter\CodeIgniter->runController(Object(App\Controllers\Bongkar))
#8 C:\laragon\www\samosir\system\CodeIgniter.php(326): CodeIgniter\CodeIgniter->handleRequest(NULL, Object(Config\Cache), false)
#9 C:\laragon\www\samosir\public\index.php(37): CodeIgniter\CodeIgniter->run()
#10 C:\laragon\www\samosir\system\Commands\Server\rewrite.php(43): require_once('C:\\laragon\\www\\...')
#11 {main}
CRITICAL - 2025-07-12 04:29:18 --> Using ${var} in strings is deprecated, use {$var} instead
#0 C:\laragon\www\samosir\system\Autoloader\Autoloader.php(264): CodeIgniter\Debug\Exceptions->errorHandler(8192, 'Using ${var} in...', 'C:\\laragon\\www\\...', 2508)
#1 C:\laragon\www\samosir\system\Autoloader\Autoloader.php(264): include_once()
#2 C:\laragon\www\samosir\system\Autoloader\Autoloader.php(200): CodeIgniter\Autoloader\Autoloader->includeFile('C:\\laragon\\www\\...')
#3 C:\laragon\www\samosir\vendor\dompdf\dompdf\src\Css\Stylesheet.php(180): CodeIgniter\Autoloader\Autoloader->loadClassmap('Dompdf\\Css\\Styl...')
#4 C:\laragon\www\samosir\vendor\dompdf\dompdf\src\Dompdf.php(302): Dompdf\Css\Stylesheet->__construct(Object(Dompdf\Dompdf))
#5 C:\laragon\www\samosir\app\Controllers\Bongkar.php(226): Dompdf\Dompdf->__construct()
#6 C:\laragon\www\samosir\system\CodeIgniter.php(832): App\Controllers\Bongkar->cetak('2462')
#7 C:\laragon\www\samosir\system\CodeIgniter.php(419): CodeIgniter\CodeIgniter->runController(Object(App\Controllers\Bongkar))
#8 C:\laragon\www\samosir\system\CodeIgniter.php(326): CodeIgniter\CodeIgniter->handleRequest(NULL, Object(Config\Cache), false)
#9 C:\laragon\www\samosir\public\index.php(37): CodeIgniter\CodeIgniter->run()
#10 C:\laragon\www\samosir\system\Commands\Server\rewrite.php(43): require_once('C:\\laragon\\www\\...')
#11 {main}
CRITICAL - 2025-07-12 11:55:17 --> Call to undefined function CodeIgniter\locale_set_default()
#0 C:\laragon\www\samosir\system\bootstrap.php(146): CodeIgniter\CodeIgniter->initialize()
#1 C:\laragon\www\samosir\spark(45): require('C:\\laragon\\www\\...')
#2 {main}
CRITICAL - 2025-07-12 05:10:25 --> Using ${var} in strings is deprecated, use {$var} instead
#0 C:\laragon\www\samosir\system\Autoloader\Autoloader.php(264): CodeIgniter\Debug\Exceptions->errorHandler(8192, 'Using ${var} in...', 'C:\\laragon\\www\\...', 2508)
#1 C:\laragon\www\samosir\system\Autoloader\Autoloader.php(264): include_once()
#2 C:\laragon\www\samosir\system\Autoloader\Autoloader.php(200): CodeIgniter\Autoloader\Autoloader->includeFile('C:\\laragon\\www\\...')
#3 C:\laragon\www\samosir\vendor\dompdf\dompdf\src\Css\Stylesheet.php(180): CodeIgniter\Autoloader\Autoloader->loadClassmap('Dompdf\\Css\\Styl...')
#4 C:\laragon\www\samosir\vendor\dompdf\dompdf\src\Dompdf.php(302): Dompdf\Css\Stylesheet->__construct(Object(Dompdf\Dompdf))
#5 C:\laragon\www\samosir\app\Controllers\Bongkar.php(226): Dompdf\Dompdf->__construct()
#6 C:\laragon\www\samosir\system\CodeIgniter.php(832): App\Controllers\Bongkar->cetak('2462')
#7 C:\laragon\www\samosir\system\CodeIgniter.php(419): CodeIgniter\CodeIgniter->runController(Object(App\Controllers\Bongkar))
#8 C:\laragon\www\samosir\system\CodeIgniter.php(326): CodeIgniter\CodeIgniter->handleRequest(NULL, Object(Config\Cache), false)
#9 C:\laragon\www\samosir\public\index.php(37): CodeIgniter\CodeIgniter->run()
#10 C:\laragon\www\samosir\system\Commands\Server\rewrite.php(43): require_once('C:\\laragon\\www\\...')
#11 {main}
CRITICAL - 2025-07-12 05:23:36 --> Using ${var} in strings is deprecated, use {$var} instead
#0 C:\laragon\www\samosir\system\Autoloader\Autoloader.php(264): CodeIgniter\Debug\Exceptions->errorHandler(8192, 'Using ${var} in...', 'C:\\laragon\\www\\...', 2508)
#1 C:\laragon\www\samosir\system\Autoloader\Autoloader.php(264): include_once()
#2 C:\laragon\www\samosir\system\Autoloader\Autoloader.php(200): CodeIgniter\Autoloader\Autoloader->includeFile('C:\\laragon\\www\\...')
#3 C:\laragon\www\samosir\vendor\dompdf\dompdf\src\Css\Stylesheet.php(180): CodeIgniter\Autoloader\Autoloader->loadClassmap('Dompdf\\Css\\Styl...')
#4 C:\laragon\www\samosir\vendor\dompdf\dompdf\src\Dompdf.php(302): Dompdf\Css\Stylesheet->__construct(Object(Dompdf\Dompdf))
#5 C:\laragon\www\samosir\app\Controllers\Bongkar.php(226): Dompdf\Dompdf->__construct()
#6 C:\laragon\www\samosir\system\CodeIgniter.php(832): App\Controllers\Bongkar->cetak('2461')
#7 C:\laragon\www\samosir\system\CodeIgniter.php(419): CodeIgniter\CodeIgniter->runController(Object(App\Controllers\Bongkar))
#8 C:\laragon\www\samosir\system\CodeIgniter.php(326): CodeIgniter\CodeIgniter->handleRequest(NULL, Object(Config\Cache), false)
#9 C:\laragon\www\samosir\public\index.php(37): CodeIgniter\CodeIgniter->run()
#10 C:\laragon\www\samosir\system\Commands\Server\rewrite.php(43): require_once('C:\\laragon\\www\\...')
#11 {main}
CRITICAL - 2025-07-12 05:39:08 --> Trying to access array offset on value of type null
#0 C:\laragon\www\samosir\app\Views\uploadsurat\edit.php(42): CodeIgniter\Debug\Exceptions->errorHandler(2, 'Trying to acces...', 'C:\\laragon\\www\\...', 42)
#1 C:\laragon\www\samosir\system\View\View.php(210): include('C:\\laragon\\www\\...')
#2 C:\laragon\www\samosir\system\View\View.php(213): CodeIgniter\View\View->CodeIgniter\View\{closure}()
#3 C:\laragon\www\samosir\system\Common.php(1089): CodeIgniter\View\View->render('uploadsurat/edi...', Array, true)
#4 C:\laragon\www\samosir\app\Controllers\UploadSurat.php(116): view('uploadsurat/edi...', Array)
#5 C:\laragon\www\samosir\system\CodeIgniter.php(832): App\Controllers\UploadSurat->edit('assets', 'images', 'logo-head.png')
#6 C:\laragon\www\samosir\system\CodeIgniter.php(419): CodeIgniter\CodeIgniter->runController(Object(App\Controllers\UploadSurat))
#7 C:\laragon\www\samosir\system\CodeIgniter.php(326): CodeIgniter\CodeIgniter->handleRequest(NULL, Object(Config\Cache), false)
#8 C:\laragon\www\samosir\public\index.php(37): CodeIgniter\CodeIgniter->run()
#9 C:\laragon\www\samosir\system\Commands\Server\rewrite.php(43): require_once('C:\\laragon\\www\\...')
#10 {main}
CRITICAL - 2025-07-12 05:39:08 --> Trying to access array offset on value of type null
#0 C:\laragon\www\samosir\app\Views\uploadsurat\edit.php(42): CodeIgniter\Debug\Exceptions->errorHandler(2, 'Trying to acces...', 'C:\\laragon\\www\\...', 42)
#1 C:\laragon\www\samosir\system\View\View.php(210): include('C:\\laragon\\www\\...')
#2 C:\laragon\www\samosir\system\View\View.php(213): CodeIgniter\View\View->CodeIgniter\View\{closure}()
#3 C:\laragon\www\samosir\system\Common.php(1089): CodeIgniter\View\View->render('uploadsurat/edi...', Array, true)
#4 C:\laragon\www\samosir\app\Controllers\UploadSurat.php(116): view('uploadsurat/edi...', Array)
#5 C:\laragon\www\samosir\system\CodeIgniter.php(832): App\Controllers\UploadSurat->edit('assets', 'images', 'user-manual-ico...')
#6 C:\laragon\www\samosir\system\CodeIgniter.php(419): CodeIgniter\CodeIgniter->runController(Object(App\Controllers\UploadSurat))
#7 C:\laragon\www\samosir\system\CodeIgniter.php(326): CodeIgniter\CodeIgniter->handleRequest(NULL, Object(Config\Cache), false)
#8 C:\laragon\www\samosir\public\index.php(37): CodeIgniter\CodeIgniter->run()
#9 C:\laragon\www\samosir\system\Commands\Server\rewrite.php(43): require_once('C:\\laragon\\www\\...')
#10 {main}
CRITICAL - 2025-07-12 10:15:00 --> Class "App\Controllers\UploadSuratModel" not found
#0 C:\laragon\www\samosir\system\CodeIgniter.php(832): App\Controllers\JasaPeralatan->add()
#1 C:\laragon\www\samosir\system\CodeIgniter.php(419): CodeIgniter\CodeIgniter->runController(Object(App\Controllers\JasaPeralatan))
#2 C:\laragon\www\samosir\system\CodeIgniter.php(326): CodeIgniter\CodeIgniter->handleRequest(NULL, Object(Config\Cache), false)
#3 C:\laragon\www\samosir\public\index.php(37): CodeIgniter\CodeIgniter->run()
#4 C:\laragon\www\samosir\system\Commands\Server\rewrite.php(43): require_once('C:\\laragon\\www\\...')
#5 {main}
CRITICAL - 2025-07-12 10:16:11 --> Undefined variable $uploadsurat
#0 C:\laragon\www\samosir\app\Controllers\JasaPeralatan.php(49): CodeIgniter\Debug\Exceptions->errorHandler(2, 'Undefined varia...', 'C:\\laragon\\www\\...', 49)
#1 C:\laragon\www\samosir\system\CodeIgniter.php(832): App\Controllers\JasaPeralatan->add()
#2 C:\laragon\www\samosir\system\CodeIgniter.php(419): CodeIgniter\CodeIgniter->runController(Object(App\Controllers\JasaPeralatan))
#3 C:\laragon\www\samosir\system\CodeIgniter.php(326): CodeIgniter\CodeIgniter->handleRequest(NULL, Object(Config\Cache), false)
#4 C:\laragon\www\samosir\public\index.php(37): CodeIgniter\CodeIgniter->run()
#5 C:\laragon\www\samosir\system\Commands\Server\rewrite.php(43): require_once('C:\\laragon\\www\\...')
#6 {main}
CRITICAL - 2025-07-12 10:34:13 --> Undefined variable $ikan
#0 C:\laragon\www\samosir\app\Views\jasaperalatan\create.php(79): CodeIgniter\Debug\Exceptions->errorHandler(2, 'Undefined varia...', 'C:\\laragon\\www\\...', 79)
#1 C:\laragon\www\samosir\system\View\View.php(210): include('C:\\laragon\\www\\...')
#2 C:\laragon\www\samosir\system\View\View.php(213): CodeIgniter\View\View->CodeIgniter\View\{closure}()
#3 C:\laragon\www\samosir\system\Common.php(1089): CodeIgniter\View\View->render('jasaperalatan/c...', Array, true)
#4 C:\laragon\www\samosir\app\Controllers\JasaPeralatan.php(51): view('jasaperalatan/c...', Array)
#5 C:\laragon\www\samosir\system\CodeIgniter.php(832): App\Controllers\JasaPeralatan->add()
#6 C:\laragon\www\samosir\system\CodeIgniter.php(419): CodeIgniter\CodeIgniter->runController(Object(App\Controllers\JasaPeralatan))
#7 C:\laragon\www\samosir\system\CodeIgniter.php(326): CodeIgniter\CodeIgniter->handleRequest(NULL, Object(Config\Cache), false)
#8 C:\laragon\www\samosir\public\index.php(37): CodeIgniter\CodeIgniter->run()
#9 C:\laragon\www\samosir\system\Commands\Server\rewrite.php(43): require_once('C:\\laragon\\www\\...')
#10 {main}
CRITICAL - 2025-07-12 23:38:17 --> Undefined variable $ikan
#0 C:\laragon\www\samosir\app\Views\jasaperalatan\create.php(100): CodeIgniter\Debug\Exceptions->errorHandler(2, 'Undefined varia...', 'C:\\laragon\\www\\...', 100)
#1 C:\laragon\www\samosir\system\View\View.php(210): include('C:\\laragon\\www\\...')
#2 C:\laragon\www\samosir\system\View\View.php(213): CodeIgniter\View\View->CodeIgniter\View\{closure}()
#3 C:\laragon\www\samosir\system\Common.php(1089): CodeIgniter\View\View->render('jasaperalatan/c...', Array, true)
#4 C:\laragon\www\samosir\app\Controllers\JasaPeralatan.php(51): view('jasaperalatan/c...', Array)
#5 C:\laragon\www\samosir\system\CodeIgniter.php(832): App\Controllers\JasaPeralatan->add()
#6 C:\laragon\www\samosir\system\CodeIgniter.php(419): CodeIgniter\CodeIgniter->runController(Object(App\Controllers\JasaPeralatan))
#7 C:\laragon\www\samosir\system\CodeIgniter.php(326): CodeIgniter\CodeIgniter->handleRequest(NULL, Object(Config\Cache), false)
#8 C:\laragon\www\samosir\public\index.php(37): CodeIgniter\CodeIgniter->run()
#9 C:\laragon\www\samosir\system\Commands\Server\rewrite.php(43): require_once('C:\\laragon\\www\\...')
#10 {main}
