CRITICAL - 2023-06-16 02:31:22 --> Undefined property: stdClass::$id_kedatangan
#0 C:\laragon\www\sikapnew\app\Controllers\Olahgerak.php(33): CodeIgniter\Debug\Exceptions->errorHandler(8, 'Undefined prope...', 'C:\\laragon\\www\\...', 33, Array)
#1 C:\laragon\www\sikapnew\vendor\hermawan\codeigniter4-datatables\src\DataTableQuery.php(91): App\Controllers\Olahgerak->App\Controllers\{closure}(Object(stdClass))
#2 C:\laragon\www\sikapnew\vendor\hermawan\codeigniter4-datatables\src\DataTable.php(176): Hermawan\DataTables\DataTableQuery->getDataResult()
#3 C:\laragon\www\sikapnew\app\Controllers\Olahgerak.php(44): Hermawan\DataTables\DataTable->toJson()
#4 C:\laragon\www\sikapnew\system\CodeIgniter.php(832): App\Controllers\Olahgerak->ajax_olahgerak()
#5 C:\laragon\www\sikapnew\system\CodeIgniter.php(419): CodeIgniter\CodeIgniter->runController(Object(App\Controllers\Olahgerak))
#6 C:\laragon\www\sikapnew\system\CodeIgniter.php(326): CodeIgniter\CodeIgniter->handleRequest(NULL, Object(Config\Cache), false)
#7 C:\laragon\www\sikapnew\public\index.php(37): CodeIgniter\CodeIgniter->run()
#8 C:\laragon\www\sikapnew\system\Commands\Server\rewrite.php(43): require_once('C:\\laragon\\www\\...')
#9 {main}
CRITICAL - 2023-06-16 02:31:32 --> Undefined property: stdClass::$id_kedatangan
#0 C:\laragon\www\sikapnew\app\Controllers\Olahgerak.php(33): CodeIgniter\Debug\Exceptions->errorHandler(8, 'Undefined prope...', 'C:\\laragon\\www\\...', 33, Array)
#1 C:\laragon\www\sikapnew\vendor\hermawan\codeigniter4-datatables\src\DataTableQuery.php(91): App\Controllers\Olahgerak->App\Controllers\{closure}(Object(stdClass))
#2 C:\laragon\www\sikapnew\vendor\hermawan\codeigniter4-datatables\src\DataTable.php(176): Hermawan\DataTables\DataTableQuery->getDataResult()
#3 C:\laragon\www\sikapnew\app\Controllers\Olahgerak.php(44): Hermawan\DataTables\DataTable->toJson()
#4 C:\laragon\www\sikapnew\system\CodeIgniter.php(832): App\Controllers\Olahgerak->ajax_olahgerak()
#5 C:\laragon\www\sikapnew\system\CodeIgniter.php(419): CodeIgniter\CodeIgniter->runController(Object(App\Controllers\Olahgerak))
#6 C:\laragon\www\sikapnew\system\CodeIgniter.php(326): CodeIgniter\CodeIgniter->handleRequest(NULL, Object(Config\Cache), false)
#7 C:\laragon\www\sikapnew\public\index.php(37): CodeIgniter\CodeIgniter->run()
#8 C:\laragon\www\sikapnew\system\Commands\Server\rewrite.php(43): require_once('C:\\laragon\\www\\...')
#9 {main}
CRITICAL - 2023-06-16 02:49:22 --> date_format() expects parameter 1 to be DateTimeInterface, string given
#0 [internal function]: CodeIgniter\Debug\Exceptions->errorHandler(2, 'date_format() e...', 'C:\\laragon\\www\\...', 52, Array)
#1 C:\laragon\www\sikapnew\app\Views\bongkar\cetak.php(52): date_format('2023-06-13', 'd-M-Y')
#2 C:\laragon\www\sikapnew\system\View\View.php(210): include('C:\\laragon\\www\\...')
#3 C:\laragon\www\sikapnew\system\View\View.php(213): CodeIgniter\View\View->CodeIgniter\View\{closure}()
#4 C:\laragon\www\sikapnew\system\Common.php(1089): CodeIgniter\View\View->render('bongkar/cetak', Array, true)
#5 C:\laragon\www\sikapnew\app\Controllers\Bongkar.php(229): view('bongkar/cetak', Array)
#6 C:\laragon\www\sikapnew\system\CodeIgniter.php(832): App\Controllers\Bongkar->cetak('55')
#7 C:\laragon\www\sikapnew\system\CodeIgniter.php(419): CodeIgniter\CodeIgniter->runController(Object(App\Controllers\Bongkar))
#8 C:\laragon\www\sikapnew\system\CodeIgniter.php(326): CodeIgniter\CodeIgniter->handleRequest(NULL, Object(Config\Cache), false)
#9 C:\laragon\www\sikapnew\public\index.php(37): CodeIgniter\CodeIgniter->run()
#10 C:\laragon\www\sikapnew\system\Commands\Server\rewrite.php(43): require_once('C:\\laragon\\www\\...')
#11 {main}
CRITICAL - 2023-06-16 02:55:25 --> getimagesize(C:\laragon\www\sikapnew\public/images/tandatangan/): failed to open stream: No such file or directory
#0 [internal function]: CodeIgniter\Debug\Exceptions->errorHandler(2, 'getimagesize(C:...', 'C:\\laragon\\www\\...', 627, Array)
#1 C:\laragon\www\sikapnew\vendor\dompdf\dompdf\src\Helpers.php(627): getimagesize('C:\\laragon\\www\\...')
#2 C:\laragon\www\sikapnew\vendor\dompdf\dompdf\src\Image\Cache.php(133): Dompdf\Helpers::dompdf_getimagesize('C:\\laragon\\www\\...', NULL)
#3 C:\laragon\www\sikapnew\vendor\dompdf\dompdf\src\FrameDecorator\Image.php(55): Dompdf\Image\Cache::resolve_url('images/tandatan...', '', '', '', Object(Dompdf\Dompdf))
#4 C:\laragon\www\sikapnew\vendor\dompdf\dompdf\src\Frame\Factory.php(223): Dompdf\FrameDecorator\Image->__construct(Object(Dompdf\Frame), Object(Dompdf\Dompdf))
#5 C:\laragon\www\sikapnew\vendor\dompdf\dompdf\src\Dompdf.php(804): Dompdf\Frame\Factory::decorate_frame(Object(Dompdf\Frame), Object(Dompdf\Dompdf), Object(Dompdf\FrameDecorator\Page))
#6 C:\laragon\www\sikapnew\app\Controllers\Bongkar.php(235): Dompdf\Dompdf->render()
#7 C:\laragon\www\sikapnew\system\CodeIgniter.php(832): App\Controllers\Bongkar->cetak('51')
#8 C:\laragon\www\sikapnew\system\CodeIgniter.php(419): CodeIgniter\CodeIgniter->runController(Object(App\Controllers\Bongkar))
#9 C:\laragon\www\sikapnew\system\CodeIgniter.php(326): CodeIgniter\CodeIgniter->handleRequest(NULL, Object(Config\Cache), false)
#10 C:\laragon\www\sikapnew\public\index.php(37): CodeIgniter\CodeIgniter->run()
#11 C:\laragon\www\sikapnew\system\Commands\Server\rewrite.php(43): require_once('C:\\laragon\\www\\...')
#12 {main}
CRITICAL - 2023-06-16 02:55:35 --> Allowed memory size of 536870912 bytes exhausted (tried to allocate 268439552 bytes)
#0 [internal function]: CodeIgniter\Debug\Exceptions->shutdownHandler()
#1 {main}
CRITICAL - 2023-06-16 04:32:19 --> getimagesize(C:\laragon\www\sikapnew\public/images/tandatangan/): failed to open stream: No such file or directory
#0 [internal function]: CodeIgniter\Debug\Exceptions->errorHandler(2, 'getimagesize(C:...', 'C:\\laragon\\www\\...', 627, Array)
#1 C:\laragon\www\sikapnew\vendor\dompdf\dompdf\src\Helpers.php(627): getimagesize('C:\\laragon\\www\\...')
#2 C:\laragon\www\sikapnew\vendor\dompdf\dompdf\src\Image\Cache.php(133): Dompdf\Helpers::dompdf_getimagesize('C:\\laragon\\www\\...', NULL)
#3 C:\laragon\www\sikapnew\vendor\dompdf\dompdf\src\FrameDecorator\Image.php(55): Dompdf\Image\Cache::resolve_url('images/tandatan...', '', '', '', Object(Dompdf\Dompdf))
#4 C:\laragon\www\sikapnew\vendor\dompdf\dompdf\src\Frame\Factory.php(223): Dompdf\FrameDecorator\Image->__construct(Object(Dompdf\Frame), Object(Dompdf\Dompdf))
#5 C:\laragon\www\sikapnew\vendor\dompdf\dompdf\src\Dompdf.php(804): Dompdf\Frame\Factory::decorate_frame(Object(Dompdf\Frame), Object(Dompdf\Dompdf), Object(Dompdf\FrameDecorator\Page))
#6 C:\laragon\www\sikapnew\app\Controllers\Bongkar.php(235): Dompdf\Dompdf->render()
#7 C:\laragon\www\sikapnew\system\CodeIgniter.php(832): App\Controllers\Bongkar->cetak('48')
#8 C:\laragon\www\sikapnew\system\CodeIgniter.php(419): CodeIgniter\CodeIgniter->runController(Object(App\Controllers\Bongkar))
#9 C:\laragon\www\sikapnew\system\CodeIgniter.php(326): CodeIgniter\CodeIgniter->handleRequest(NULL, Object(Config\Cache), false)
#10 C:\laragon\www\sikapnew\public\index.php(37): CodeIgniter\CodeIgniter->run()
#11 C:\laragon\www\sikapnew\system\Commands\Server\rewrite.php(43): require_once('C:\\laragon\\www\\...')
#12 {main}
CRITICAL - 2023-06-16 04:32:23 --> Allowed memory size of 536870912 bytes exhausted (tried to allocate 262148096 bytes)
#0 [internal function]: CodeIgniter\Debug\Exceptions->shutdownHandler()
#1 {main}
CRITICAL - 2023-06-16 04:55:33 --> Undefined property: stdClass::$id_kedatangan
#0 C:\laragon\www\sikapnew\app\Controllers\Olahgerak.php(33): CodeIgniter\Debug\Exceptions->errorHandler(8, 'Undefined prope...', 'C:\\laragon\\www\\...', 33, Array)
#1 C:\laragon\www\sikapnew\vendor\hermawan\codeigniter4-datatables\src\DataTableQuery.php(91): App\Controllers\Olahgerak->App\Controllers\{closure}(Object(stdClass))
#2 C:\laragon\www\sikapnew\vendor\hermawan\codeigniter4-datatables\src\DataTable.php(176): Hermawan\DataTables\DataTableQuery->getDataResult()
#3 C:\laragon\www\sikapnew\app\Controllers\Olahgerak.php(44): Hermawan\DataTables\DataTable->toJson()
#4 C:\laragon\www\sikapnew\system\CodeIgniter.php(832): App\Controllers\Olahgerak->ajax_olahgerak()
#5 C:\laragon\www\sikapnew\system\CodeIgniter.php(419): CodeIgniter\CodeIgniter->runController(Object(App\Controllers\Olahgerak))
#6 C:\laragon\www\sikapnew\system\CodeIgniter.php(326): CodeIgniter\CodeIgniter->handleRequest(NULL, Object(Config\Cache), false)
#7 C:\laragon\www\sikapnew\public\index.php(37): CodeIgniter\CodeIgniter->run()
#8 C:\laragon\www\sikapnew\system\Commands\Server\rewrite.php(43): require_once('C:\\laragon\\www\\...')
#9 {main}
CRITICAL - 2023-06-16 04:56:38 --> Undefined property: stdClass::$id_kedatangan
#0 C:\laragon\www\sikapnew\app\Controllers\Olahgerak.php(33): CodeIgniter\Debug\Exceptions->errorHandler(8, 'Undefined prope...', 'C:\\laragon\\www\\...', 33, Array)
#1 C:\laragon\www\sikapnew\vendor\hermawan\codeigniter4-datatables\src\DataTableQuery.php(91): App\Controllers\Olahgerak->App\Controllers\{closure}(Object(stdClass))
#2 C:\laragon\www\sikapnew\vendor\hermawan\codeigniter4-datatables\src\DataTable.php(176): Hermawan\DataTables\DataTableQuery->getDataResult()
#3 C:\laragon\www\sikapnew\app\Controllers\Olahgerak.php(44): Hermawan\DataTables\DataTable->toJson()
#4 C:\laragon\www\sikapnew\system\CodeIgniter.php(832): App\Controllers\Olahgerak->ajax_olahgerak()
#5 C:\laragon\www\sikapnew\system\CodeIgniter.php(419): CodeIgniter\CodeIgniter->runController(Object(App\Controllers\Olahgerak))
#6 C:\laragon\www\sikapnew\system\CodeIgniter.php(326): CodeIgniter\CodeIgniter->handleRequest(NULL, Object(Config\Cache), false)
#7 C:\laragon\www\sikapnew\public\index.php(37): CodeIgniter\CodeIgniter->run()
#8 C:\laragon\www\sikapnew\system\Commands\Server\rewrite.php(43): require_once('C:\\laragon\\www\\...')
#9 {main}
CRITICAL - 2023-06-16 04:56:53 --> Undefined property: stdClass::$id_kedatangan
#0 C:\laragon\www\sikapnew\app\Controllers\Olahgerak.php(33): CodeIgniter\Debug\Exceptions->errorHandler(8, 'Undefined prope...', 'C:\\laragon\\www\\...', 33, Array)
#1 C:\laragon\www\sikapnew\vendor\hermawan\codeigniter4-datatables\src\DataTableQuery.php(91): App\Controllers\Olahgerak->App\Controllers\{closure}(Object(stdClass))
#2 C:\laragon\www\sikapnew\vendor\hermawan\codeigniter4-datatables\src\DataTable.php(176): Hermawan\DataTables\DataTableQuery->getDataResult()
#3 C:\laragon\www\sikapnew\app\Controllers\Olahgerak.php(44): Hermawan\DataTables\DataTable->toJson()
#4 C:\laragon\www\sikapnew\system\CodeIgniter.php(832): App\Controllers\Olahgerak->ajax_olahgerak()
#5 C:\laragon\www\sikapnew\system\CodeIgniter.php(419): CodeIgniter\CodeIgniter->runController(Object(App\Controllers\Olahgerak))
#6 C:\laragon\www\sikapnew\system\CodeIgniter.php(326): CodeIgniter\CodeIgniter->handleRequest(NULL, Object(Config\Cache), false)
#7 C:\laragon\www\sikapnew\public\index.php(37): CodeIgniter\CodeIgniter->run()
#8 C:\laragon\www\sikapnew\system\Commands\Server\rewrite.php(43): require_once('C:\\laragon\\www\\...')
#9 {main}
