CRITICAL - 2022-07-10 05:51:28 --> Undefined variable: ikan
#0 C:\laragon\www\sikapnew\app\Views\dashboard.php(550): CodeIgniter\Debug\Exceptions->errorHandler(8, 'Undefined varia...', 'C:\\laragon\\www\\...', 550, Array)
#1 C:\laragon\www\sikapnew\system\View\View.php(210): include('C:\\laragon\\www\\...')
#2 C:\laragon\www\sikapnew\system\View\View.php(213): CodeIgniter\View\View->CodeIgniter\View\{closure}()
#3 C:\laragon\www\sikapnew\system\Common.php(1089): CodeIgniter\View\View->render('dashboard', Array, true)
#4 C:\laragon\www\sikapnew\app\Controllers\Dashboard.php(67): view('dashboard', Array)
#5 C:\laragon\www\sikapnew\system\CodeIgniter.php(832): App\Controllers\Dashboard->index()
#6 C:\laragon\www\sikapnew\system\CodeIgniter.php(419): CodeIgniter\CodeIgniter->runController(Object(App\Controllers\Dashboard))
#7 C:\laragon\www\sikapnew\system\CodeIgniter.php(326): CodeIgniter\CodeIgniter->handleRequest(NULL, Object(Config\Cache), false)
#8 C:\laragon\www\sikapnew\public\index.php(37): CodeIgniter\CodeIgniter->run()
#9 C:\laragon\www\sikapnew\system\Commands\Server\rewrite.php(43): require_once('C:\\laragon\\www\\...')
#10 {main}
CRITICAL - 2022-07-10 05:52:11 --> Undefined variable: title_meta
#0 C:\laragon\www\sikapnew\app\Views\dashboard.php(6): CodeIgniter\Debug\Exceptions->errorHandler(8, 'Undefined varia...', 'C:\\laragon\\www\\...', 6, Array)
#1 C:\laragon\www\sikapnew\system\View\View.php(210): include('C:\\laragon\\www\\...')
#2 C:\laragon\www\sikapnew\system\View\View.php(213): CodeIgniter\View\View->CodeIgniter\View\{closure}()
#3 C:\laragon\www\sikapnew\system\Common.php(1089): CodeIgniter\View\View->render('dashboard', Array, true)
#4 C:\laragon\www\sikapnew\app\Controllers\Dashboard.php(67): view('dashboard', Array)
#5 C:\laragon\www\sikapnew\system\CodeIgniter.php(832): App\Controllers\Dashboard->index()
#6 C:\laragon\www\sikapnew\system\CodeIgniter.php(419): CodeIgniter\CodeIgniter->runController(Object(App\Controllers\Dashboard))
#7 C:\laragon\www\sikapnew\system\CodeIgniter.php(326): CodeIgniter\CodeIgniter->handleRequest(NULL, Object(Config\Cache), false)
#8 C:\laragon\www\sikapnew\public\index.php(37): CodeIgniter\CodeIgniter->run()
#9 C:\laragon\www\sikapnew\system\Commands\Server\rewrite.php(43): require_once('C:\\laragon\\www\\...')
#10 {main}
CRITICAL - 2022-07-10 05:54:48 --> Call to a member function getResultArray() on array
#0 C:\laragon\www\sikapnew\system\CodeIgniter.php(832): App\Controllers\Dashboard->index()
#1 C:\laragon\www\sikapnew\system\CodeIgniter.php(419): CodeIgniter\CodeIgniter->runController(Object(App\Controllers\Dashboard))
#2 C:\laragon\www\sikapnew\system\CodeIgniter.php(326): CodeIgniter\CodeIgniter->handleRequest(NULL, Object(Config\Cache), false)
#3 C:\laragon\www\sikapnew\public\index.php(37): CodeIgniter\CodeIgniter->run()
#4 C:\laragon\www\sikapnew\system\Commands\Server\rewrite.php(43): require_once('C:\\laragon\\www\\...')
#5 {main}
CRITICAL - 2022-07-10 05:56:19 --> Call to a member function getResultArray() on array
#0 C:\laragon\www\sikapnew\system\CodeIgniter.php(832): App\Controllers\Dashboard->index()
#1 C:\laragon\www\sikapnew\system\CodeIgniter.php(419): CodeIgniter\CodeIgniter->runController(Object(App\Controllers\Dashboard))
#2 C:\laragon\www\sikapnew\system\CodeIgniter.php(326): CodeIgniter\CodeIgniter->handleRequest(NULL, Object(Config\Cache), false)
#3 C:\laragon\www\sikapnew\public\index.php(37): CodeIgniter\CodeIgniter->run()
#4 C:\laragon\www\sikapnew\system\Commands\Server\rewrite.php(43): require_once('C:\\laragon\\www\\...')
#5 {main}
CRITICAL - 2022-07-10 05:57:24 --> Call to undefined method stdClass::getResultArray()
#0 C:\laragon\www\sikapnew\system\CodeIgniter.php(832): App\Controllers\Dashboard->index()
#1 C:\laragon\www\sikapnew\system\CodeIgniter.php(419): CodeIgniter\CodeIgniter->runController(Object(App\Controllers\Dashboard))
#2 C:\laragon\www\sikapnew\system\CodeIgniter.php(326): CodeIgniter\CodeIgniter->handleRequest(NULL, Object(Config\Cache), false)
#3 C:\laragon\www\sikapnew\public\index.php(37): CodeIgniter\CodeIgniter->run()
#4 C:\laragon\www\sikapnew\system\Commands\Server\rewrite.php(43): require_once('C:\\laragon\\www\\...')
#5 {main}
CRITICAL - 2022-07-10 06:06:20 --> Trying to access array offset on value of type null
#0 C:\laragon\www\sikapnew\app\Views\kedatangan\edit.php(99): CodeIgniter\Debug\Exceptions->errorHandler(8, 'Trying to acces...', 'C:\\laragon\\www\\...', 99, Array)
#1 C:\laragon\www\sikapnew\system\View\View.php(210): include('C:\\laragon\\www\\...')
#2 C:\laragon\www\sikapnew\system\View\View.php(213): CodeIgniter\View\View->CodeIgniter\View\{closure}()
#3 C:\laragon\www\sikapnew\system\Common.php(1089): CodeIgniter\View\View->render('kedatangan/edit', Array, true)
#4 C:\laragon\www\sikapnew\app\Controllers\Kedatangan.php(114): view('kedatangan/edit', Array)
#5 C:\laragon\www\sikapnew\system\CodeIgniter.php(832): App\Controllers\Kedatangan->edit('assets', 'images', 'logo-sm.svg')
#6 C:\laragon\www\sikapnew\system\CodeIgniter.php(419): CodeIgniter\CodeIgniter->runController(Object(App\Controllers\Kedatangan))
#7 C:\laragon\www\sikapnew\system\CodeIgniter.php(326): CodeIgniter\CodeIgniter->handleRequest(NULL, Object(Config\Cache), false)
#8 C:\laragon\www\sikapnew\public\index.php(37): CodeIgniter\CodeIgniter->run()
#9 C:\laragon\www\sikapnew\system\Commands\Server\rewrite.php(43): require_once('C:\\laragon\\www\\...')
#10 {main}
CRITICAL - 2022-07-10 06:06:20 --> Trying to access array offset on value of type null
#0 C:\laragon\www\sikapnew\app\Views\kedatangan\edit.php(99): CodeIgniter\Debug\Exceptions->errorHandler(8, 'Trying to acces...', 'C:\\laragon\\www\\...', 99, Array)
#1 C:\laragon\www\sikapnew\system\View\View.php(210): include('C:\\laragon\\www\\...')
#2 C:\laragon\www\sikapnew\system\View\View.php(213): CodeIgniter\View\View->CodeIgniter\View\{closure}()
#3 C:\laragon\www\sikapnew\system\Common.php(1089): CodeIgniter\View\View->render('kedatangan/edit', Array, true)
#4 C:\laragon\www\sikapnew\app\Controllers\Kedatangan.php(114): view('kedatangan/edit', Array)
#5 C:\laragon\www\sikapnew\system\CodeIgniter.php(832): App\Controllers\Kedatangan->edit('assets', 'images', 'users', 'avatar-3.jpg')
#6 C:\laragon\www\sikapnew\system\CodeIgniter.php(419): CodeIgniter\CodeIgniter->runController(Object(App\Controllers\Kedatangan))
#7 C:\laragon\www\sikapnew\system\CodeIgniter.php(326): CodeIgniter\CodeIgniter->handleRequest(NULL, Object(Config\Cache), false)
#8 C:\laragon\www\sikapnew\public\index.php(37): CodeIgniter\CodeIgniter->run()
#9 C:\laragon\www\sikapnew\system\Commands\Server\rewrite.php(43): require_once('C:\\laragon\\www\\...')
#10 {main}
CRITICAL - 2022-07-10 06:06:20 --> Trying to access array offset on value of type null
#0 C:\laragon\www\sikapnew\app\Views\kedatangan\edit.php(99): CodeIgniter\Debug\Exceptions->errorHandler(8, 'Trying to acces...', 'C:\\laragon\\www\\...', 99, Array)
#1 C:\laragon\www\sikapnew\system\View\View.php(210): include('C:\\laragon\\www\\...')
#2 C:\laragon\www\sikapnew\system\View\View.php(213): CodeIgniter\View\View->CodeIgniter\View\{closure}()
#3 C:\laragon\www\sikapnew\system\Common.php(1089): CodeIgniter\View\View->render('kedatangan/edit', Array, true)
#4 C:\laragon\www\sikapnew\app\Controllers\Kedatangan.php(114): view('kedatangan/edit', Array)
#5 C:\laragon\www\sikapnew\system\CodeIgniter.php(832): App\Controllers\Kedatangan->edit('assets', 'images', 'users', 'avatar-6.jpg')
#6 C:\laragon\www\sikapnew\system\CodeIgniter.php(419): CodeIgniter\CodeIgniter->runController(Object(App\Controllers\Kedatangan))
#7 C:\laragon\www\sikapnew\system\CodeIgniter.php(326): CodeIgniter\CodeIgniter->handleRequest(NULL, Object(Config\Cache), false)
#8 C:\laragon\www\sikapnew\public\index.php(37): CodeIgniter\CodeIgniter->run()
#9 C:\laragon\www\sikapnew\system\Commands\Server\rewrite.php(43): require_once('C:\\laragon\\www\\...')
#10 {main}
CRITICAL - 2022-07-10 06:06:36 --> Undefined variable: bulanan
#0 C:\laragon\www\sikapnew\app\Views\dashboard.php(550): CodeIgniter\Debug\Exceptions->errorHandler(8, 'Undefined varia...', 'C:\\laragon\\www\\...', 550, Array)
#1 C:\laragon\www\sikapnew\system\View\View.php(210): include('C:\\laragon\\www\\...')
#2 C:\laragon\www\sikapnew\system\View\View.php(213): CodeIgniter\View\View->CodeIgniter\View\{closure}()
#3 C:\laragon\www\sikapnew\system\Common.php(1089): CodeIgniter\View\View->render('dashboard', Array, true)
#4 C:\laragon\www\sikapnew\app\Controllers\Dashboard.php(65): view('dashboard', Array)
#5 C:\laragon\www\sikapnew\system\CodeIgniter.php(832): App\Controllers\Dashboard->index()
#6 C:\laragon\www\sikapnew\system\CodeIgniter.php(419): CodeIgniter\CodeIgniter->runController(Object(App\Controllers\Dashboard))
#7 C:\laragon\www\sikapnew\system\CodeIgniter.php(326): CodeIgniter\CodeIgniter->handleRequest(NULL, Object(Config\Cache), false)
#8 C:\laragon\www\sikapnew\public\index.php(37): CodeIgniter\CodeIgniter->run()
#9 C:\laragon\www\sikapnew\system\Commands\Server\rewrite.php(43): require_once('C:\\laragon\\www\\...')
#10 {main}
CRITICAL - 2022-07-10 06:11:10 --> Undefined variable: bulanan
#0 C:\laragon\www\sikapnew\app\Views\dashboard.php(550): CodeIgniter\Debug\Exceptions->errorHandler(8, 'Undefined varia...', 'C:\\laragon\\www\\...', 550, Array)
#1 C:\laragon\www\sikapnew\system\View\View.php(210): include('C:\\laragon\\www\\...')
#2 C:\laragon\www\sikapnew\system\View\View.php(213): CodeIgniter\View\View->CodeIgniter\View\{closure}()
#3 C:\laragon\www\sikapnew\system\Common.php(1089): CodeIgniter\View\View->render('dashboard', Array, true)
#4 C:\laragon\www\sikapnew\app\Controllers\Dashboard.php(65): view('dashboard', Array)
#5 C:\laragon\www\sikapnew\system\CodeIgniter.php(832): App\Controllers\Dashboard->index()
#6 C:\laragon\www\sikapnew\system\CodeIgniter.php(419): CodeIgniter\CodeIgniter->runController(Object(App\Controllers\Dashboard))
#7 C:\laragon\www\sikapnew\system\CodeIgniter.php(326): CodeIgniter\CodeIgniter->handleRequest(NULL, Object(Config\Cache), false)
#8 C:\laragon\www\sikapnew\public\index.php(37): CodeIgniter\CodeIgniter->run()
#9 C:\laragon\www\sikapnew\system\Commands\Server\rewrite.php(43): require_once('C:\\laragon\\www\\...')
#10 {main}
CRITICAL - 2022-07-10 06:11:19 --> Undefined variable: bulanan
#0 C:\laragon\www\sikapnew\app\Views\dashboard.php(550): CodeIgniter\Debug\Exceptions->errorHandler(8, 'Undefined varia...', 'C:\\laragon\\www\\...', 550, Array)
#1 C:\laragon\www\sikapnew\system\View\View.php(210): include('C:\\laragon\\www\\...')
#2 C:\laragon\www\sikapnew\system\View\View.php(213): CodeIgniter\View\View->CodeIgniter\View\{closure}()
#3 C:\laragon\www\sikapnew\system\Common.php(1089): CodeIgniter\View\View->render('dashboard', Array, true)
#4 C:\laragon\www\sikapnew\app\Controllers\Dashboard.php(65): view('dashboard', Array)
#5 C:\laragon\www\sikapnew\system\CodeIgniter.php(832): App\Controllers\Dashboard->index()
#6 C:\laragon\www\sikapnew\system\CodeIgniter.php(419): CodeIgniter\CodeIgniter->runController(Object(App\Controllers\Dashboard))
#7 C:\laragon\www\sikapnew\system\CodeIgniter.php(326): CodeIgniter\CodeIgniter->handleRequest(NULL, Object(Config\Cache), false)
#8 C:\laragon\www\sikapnew\public\index.php(37): CodeIgniter\CodeIgniter->run()
#9 C:\laragon\www\sikapnew\system\Commands\Server\rewrite.php(43): require_once('C:\\laragon\\www\\...')
#10 {main}
CRITICAL - 2022-07-10 06:19:17 --> Undefined variable: bulanan
#0 C:\laragon\www\sikapnew\app\Views\dashboard.php(550): CodeIgniter\Debug\Exceptions->errorHandler(8, 'Undefined varia...', 'C:\\laragon\\www\\...', 550, Array)
#1 C:\laragon\www\sikapnew\system\View\View.php(210): include('C:\\laragon\\www\\...')
#2 C:\laragon\www\sikapnew\system\View\View.php(213): CodeIgniter\View\View->CodeIgniter\View\{closure}()
#3 C:\laragon\www\sikapnew\system\Common.php(1089): CodeIgniter\View\View->render('dashboard', Array, true)
#4 C:\laragon\www\sikapnew\app\Controllers\Dashboard.php(65): view('dashboard', Array)
#5 C:\laragon\www\sikapnew\system\CodeIgniter.php(832): App\Controllers\Dashboard->index()
#6 C:\laragon\www\sikapnew\system\CodeIgniter.php(419): CodeIgniter\CodeIgniter->runController(Object(App\Controllers\Dashboard))
#7 C:\laragon\www\sikapnew\system\CodeIgniter.php(326): CodeIgniter\CodeIgniter->handleRequest(NULL, Object(Config\Cache), false)
#8 C:\laragon\www\sikapnew\public\index.php(37): CodeIgniter\CodeIgniter->run()
#9 C:\laragon\www\sikapnew\system\Commands\Server\rewrite.php(43): require_once('C:\\laragon\\www\\...')
#10 {main}
CRITICAL - 2022-07-10 06:19:42 --> Undefined variable: nama_bulanan
#0 C:\laragon\www\sikapnew\app\Views\dashboard.php(556): CodeIgniter\Debug\Exceptions->errorHandler(8, 'Undefined varia...', 'C:\\laragon\\www\\...', 556, Array)
#1 C:\laragon\www\sikapnew\system\View\View.php(210): include('C:\\laragon\\www\\...')
#2 C:\laragon\www\sikapnew\system\View\View.php(213): CodeIgniter\View\View->CodeIgniter\View\{closure}()
#3 C:\laragon\www\sikapnew\system\Common.php(1089): CodeIgniter\View\View->render('dashboard', Array, true)
#4 C:\laragon\www\sikapnew\app\Controllers\Dashboard.php(65): view('dashboard', Array)
#5 C:\laragon\www\sikapnew\system\CodeIgniter.php(832): App\Controllers\Dashboard->index()
#6 C:\laragon\www\sikapnew\system\CodeIgniter.php(419): CodeIgniter\CodeIgniter->runController(Object(App\Controllers\Dashboard))
#7 C:\laragon\www\sikapnew\system\CodeIgniter.php(326): CodeIgniter\CodeIgniter->handleRequest(NULL, Object(Config\Cache), false)
#8 C:\laragon\www\sikapnew\public\index.php(37): CodeIgniter\CodeIgniter->run()
#9 C:\laragon\www\sikapnew\system\Commands\Server\rewrite.php(43): require_once('C:\\laragon\\www\\...')
#10 {main}
CRITICAL - 2022-07-10 06:23:34 --> Undefined variable: nama_bulanan
#0 C:\laragon\www\sikapnew\app\Views\dashboard.php(556): CodeIgniter\Debug\Exceptions->errorHandler(8, 'Undefined varia...', 'C:\\laragon\\www\\...', 556, Array)
#1 C:\laragon\www\sikapnew\system\View\View.php(210): include('C:\\laragon\\www\\...')
#2 C:\laragon\www\sikapnew\system\View\View.php(213): CodeIgniter\View\View->CodeIgniter\View\{closure}()
#3 C:\laragon\www\sikapnew\system\Common.php(1089): CodeIgniter\View\View->render('dashboard', Array, true)
#4 C:\laragon\www\sikapnew\app\Controllers\Dashboard.php(66): view('dashboard', Array)
#5 C:\laragon\www\sikapnew\system\CodeIgniter.php(832): App\Controllers\Dashboard->index()
#6 C:\laragon\www\sikapnew\system\CodeIgniter.php(419): CodeIgniter\CodeIgniter->runController(Object(App\Controllers\Dashboard))
#7 C:\laragon\www\sikapnew\system\CodeIgniter.php(326): CodeIgniter\CodeIgniter->handleRequest(NULL, Object(Config\Cache), false)
#8 C:\laragon\www\sikapnew\public\index.php(37): CodeIgniter\CodeIgniter->run()
#9 C:\laragon\www\sikapnew\system\Commands\Server\rewrite.php(43): require_once('C:\\laragon\\www\\...')
#10 {main}
CRITICAL - 2022-07-10 06:23:49 --> Undefined variable: nama_bulanan
#0 C:\laragon\www\sikapnew\app\Views\dashboard.php(556): CodeIgniter\Debug\Exceptions->errorHandler(8, 'Undefined varia...', 'C:\\laragon\\www\\...', 556, Array)
#1 C:\laragon\www\sikapnew\system\View\View.php(210): include('C:\\laragon\\www\\...')
#2 C:\laragon\www\sikapnew\system\View\View.php(213): CodeIgniter\View\View->CodeIgniter\View\{closure}()
#3 C:\laragon\www\sikapnew\system\Common.php(1089): CodeIgniter\View\View->render('dashboard', Array, true)
#4 C:\laragon\www\sikapnew\app\Controllers\Dashboard.php(66): view('dashboard', Array)
#5 C:\laragon\www\sikapnew\system\CodeIgniter.php(832): App\Controllers\Dashboard->index()
#6 C:\laragon\www\sikapnew\system\CodeIgniter.php(419): CodeIgniter\CodeIgniter->runController(Object(App\Controllers\Dashboard))
#7 C:\laragon\www\sikapnew\system\CodeIgniter.php(326): CodeIgniter\CodeIgniter->handleRequest(NULL, Object(Config\Cache), false)
#8 C:\laragon\www\sikapnew\public\index.php(37): CodeIgniter\CodeIgniter->run()
#9 C:\laragon\www\sikapnew\system\Commands\Server\rewrite.php(43): require_once('C:\\laragon\\www\\...')
#10 {main}
CRITICAL - 2022-07-10 06:25:31 --> Trying to access array offset on value of type null
#0 C:\laragon\www\sikapnew\app\Views\kedatangan\edit.php(99): CodeIgniter\Debug\Exceptions->errorHandler(8, 'Trying to acces...', 'C:\\laragon\\www\\...', 99, Array)
#1 C:\laragon\www\sikapnew\system\View\View.php(210): include('C:\\laragon\\www\\...')
#2 C:\laragon\www\sikapnew\system\View\View.php(213): CodeIgniter\View\View->CodeIgniter\View\{closure}()
#3 C:\laragon\www\sikapnew\system\Common.php(1089): CodeIgniter\View\View->render('kedatangan/edit', Array, true)
#4 C:\laragon\www\sikapnew\app\Controllers\Kedatangan.php(114): view('kedatangan/edit', Array)
#5 C:\laragon\www\sikapnew\system\CodeIgniter.php(832): App\Controllers\Kedatangan->edit('assets', 'images', 'logo-sm.svg')
#6 C:\laragon\www\sikapnew\system\CodeIgniter.php(419): CodeIgniter\CodeIgniter->runController(Object(App\Controllers\Kedatangan))
#7 C:\laragon\www\sikapnew\system\CodeIgniter.php(326): CodeIgniter\CodeIgniter->handleRequest(NULL, Object(Config\Cache), false)
#8 C:\laragon\www\sikapnew\public\index.php(37): CodeIgniter\CodeIgniter->run()
#9 C:\laragon\www\sikapnew\system\Commands\Server\rewrite.php(43): require_once('C:\\laragon\\www\\...')
#10 {main}
CRITICAL - 2022-07-10 06:25:32 --> Trying to access array offset on value of type null
#0 C:\laragon\www\sikapnew\app\Views\kedatangan\edit.php(99): CodeIgniter\Debug\Exceptions->errorHandler(8, 'Trying to acces...', 'C:\\laragon\\www\\...', 99, Array)
#1 C:\laragon\www\sikapnew\system\View\View.php(210): include('C:\\laragon\\www\\...')
#2 C:\laragon\www\sikapnew\system\View\View.php(213): CodeIgniter\View\View->CodeIgniter\View\{closure}()
#3 C:\laragon\www\sikapnew\system\Common.php(1089): CodeIgniter\View\View->render('kedatangan/edit', Array, true)
#4 C:\laragon\www\sikapnew\app\Controllers\Kedatangan.php(114): view('kedatangan/edit', Array)
#5 C:\laragon\www\sikapnew\system\CodeIgniter.php(832): App\Controllers\Kedatangan->edit('assets', 'images', 'users', 'avatar-3.jpg')
#6 C:\laragon\www\sikapnew\system\CodeIgniter.php(419): CodeIgniter\CodeIgniter->runController(Object(App\Controllers\Kedatangan))
#7 C:\laragon\www\sikapnew\system\CodeIgniter.php(326): CodeIgniter\CodeIgniter->handleRequest(NULL, Object(Config\Cache), false)
#8 C:\laragon\www\sikapnew\public\index.php(37): CodeIgniter\CodeIgniter->run()
#9 C:\laragon\www\sikapnew\system\Commands\Server\rewrite.php(43): require_once('C:\\laragon\\www\\...')
#10 {main}
CRITICAL - 2022-07-10 06:25:32 --> Trying to access array offset on value of type null
#0 C:\laragon\www\sikapnew\app\Views\kedatangan\edit.php(99): CodeIgniter\Debug\Exceptions->errorHandler(8, 'Trying to acces...', 'C:\\laragon\\www\\...', 99, Array)
#1 C:\laragon\www\sikapnew\system\View\View.php(210): include('C:\\laragon\\www\\...')
#2 C:\laragon\www\sikapnew\system\View\View.php(213): CodeIgniter\View\View->CodeIgniter\View\{closure}()
#3 C:\laragon\www\sikapnew\system\Common.php(1089): CodeIgniter\View\View->render('kedatangan/edit', Array, true)
#4 C:\laragon\www\sikapnew\app\Controllers\Kedatangan.php(114): view('kedatangan/edit', Array)
#5 C:\laragon\www\sikapnew\system\CodeIgniter.php(832): App\Controllers\Kedatangan->edit('assets', 'images', 'users', 'avatar-6.jpg')
#6 C:\laragon\www\sikapnew\system\CodeIgniter.php(419): CodeIgniter\CodeIgniter->runController(Object(App\Controllers\Kedatangan))
#7 C:\laragon\www\sikapnew\system\CodeIgniter.php(326): CodeIgniter\CodeIgniter->handleRequest(NULL, Object(Config\Cache), false)
#8 C:\laragon\www\sikapnew\public\index.php(37): CodeIgniter\CodeIgniter->run()
#9 C:\laragon\www\sikapnew\system\Commands\Server\rewrite.php(43): require_once('C:\\laragon\\www\\...')
#10 {main}
CRITICAL - 2022-07-10 06:29:16 --> Trying to access array offset on value of type null
#0 C:\laragon\www\sikapnew\app\Views\kedatangan\edit.php(99): CodeIgniter\Debug\Exceptions->errorHandler(8, 'Trying to acces...', 'C:\\laragon\\www\\...', 99, Array)
#1 C:\laragon\www\sikapnew\system\View\View.php(210): include('C:\\laragon\\www\\...')
#2 C:\laragon\www\sikapnew\system\View\View.php(213): CodeIgniter\View\View->CodeIgniter\View\{closure}()
#3 C:\laragon\www\sikapnew\system\Common.php(1089): CodeIgniter\View\View->render('kedatangan/edit', Array, true)
#4 C:\laragon\www\sikapnew\app\Controllers\Kedatangan.php(114): view('kedatangan/edit', Array)
#5 C:\laragon\www\sikapnew\system\CodeIgniter.php(832): App\Controllers\Kedatangan->edit('assets', 'images', 'logo-sm.svg')
#6 C:\laragon\www\sikapnew\system\CodeIgniter.php(419): CodeIgniter\CodeIgniter->runController(Object(App\Controllers\Kedatangan))
#7 C:\laragon\www\sikapnew\system\CodeIgniter.php(326): CodeIgniter\CodeIgniter->handleRequest(NULL, Object(Config\Cache), false)
#8 C:\laragon\www\sikapnew\public\index.php(37): CodeIgniter\CodeIgniter->run()
#9 C:\laragon\www\sikapnew\system\Commands\Server\rewrite.php(43): require_once('C:\\laragon\\www\\...')
#10 {main}
CRITICAL - 2022-07-10 06:29:17 --> Trying to access array offset on value of type null
#0 C:\laragon\www\sikapnew\app\Views\kedatangan\edit.php(99): CodeIgniter\Debug\Exceptions->errorHandler(8, 'Trying to acces...', 'C:\\laragon\\www\\...', 99, Array)
#1 C:\laragon\www\sikapnew\system\View\View.php(210): include('C:\\laragon\\www\\...')
#2 C:\laragon\www\sikapnew\system\View\View.php(213): CodeIgniter\View\View->CodeIgniter\View\{closure}()
#3 C:\laragon\www\sikapnew\system\Common.php(1089): CodeIgniter\View\View->render('kedatangan/edit', Array, true)
#4 C:\laragon\www\sikapnew\app\Controllers\Kedatangan.php(114): view('kedatangan/edit', Array)
#5 C:\laragon\www\sikapnew\system\CodeIgniter.php(832): App\Controllers\Kedatangan->edit('assets', 'images', 'users', 'avatar-3.jpg')
#6 C:\laragon\www\sikapnew\system\CodeIgniter.php(419): CodeIgniter\CodeIgniter->runController(Object(App\Controllers\Kedatangan))
#7 C:\laragon\www\sikapnew\system\CodeIgniter.php(326): CodeIgniter\CodeIgniter->handleRequest(NULL, Object(Config\Cache), false)
#8 C:\laragon\www\sikapnew\public\index.php(37): CodeIgniter\CodeIgniter->run()
#9 C:\laragon\www\sikapnew\system\Commands\Server\rewrite.php(43): require_once('C:\\laragon\\www\\...')
#10 {main}
CRITICAL - 2022-07-10 06:29:17 --> Trying to access array offset on value of type null
#0 C:\laragon\www\sikapnew\app\Views\kedatangan\edit.php(99): CodeIgniter\Debug\Exceptions->errorHandler(8, 'Trying to acces...', 'C:\\laragon\\www\\...', 99, Array)
#1 C:\laragon\www\sikapnew\system\View\View.php(210): include('C:\\laragon\\www\\...')
#2 C:\laragon\www\sikapnew\system\View\View.php(213): CodeIgniter\View\View->CodeIgniter\View\{closure}()
#3 C:\laragon\www\sikapnew\system\Common.php(1089): CodeIgniter\View\View->render('kedatangan/edit', Array, true)
#4 C:\laragon\www\sikapnew\app\Controllers\Kedatangan.php(114): view('kedatangan/edit', Array)
#5 C:\laragon\www\sikapnew\system\CodeIgniter.php(832): App\Controllers\Kedatangan->edit('assets', 'images', 'users', 'avatar-6.jpg')
#6 C:\laragon\www\sikapnew\system\CodeIgniter.php(419): CodeIgniter\CodeIgniter->runController(Object(App\Controllers\Kedatangan))
#7 C:\laragon\www\sikapnew\system\CodeIgniter.php(326): CodeIgniter\CodeIgniter->handleRequest(NULL, Object(Config\Cache), false)
#8 C:\laragon\www\sikapnew\public\index.php(37): CodeIgniter\CodeIgniter->run()
#9 C:\laragon\www\sikapnew\system\Commands\Server\rewrite.php(43): require_once('C:\\laragon\\www\\...')
#10 {main}
CRITICAL - 2022-07-10 06:39:47 --> Trying to access array offset on value of type null
#0 C:\laragon\www\sikapnew\app\Views\kedatangan\edit.php(99): CodeIgniter\Debug\Exceptions->errorHandler(8, 'Trying to acces...', 'C:\\laragon\\www\\...', 99, Array)
#1 C:\laragon\www\sikapnew\system\View\View.php(210): include('C:\\laragon\\www\\...')
#2 C:\laragon\www\sikapnew\system\View\View.php(213): CodeIgniter\View\View->CodeIgniter\View\{closure}()
#3 C:\laragon\www\sikapnew\system\Common.php(1089): CodeIgniter\View\View->render('kedatangan/edit', Array, true)
#4 C:\laragon\www\sikapnew\app\Controllers\Kedatangan.php(114): view('kedatangan/edit', Array)
#5 C:\laragon\www\sikapnew\system\CodeIgniter.php(832): App\Controllers\Kedatangan->edit('assets', 'images', 'logo-sm.svg')
#6 C:\laragon\www\sikapnew\system\CodeIgniter.php(419): CodeIgniter\CodeIgniter->runController(Object(App\Controllers\Kedatangan))
#7 C:\laragon\www\sikapnew\system\CodeIgniter.php(326): CodeIgniter\CodeIgniter->handleRequest(NULL, Object(Config\Cache), false)
#8 C:\laragon\www\sikapnew\public\index.php(37): CodeIgniter\CodeIgniter->run()
#9 C:\laragon\www\sikapnew\system\Commands\Server\rewrite.php(43): require_once('C:\\laragon\\www\\...')
#10 {main}
CRITICAL - 2022-07-10 06:39:48 --> Trying to access array offset on value of type null
#0 C:\laragon\www\sikapnew\app\Views\kedatangan\edit.php(99): CodeIgniter\Debug\Exceptions->errorHandler(8, 'Trying to acces...', 'C:\\laragon\\www\\...', 99, Array)
#1 C:\laragon\www\sikapnew\system\View\View.php(210): include('C:\\laragon\\www\\...')
#2 C:\laragon\www\sikapnew\system\View\View.php(213): CodeIgniter\View\View->CodeIgniter\View\{closure}()
#3 C:\laragon\www\sikapnew\system\Common.php(1089): CodeIgniter\View\View->render('kedatangan/edit', Array, true)
#4 C:\laragon\www\sikapnew\app\Controllers\Kedatangan.php(114): view('kedatangan/edit', Array)
#5 C:\laragon\www\sikapnew\system\CodeIgniter.php(832): App\Controllers\Kedatangan->edit('assets', 'images', 'users', 'avatar-3.jpg')
#6 C:\laragon\www\sikapnew\system\CodeIgniter.php(419): CodeIgniter\CodeIgniter->runController(Object(App\Controllers\Kedatangan))
#7 C:\laragon\www\sikapnew\system\CodeIgniter.php(326): CodeIgniter\CodeIgniter->handleRequest(NULL, Object(Config\Cache), false)
#8 C:\laragon\www\sikapnew\public\index.php(37): CodeIgniter\CodeIgniter->run()
#9 C:\laragon\www\sikapnew\system\Commands\Server\rewrite.php(43): require_once('C:\\laragon\\www\\...')
#10 {main}
CRITICAL - 2022-07-10 06:39:48 --> Trying to access array offset on value of type null
#0 C:\laragon\www\sikapnew\app\Views\kedatangan\edit.php(99): CodeIgniter\Debug\Exceptions->errorHandler(8, 'Trying to acces...', 'C:\\laragon\\www\\...', 99, Array)
#1 C:\laragon\www\sikapnew\system\View\View.php(210): include('C:\\laragon\\www\\...')
#2 C:\laragon\www\sikapnew\system\View\View.php(213): CodeIgniter\View\View->CodeIgniter\View\{closure}()
#3 C:\laragon\www\sikapnew\system\Common.php(1089): CodeIgniter\View\View->render('kedatangan/edit', Array, true)
#4 C:\laragon\www\sikapnew\app\Controllers\Kedatangan.php(114): view('kedatangan/edit', Array)
#5 C:\laragon\www\sikapnew\system\CodeIgniter.php(832): App\Controllers\Kedatangan->edit('assets', 'images', 'users', 'avatar-6.jpg')
#6 C:\laragon\www\sikapnew\system\CodeIgniter.php(419): CodeIgniter\CodeIgniter->runController(Object(App\Controllers\Kedatangan))
#7 C:\laragon\www\sikapnew\system\CodeIgniter.php(326): CodeIgniter\CodeIgniter->handleRequest(NULL, Object(Config\Cache), false)
#8 C:\laragon\www\sikapnew\public\index.php(37): CodeIgniter\CodeIgniter->run()
#9 C:\laragon\www\sikapnew\system\Commands\Server\rewrite.php(43): require_once('C:\\laragon\\www\\...')
#10 {main}
CRITICAL - 2022-07-10 06:42:19 --> Trying to access array offset on value of type null
#0 C:\laragon\www\sikapnew\app\Views\pengguna-edit.php(41): CodeIgniter\Debug\Exceptions->errorHandler(8, 'Trying to acces...', 'C:\\laragon\\www\\...', 41, Array)
#1 C:\laragon\www\sikapnew\system\View\View.php(210): include('C:\\laragon\\www\\...')
#2 C:\laragon\www\sikapnew\system\View\View.php(213): CodeIgniter\View\View->CodeIgniter\View\{closure}()
#3 C:\laragon\www\sikapnew\system\Common.php(1089): CodeIgniter\View\View->render('pengguna-edit', Array, true)
#4 C:\laragon\www\sikapnew\app\Controllers\User.php(112): view('pengguna-edit', Array)
#5 C:\laragon\www\sikapnew\system\CodeIgniter.php(832): App\Controllers\User->edit('assets', 'images', 'logo-sm.svg')
#6 C:\laragon\www\sikapnew\system\CodeIgniter.php(419): CodeIgniter\CodeIgniter->runController(Object(App\Controllers\User))
#7 C:\laragon\www\sikapnew\system\CodeIgniter.php(326): CodeIgniter\CodeIgniter->handleRequest(NULL, Object(Config\Cache), false)
#8 C:\laragon\www\sikapnew\public\index.php(37): CodeIgniter\CodeIgniter->run()
#9 C:\laragon\www\sikapnew\system\Commands\Server\rewrite.php(43): require_once('C:\\laragon\\www\\...')
#10 {main}
CRITICAL - 2022-07-10 06:42:19 --> Trying to access array offset on value of type null
#0 C:\laragon\www\sikapnew\app\Views\pengguna-edit.php(41): CodeIgniter\Debug\Exceptions->errorHandler(8, 'Trying to acces...', 'C:\\laragon\\www\\...', 41, Array)
#1 C:\laragon\www\sikapnew\system\View\View.php(210): include('C:\\laragon\\www\\...')
#2 C:\laragon\www\sikapnew\system\View\View.php(213): CodeIgniter\View\View->CodeIgniter\View\{closure}()
#3 C:\laragon\www\sikapnew\system\Common.php(1089): CodeIgniter\View\View->render('pengguna-edit', Array, true)
#4 C:\laragon\www\sikapnew\app\Controllers\User.php(112): view('pengguna-edit', Array)
#5 C:\laragon\www\sikapnew\system\CodeIgniter.php(832): App\Controllers\User->edit('assets', 'images', 'users', 'avatar-3.jpg')
#6 C:\laragon\www\sikapnew\system\CodeIgniter.php(419): CodeIgniter\CodeIgniter->runController(Object(App\Controllers\User))
#7 C:\laragon\www\sikapnew\system\CodeIgniter.php(326): CodeIgniter\CodeIgniter->handleRequest(NULL, Object(Config\Cache), false)
#8 C:\laragon\www\sikapnew\public\index.php(37): CodeIgniter\CodeIgniter->run()
#9 C:\laragon\www\sikapnew\system\Commands\Server\rewrite.php(43): require_once('C:\\laragon\\www\\...')
#10 {main}
CRITICAL - 2022-07-10 06:42:20 --> Trying to access array offset on value of type null
#0 C:\laragon\www\sikapnew\app\Views\pengguna-edit.php(41): CodeIgniter\Debug\Exceptions->errorHandler(8, 'Trying to acces...', 'C:\\laragon\\www\\...', 41, Array)
#1 C:\laragon\www\sikapnew\system\View\View.php(210): include('C:\\laragon\\www\\...')
#2 C:\laragon\www\sikapnew\system\View\View.php(213): CodeIgniter\View\View->CodeIgniter\View\{closure}()
#3 C:\laragon\www\sikapnew\system\Common.php(1089): CodeIgniter\View\View->render('pengguna-edit', Array, true)
#4 C:\laragon\www\sikapnew\app\Controllers\User.php(112): view('pengguna-edit', Array)
#5 C:\laragon\www\sikapnew\system\CodeIgniter.php(832): App\Controllers\User->edit('assets', 'images', 'users', 'avatar-6.jpg')
#6 C:\laragon\www\sikapnew\system\CodeIgniter.php(419): CodeIgniter\CodeIgniter->runController(Object(App\Controllers\User))
#7 C:\laragon\www\sikapnew\system\CodeIgniter.php(326): CodeIgniter\CodeIgniter->handleRequest(NULL, Object(Config\Cache), false)
#8 C:\laragon\www\sikapnew\public\index.php(37): CodeIgniter\CodeIgniter->run()
#9 C:\laragon\www\sikapnew\system\Commands\Server\rewrite.php(43): require_once('C:\\laragon\\www\\...')
#10 {main}
CRITICAL - 2022-07-10 07:14:09 --> Undefined property: App\Controllers\Pengguna::$ikans
#0 C:\laragon\www\sikapnew\app\Controllers\Pengguna.php(67): CodeIgniter\Debug\Exceptions->errorHandler(8, 'Undefined prope...', 'C:\\laragon\\www\\...', 67, Array)
#1 C:\laragon\www\sikapnew\system\CodeIgniter.php(832): App\Controllers\Pengguna->store()
#2 C:\laragon\www\sikapnew\system\CodeIgniter.php(419): CodeIgniter\CodeIgniter->runController(Object(App\Controllers\Pengguna))
#3 C:\laragon\www\sikapnew\system\CodeIgniter.php(326): CodeIgniter\CodeIgniter->handleRequest(NULL, Object(Config\Cache), false)
#4 C:\laragon\www\sikapnew\public\index.php(37): CodeIgniter\CodeIgniter->run()
#5 C:\laragon\www\sikapnew\system\Commands\Server\rewrite.php(43): require_once('C:\\laragon\\www\\...')
#6 {main}
CRITICAL - 2022-07-10 07:19:31 --> Argument 2 passed to CodeIgniter\Validation\Rules::is_unique() must be of the type string, null given, called in C:\laragon\www\sikapnew\system\Validation\Validation.php on line 291
#0 C:\laragon\www\sikapnew\system\Validation\Validation.php(291): CodeIgniter\Validation\Rules->is_unique('catur.crh@gmail...', NULL)
#1 C:\laragon\www\sikapnew\system\Validation\Validation.php(157): CodeIgniter\Validation\Validation->processRules('email', 'email', 'catur.crh@gmail...', Array, Array)
#2 C:\laragon\www\sikapnew\system\Controller.php(160): CodeIgniter\Validation\Validation->run()
#3 C:\laragon\www\sikapnew\app\Controllers\Pengguna.php(27): CodeIgniter\Controller->validate(Array)
#4 C:\laragon\www\sikapnew\system\CodeIgniter.php(832): App\Controllers\Pengguna->store()
#5 C:\laragon\www\sikapnew\system\CodeIgniter.php(419): CodeIgniter\CodeIgniter->runController(Object(App\Controllers\Pengguna))
#6 C:\laragon\www\sikapnew\system\CodeIgniter.php(326): CodeIgniter\CodeIgniter->handleRequest(NULL, Object(Config\Cache), false)
#7 C:\laragon\www\sikapnew\public\index.php(37): CodeIgniter\CodeIgniter->run()
#8 C:\laragon\www\sikapnew\system\Commands\Server\rewrite.php(43): require_once('C:\\laragon\\www\\...')
#9 {main}
CRITICAL - 2022-07-10 07:56:40 --> Undefined variable: ikan
#0 C:\laragon\www\sikapnew\app\Views\pengguna\edit.php(42): CodeIgniter\Debug\Exceptions->errorHandler(8, 'Undefined varia...', 'C:\\laragon\\www\\...', 42, Array)
#1 C:\laragon\www\sikapnew\system\View\View.php(210): include('C:\\laragon\\www\\...')
#2 C:\laragon\www\sikapnew\system\View\View.php(213): CodeIgniter\View\View->CodeIgniter\View\{closure}()
#3 C:\laragon\www\sikapnew\system\Common.php(1089): CodeIgniter\View\View->render('pengguna/edit', Array, true)
#4 C:\laragon\www\sikapnew\app\Controllers\Pengguna.php(85): view('pengguna/edit', Array)
#5 C:\laragon\www\sikapnew\system\CodeIgniter.php(832): App\Controllers\Pengguna->edit('3')
#6 C:\laragon\www\sikapnew\system\CodeIgniter.php(419): CodeIgniter\CodeIgniter->runController(Object(App\Controllers\Pengguna))
#7 C:\laragon\www\sikapnew\system\CodeIgniter.php(326): CodeIgniter\CodeIgniter->handleRequest(NULL, Object(Config\Cache), false)
#8 C:\laragon\www\sikapnew\public\index.php(37): CodeIgniter\CodeIgniter->run()
#9 C:\laragon\www\sikapnew\system\Commands\Server\rewrite.php(43): require_once('C:\\laragon\\www\\...')
#10 {main}
CRITICAL - 2022-07-10 07:57:05 --> Undefined variable: kedatangan
#0 C:\laragon\www\sikapnew\app\Views\pengguna\edit.php(47): CodeIgniter\Debug\Exceptions->errorHandler(8, 'Undefined varia...', 'C:\\laragon\\www\\...', 47, Array)
#1 C:\laragon\www\sikapnew\system\View\View.php(210): include('C:\\laragon\\www\\...')
#2 C:\laragon\www\sikapnew\system\View\View.php(213): CodeIgniter\View\View->CodeIgniter\View\{closure}()
#3 C:\laragon\www\sikapnew\system\Common.php(1089): CodeIgniter\View\View->render('pengguna/edit', Array, true)
#4 C:\laragon\www\sikapnew\app\Controllers\Pengguna.php(85): view('pengguna/edit', Array)
#5 C:\laragon\www\sikapnew\system\CodeIgniter.php(832): App\Controllers\Pengguna->edit('3')
#6 C:\laragon\www\sikapnew\system\CodeIgniter.php(419): CodeIgniter\CodeIgniter->runController(Object(App\Controllers\Pengguna))
#7 C:\laragon\www\sikapnew\system\CodeIgniter.php(326): CodeIgniter\CodeIgniter->handleRequest(NULL, Object(Config\Cache), false)
#8 C:\laragon\www\sikapnew\public\index.php(37): CodeIgniter\CodeIgniter->run()
#9 C:\laragon\www\sikapnew\system\Commands\Server\rewrite.php(43): require_once('C:\\laragon\\www\\...')
#10 {main}
CRITICAL - 2022-07-10 07:57:27 --> Trying to access array offset on value of type null
#0 C:\laragon\www\sikapnew\app\Views\pengguna\edit.php(42): CodeIgniter\Debug\Exceptions->errorHandler(8, 'Trying to acces...', 'C:\\laragon\\www\\...', 42, Array)
#1 C:\laragon\www\sikapnew\system\View\View.php(210): include('C:\\laragon\\www\\...')
#2 C:\laragon\www\sikapnew\system\View\View.php(213): CodeIgniter\View\View->CodeIgniter\View\{closure}()
#3 C:\laragon\www\sikapnew\system\Common.php(1089): CodeIgniter\View\View->render('pengguna/edit', Array, true)
#4 C:\laragon\www\sikapnew\app\Controllers\Pengguna.php(85): view('pengguna/edit', Array)
#5 C:\laragon\www\sikapnew\system\CodeIgniter.php(832): App\Controllers\Pengguna->edit('assets', 'images', 'logo-sm.svg')
#6 C:\laragon\www\sikapnew\system\CodeIgniter.php(419): CodeIgniter\CodeIgniter->runController(Object(App\Controllers\Pengguna))
#7 C:\laragon\www\sikapnew\system\CodeIgniter.php(326): CodeIgniter\CodeIgniter->handleRequest(NULL, Object(Config\Cache), false)
#8 C:\laragon\www\sikapnew\public\index.php(37): CodeIgniter\CodeIgniter->run()
#9 C:\laragon\www\sikapnew\system\Commands\Server\rewrite.php(43): require_once('C:\\laragon\\www\\...')
#10 {main}
CRITICAL - 2022-07-10 07:57:27 --> Trying to access array offset on value of type null
#0 C:\laragon\www\sikapnew\app\Views\pengguna\edit.php(42): CodeIgniter\Debug\Exceptions->errorHandler(8, 'Trying to acces...', 'C:\\laragon\\www\\...', 42, Array)
#1 C:\laragon\www\sikapnew\system\View\View.php(210): include('C:\\laragon\\www\\...')
#2 C:\laragon\www\sikapnew\system\View\View.php(213): CodeIgniter\View\View->CodeIgniter\View\{closure}()
#3 C:\laragon\www\sikapnew\system\Common.php(1089): CodeIgniter\View\View->render('pengguna/edit', Array, true)
#4 C:\laragon\www\sikapnew\app\Controllers\Pengguna.php(85): view('pengguna/edit', Array)
#5 C:\laragon\www\sikapnew\system\CodeIgniter.php(832): App\Controllers\Pengguna->edit('assets', 'images', 'users', 'avatar-3.jpg')
#6 C:\laragon\www\sikapnew\system\CodeIgniter.php(419): CodeIgniter\CodeIgniter->runController(Object(App\Controllers\Pengguna))
#7 C:\laragon\www\sikapnew\system\CodeIgniter.php(326): CodeIgniter\CodeIgniter->handleRequest(NULL, Object(Config\Cache), false)
#8 C:\laragon\www\sikapnew\public\index.php(37): CodeIgniter\CodeIgniter->run()
#9 C:\laragon\www\sikapnew\system\Commands\Server\rewrite.php(43): require_once('C:\\laragon\\www\\...')
#10 {main}
CRITICAL - 2022-07-10 07:57:28 --> Trying to access array offset on value of type null
#0 C:\laragon\www\sikapnew\app\Views\pengguna\edit.php(42): CodeIgniter\Debug\Exceptions->errorHandler(8, 'Trying to acces...', 'C:\\laragon\\www\\...', 42, Array)
#1 C:\laragon\www\sikapnew\system\View\View.php(210): include('C:\\laragon\\www\\...')
#2 C:\laragon\www\sikapnew\system\View\View.php(213): CodeIgniter\View\View->CodeIgniter\View\{closure}()
#3 C:\laragon\www\sikapnew\system\Common.php(1089): CodeIgniter\View\View->render('pengguna/edit', Array, true)
#4 C:\laragon\www\sikapnew\app\Controllers\Pengguna.php(85): view('pengguna/edit', Array)
#5 C:\laragon\www\sikapnew\system\CodeIgniter.php(832): App\Controllers\Pengguna->edit('assets', 'images', 'users', 'avatar-6.jpg')
#6 C:\laragon\www\sikapnew\system\CodeIgniter.php(419): CodeIgniter\CodeIgniter->runController(Object(App\Controllers\Pengguna))
#7 C:\laragon\www\sikapnew\system\CodeIgniter.php(326): CodeIgniter\CodeIgniter->handleRequest(NULL, Object(Config\Cache), false)
#8 C:\laragon\www\sikapnew\public\index.php(37): CodeIgniter\CodeIgniter->run()
#9 C:\laragon\www\sikapnew\system\Commands\Server\rewrite.php(43): require_once('C:\\laragon\\www\\...')
#10 {main}
CRITICAL - 2022-07-10 08:00:39 --> Trying to access array offset on value of type null
#0 C:\laragon\www\sikapnew\app\Views\pengguna\edit.php(109): CodeIgniter\Debug\Exceptions->errorHandler(8, 'Trying to acces...', 'C:\\laragon\\www\\...', 109, Array)
#1 C:\laragon\www\sikapnew\system\View\View.php(210): include('C:\\laragon\\www\\...')
#2 C:\laragon\www\sikapnew\system\View\View.php(213): CodeIgniter\View\View->CodeIgniter\View\{closure}()
#3 C:\laragon\www\sikapnew\system\Common.php(1089): CodeIgniter\View\View->render('pengguna/edit', Array, true)
#4 C:\laragon\www\sikapnew\app\Controllers\Pengguna.php(85): view('pengguna/edit', Array)
#5 C:\laragon\www\sikapnew\system\CodeIgniter.php(832): App\Controllers\Pengguna->edit('assets', 'images', 'logo-sm.svg')
#6 C:\laragon\www\sikapnew\system\CodeIgniter.php(419): CodeIgniter\CodeIgniter->runController(Object(App\Controllers\Pengguna))
#7 C:\laragon\www\sikapnew\system\CodeIgniter.php(326): CodeIgniter\CodeIgniter->handleRequest(NULL, Object(Config\Cache), false)
#8 C:\laragon\www\sikapnew\public\index.php(37): CodeIgniter\CodeIgniter->run()
#9 C:\laragon\www\sikapnew\system\Commands\Server\rewrite.php(43): require_once('C:\\laragon\\www\\...')
#10 {main}
CRITICAL - 2022-07-10 08:00:39 --> Trying to access array offset on value of type null
#0 C:\laragon\www\sikapnew\app\Views\pengguna\edit.php(109): CodeIgniter\Debug\Exceptions->errorHandler(8, 'Trying to acces...', 'C:\\laragon\\www\\...', 109, Array)
#1 C:\laragon\www\sikapnew\system\View\View.php(210): include('C:\\laragon\\www\\...')
#2 C:\laragon\www\sikapnew\system\View\View.php(213): CodeIgniter\View\View->CodeIgniter\View\{closure}()
#3 C:\laragon\www\sikapnew\system\Common.php(1089): CodeIgniter\View\View->render('pengguna/edit', Array, true)
#4 C:\laragon\www\sikapnew\app\Controllers\Pengguna.php(85): view('pengguna/edit', Array)
#5 C:\laragon\www\sikapnew\system\CodeIgniter.php(832): App\Controllers\Pengguna->edit('assets', 'images', 'users', 'avatar-3.jpg')
#6 C:\laragon\www\sikapnew\system\CodeIgniter.php(419): CodeIgniter\CodeIgniter->runController(Object(App\Controllers\Pengguna))
#7 C:\laragon\www\sikapnew\system\CodeIgniter.php(326): CodeIgniter\CodeIgniter->handleRequest(NULL, Object(Config\Cache), false)
#8 C:\laragon\www\sikapnew\public\index.php(37): CodeIgniter\CodeIgniter->run()
#9 C:\laragon\www\sikapnew\system\Commands\Server\rewrite.php(43): require_once('C:\\laragon\\www\\...')
#10 {main}
CRITICAL - 2022-07-10 08:00:40 --> Trying to access array offset on value of type null
#0 C:\laragon\www\sikapnew\app\Views\pengguna\edit.php(109): CodeIgniter\Debug\Exceptions->errorHandler(8, 'Trying to acces...', 'C:\\laragon\\www\\...', 109, Array)
#1 C:\laragon\www\sikapnew\system\View\View.php(210): include('C:\\laragon\\www\\...')
#2 C:\laragon\www\sikapnew\system\View\View.php(213): CodeIgniter\View\View->CodeIgniter\View\{closure}()
#3 C:\laragon\www\sikapnew\system\Common.php(1089): CodeIgniter\View\View->render('pengguna/edit', Array, true)
#4 C:\laragon\www\sikapnew\app\Controllers\Pengguna.php(85): view('pengguna/edit', Array)
#5 C:\laragon\www\sikapnew\system\CodeIgniter.php(832): App\Controllers\Pengguna->edit('assets', 'images', 'users', 'avatar-6.jpg')
#6 C:\laragon\www\sikapnew\system\CodeIgniter.php(419): CodeIgniter\CodeIgniter->runController(Object(App\Controllers\Pengguna))
#7 C:\laragon\www\sikapnew\system\CodeIgniter.php(326): CodeIgniter\CodeIgniter->handleRequest(NULL, Object(Config\Cache), false)
#8 C:\laragon\www\sikapnew\public\index.php(37): CodeIgniter\CodeIgniter->run()
#9 C:\laragon\www\sikapnew\system\Commands\Server\rewrite.php(43): require_once('C:\\laragon\\www\\...')
#10 {main}
CRITICAL - 2022-07-10 08:02:14 --> Trying to access array offset on value of type null
#0 C:\laragon\www\sikapnew\app\Views\pengguna\edit.php(93): CodeIgniter\Debug\Exceptions->errorHandler(8, 'Trying to acces...', 'C:\\laragon\\www\\...', 93, Array)
#1 C:\laragon\www\sikapnew\system\View\View.php(210): include('C:\\laragon\\www\\...')
#2 C:\laragon\www\sikapnew\system\View\View.php(213): CodeIgniter\View\View->CodeIgniter\View\{closure}()
#3 C:\laragon\www\sikapnew\system\Common.php(1089): CodeIgniter\View\View->render('pengguna/edit', Array, true)
#4 C:\laragon\www\sikapnew\app\Controllers\Pengguna.php(85): view('pengguna/edit', Array)
#5 C:\laragon\www\sikapnew\system\CodeIgniter.php(832): App\Controllers\Pengguna->edit('assets', 'images', 'logo-sm.svg')
#6 C:\laragon\www\sikapnew\system\CodeIgniter.php(419): CodeIgniter\CodeIgniter->runController(Object(App\Controllers\Pengguna))
#7 C:\laragon\www\sikapnew\system\CodeIgniter.php(326): CodeIgniter\CodeIgniter->handleRequest(NULL, Object(Config\Cache), false)
#8 C:\laragon\www\sikapnew\public\index.php(37): CodeIgniter\CodeIgniter->run()
#9 C:\laragon\www\sikapnew\system\Commands\Server\rewrite.php(43): require_once('C:\\laragon\\www\\...')
#10 {main}
CRITICAL - 2022-07-10 08:02:15 --> Trying to access array offset on value of type null
#0 C:\laragon\www\sikapnew\app\Views\pengguna\edit.php(93): CodeIgniter\Debug\Exceptions->errorHandler(8, 'Trying to acces...', 'C:\\laragon\\www\\...', 93, Array)
#1 C:\laragon\www\sikapnew\system\View\View.php(210): include('C:\\laragon\\www\\...')
#2 C:\laragon\www\sikapnew\system\View\View.php(213): CodeIgniter\View\View->CodeIgniter\View\{closure}()
#3 C:\laragon\www\sikapnew\system\Common.php(1089): CodeIgniter\View\View->render('pengguna/edit', Array, true)
#4 C:\laragon\www\sikapnew\app\Controllers\Pengguna.php(85): view('pengguna/edit', Array)
#5 C:\laragon\www\sikapnew\system\CodeIgniter.php(832): App\Controllers\Pengguna->edit('assets', 'images', 'users', 'avatar-3.jpg')
#6 C:\laragon\www\sikapnew\system\CodeIgniter.php(419): CodeIgniter\CodeIgniter->runController(Object(App\Controllers\Pengguna))
#7 C:\laragon\www\sikapnew\system\CodeIgniter.php(326): CodeIgniter\CodeIgniter->handleRequest(NULL, Object(Config\Cache), false)
#8 C:\laragon\www\sikapnew\public\index.php(37): CodeIgniter\CodeIgniter->run()
#9 C:\laragon\www\sikapnew\system\Commands\Server\rewrite.php(43): require_once('C:\\laragon\\www\\...')
#10 {main}
CRITICAL - 2022-07-10 08:02:15 --> Trying to access array offset on value of type null
#0 C:\laragon\www\sikapnew\app\Views\pengguna\edit.php(93): CodeIgniter\Debug\Exceptions->errorHandler(8, 'Trying to acces...', 'C:\\laragon\\www\\...', 93, Array)
#1 C:\laragon\www\sikapnew\system\View\View.php(210): include('C:\\laragon\\www\\...')
#2 C:\laragon\www\sikapnew\system\View\View.php(213): CodeIgniter\View\View->CodeIgniter\View\{closure}()
#3 C:\laragon\www\sikapnew\system\Common.php(1089): CodeIgniter\View\View->render('pengguna/edit', Array, true)
#4 C:\laragon\www\sikapnew\app\Controllers\Pengguna.php(85): view('pengguna/edit', Array)
#5 C:\laragon\www\sikapnew\system\CodeIgniter.php(832): App\Controllers\Pengguna->edit('assets', 'images', 'users', 'avatar-6.jpg')
#6 C:\laragon\www\sikapnew\system\CodeIgniter.php(419): CodeIgniter\CodeIgniter->runController(Object(App\Controllers\Pengguna))
#7 C:\laragon\www\sikapnew\system\CodeIgniter.php(326): CodeIgniter\CodeIgniter->handleRequest(NULL, Object(Config\Cache), false)
#8 C:\laragon\www\sikapnew\public\index.php(37): CodeIgniter\CodeIgniter->run()
#9 C:\laragon\www\sikapnew\system\Commands\Server\rewrite.php(43): require_once('C:\\laragon\\www\\...')
#10 {main}
CRITICAL - 2022-07-10 08:03:05 --> Trying to access array offset on value of type null
#0 C:\laragon\www\sikapnew\app\Views\pengguna\edit.php(89): CodeIgniter\Debug\Exceptions->errorHandler(8, 'Trying to acces...', 'C:\\laragon\\www\\...', 89, Array)
#1 C:\laragon\www\sikapnew\system\View\View.php(210): include('C:\\laragon\\www\\...')
#2 C:\laragon\www\sikapnew\system\View\View.php(213): CodeIgniter\View\View->CodeIgniter\View\{closure}()
#3 C:\laragon\www\sikapnew\system\Common.php(1089): CodeIgniter\View\View->render('pengguna/edit', Array, true)
#4 C:\laragon\www\sikapnew\app\Controllers\Pengguna.php(85): view('pengguna/edit', Array)
#5 C:\laragon\www\sikapnew\system\CodeIgniter.php(832): App\Controllers\Pengguna->edit('assets', 'images', 'logo-sm.svg')
#6 C:\laragon\www\sikapnew\system\CodeIgniter.php(419): CodeIgniter\CodeIgniter->runController(Object(App\Controllers\Pengguna))
#7 C:\laragon\www\sikapnew\system\CodeIgniter.php(326): CodeIgniter\CodeIgniter->handleRequest(NULL, Object(Config\Cache), false)
#8 C:\laragon\www\sikapnew\public\index.php(37): CodeIgniter\CodeIgniter->run()
#9 C:\laragon\www\sikapnew\system\Commands\Server\rewrite.php(43): require_once('C:\\laragon\\www\\...')
#10 {main}
CRITICAL - 2022-07-10 08:03:05 --> Trying to access array offset on value of type null
#0 C:\laragon\www\sikapnew\app\Views\pengguna\edit.php(89): CodeIgniter\Debug\Exceptions->errorHandler(8, 'Trying to acces...', 'C:\\laragon\\www\\...', 89, Array)
#1 C:\laragon\www\sikapnew\system\View\View.php(210): include('C:\\laragon\\www\\...')
#2 C:\laragon\www\sikapnew\system\View\View.php(213): CodeIgniter\View\View->CodeIgniter\View\{closure}()
#3 C:\laragon\www\sikapnew\system\Common.php(1089): CodeIgniter\View\View->render('pengguna/edit', Array, true)
#4 C:\laragon\www\sikapnew\app\Controllers\Pengguna.php(85): view('pengguna/edit', Array)
#5 C:\laragon\www\sikapnew\system\CodeIgniter.php(832): App\Controllers\Pengguna->edit('assets', 'images', 'users', 'avatar-3.jpg')
#6 C:\laragon\www\sikapnew\system\CodeIgniter.php(419): CodeIgniter\CodeIgniter->runController(Object(App\Controllers\Pengguna))
#7 C:\laragon\www\sikapnew\system\CodeIgniter.php(326): CodeIgniter\CodeIgniter->handleRequest(NULL, Object(Config\Cache), false)
#8 C:\laragon\www\sikapnew\public\index.php(37): CodeIgniter\CodeIgniter->run()
#9 C:\laragon\www\sikapnew\system\Commands\Server\rewrite.php(43): require_once('C:\\laragon\\www\\...')
#10 {main}
CRITICAL - 2022-07-10 08:03:06 --> Trying to access array offset on value of type null
#0 C:\laragon\www\sikapnew\app\Views\pengguna\edit.php(89): CodeIgniter\Debug\Exceptions->errorHandler(8, 'Trying to acces...', 'C:\\laragon\\www\\...', 89, Array)
#1 C:\laragon\www\sikapnew\system\View\View.php(210): include('C:\\laragon\\www\\...')
#2 C:\laragon\www\sikapnew\system\View\View.php(213): CodeIgniter\View\View->CodeIgniter\View\{closure}()
#3 C:\laragon\www\sikapnew\system\Common.php(1089): CodeIgniter\View\View->render('pengguna/edit', Array, true)
#4 C:\laragon\www\sikapnew\app\Controllers\Pengguna.php(85): view('pengguna/edit', Array)
#5 C:\laragon\www\sikapnew\system\CodeIgniter.php(832): App\Controllers\Pengguna->edit('assets', 'images', 'users', 'avatar-6.jpg')
#6 C:\laragon\www\sikapnew\system\CodeIgniter.php(419): CodeIgniter\CodeIgniter->runController(Object(App\Controllers\Pengguna))
#7 C:\laragon\www\sikapnew\system\CodeIgniter.php(326): CodeIgniter\CodeIgniter->handleRequest(NULL, Object(Config\Cache), false)
#8 C:\laragon\www\sikapnew\public\index.php(37): CodeIgniter\CodeIgniter->run()
#9 C:\laragon\www\sikapnew\system\Commands\Server\rewrite.php(43): require_once('C:\\laragon\\www\\...')
#10 {main}
CRITICAL - 2022-07-10 08:03:54 --> Trying to access array offset on value of type null
#0 C:\laragon\www\sikapnew\app\Views\pengguna\edit.php(88): CodeIgniter\Debug\Exceptions->errorHandler(8, 'Trying to acces...', 'C:\\laragon\\www\\...', 88, Array)
#1 C:\laragon\www\sikapnew\system\View\View.php(210): include('C:\\laragon\\www\\...')
#2 C:\laragon\www\sikapnew\system\View\View.php(213): CodeIgniter\View\View->CodeIgniter\View\{closure}()
#3 C:\laragon\www\sikapnew\system\Common.php(1089): CodeIgniter\View\View->render('pengguna/edit', Array, true)
#4 C:\laragon\www\sikapnew\app\Controllers\Pengguna.php(85): view('pengguna/edit', Array)
#5 C:\laragon\www\sikapnew\system\CodeIgniter.php(832): App\Controllers\Pengguna->edit('assets', 'images', 'logo-sm.svg')
#6 C:\laragon\www\sikapnew\system\CodeIgniter.php(419): CodeIgniter\CodeIgniter->runController(Object(App\Controllers\Pengguna))
#7 C:\laragon\www\sikapnew\system\CodeIgniter.php(326): CodeIgniter\CodeIgniter->handleRequest(NULL, Object(Config\Cache), false)
#8 C:\laragon\www\sikapnew\public\index.php(37): CodeIgniter\CodeIgniter->run()
#9 C:\laragon\www\sikapnew\system\Commands\Server\rewrite.php(43): require_once('C:\\laragon\\www\\...')
#10 {main}
CRITICAL - 2022-07-10 08:03:54 --> Trying to access array offset on value of type null
#0 C:\laragon\www\sikapnew\app\Views\pengguna\edit.php(88): CodeIgniter\Debug\Exceptions->errorHandler(8, 'Trying to acces...', 'C:\\laragon\\www\\...', 88, Array)
#1 C:\laragon\www\sikapnew\system\View\View.php(210): include('C:\\laragon\\www\\...')
#2 C:\laragon\www\sikapnew\system\View\View.php(213): CodeIgniter\View\View->CodeIgniter\View\{closure}()
#3 C:\laragon\www\sikapnew\system\Common.php(1089): CodeIgniter\View\View->render('pengguna/edit', Array, true)
#4 C:\laragon\www\sikapnew\app\Controllers\Pengguna.php(85): view('pengguna/edit', Array)
#5 C:\laragon\www\sikapnew\system\CodeIgniter.php(832): App\Controllers\Pengguna->edit('assets', 'images', 'users', 'avatar-3.jpg')
#6 C:\laragon\www\sikapnew\system\CodeIgniter.php(419): CodeIgniter\CodeIgniter->runController(Object(App\Controllers\Pengguna))
#7 C:\laragon\www\sikapnew\system\CodeIgniter.php(326): CodeIgniter\CodeIgniter->handleRequest(NULL, Object(Config\Cache), false)
#8 C:\laragon\www\sikapnew\public\index.php(37): CodeIgniter\CodeIgniter->run()
#9 C:\laragon\www\sikapnew\system\Commands\Server\rewrite.php(43): require_once('C:\\laragon\\www\\...')
#10 {main}
CRITICAL - 2022-07-10 08:03:55 --> Trying to access array offset on value of type null
#0 C:\laragon\www\sikapnew\app\Views\pengguna\edit.php(88): CodeIgniter\Debug\Exceptions->errorHandler(8, 'Trying to acces...', 'C:\\laragon\\www\\...', 88, Array)
#1 C:\laragon\www\sikapnew\system\View\View.php(210): include('C:\\laragon\\www\\...')
#2 C:\laragon\www\sikapnew\system\View\View.php(213): CodeIgniter\View\View->CodeIgniter\View\{closure}()
#3 C:\laragon\www\sikapnew\system\Common.php(1089): CodeIgniter\View\View->render('pengguna/edit', Array, true)
#4 C:\laragon\www\sikapnew\app\Controllers\Pengguna.php(85): view('pengguna/edit', Array)
#5 C:\laragon\www\sikapnew\system\CodeIgniter.php(832): App\Controllers\Pengguna->edit('assets', 'images', 'users', 'avatar-6.jpg')
#6 C:\laragon\www\sikapnew\system\CodeIgniter.php(419): CodeIgniter\CodeIgniter->runController(Object(App\Controllers\Pengguna))
#7 C:\laragon\www\sikapnew\system\CodeIgniter.php(326): CodeIgniter\CodeIgniter->handleRequest(NULL, Object(Config\Cache), false)
#8 C:\laragon\www\sikapnew\public\index.php(37): CodeIgniter\CodeIgniter->run()
#9 C:\laragon\www\sikapnew\system\Commands\Server\rewrite.php(43): require_once('C:\\laragon\\www\\...')
#10 {main}
CRITICAL - 2022-07-10 08:04:40 --> Trying to access array offset on value of type null
#0 C:\laragon\www\sikapnew\app\Views\pengguna\edit.php(63): CodeIgniter\Debug\Exceptions->errorHandler(8, 'Trying to acces...', 'C:\\laragon\\www\\...', 63, Array)
#1 C:\laragon\www\sikapnew\system\View\View.php(210): include('C:\\laragon\\www\\...')
#2 C:\laragon\www\sikapnew\system\View\View.php(213): CodeIgniter\View\View->CodeIgniter\View\{closure}()
#3 C:\laragon\www\sikapnew\system\Common.php(1089): CodeIgniter\View\View->render('pengguna/edit', Array, true)
#4 C:\laragon\www\sikapnew\app\Controllers\Pengguna.php(85): view('pengguna/edit', Array)
#5 C:\laragon\www\sikapnew\system\CodeIgniter.php(832): App\Controllers\Pengguna->edit('assets', 'images', 'logo-sm.svg')
#6 C:\laragon\www\sikapnew\system\CodeIgniter.php(419): CodeIgniter\CodeIgniter->runController(Object(App\Controllers\Pengguna))
#7 C:\laragon\www\sikapnew\system\CodeIgniter.php(326): CodeIgniter\CodeIgniter->handleRequest(NULL, Object(Config\Cache), false)
#8 C:\laragon\www\sikapnew\public\index.php(37): CodeIgniter\CodeIgniter->run()
#9 C:\laragon\www\sikapnew\system\Commands\Server\rewrite.php(43): require_once('C:\\laragon\\www\\...')
#10 {main}
CRITICAL - 2022-07-10 08:04:40 --> Trying to access array offset on value of type null
#0 C:\laragon\www\sikapnew\app\Views\pengguna\edit.php(63): CodeIgniter\Debug\Exceptions->errorHandler(8, 'Trying to acces...', 'C:\\laragon\\www\\...', 63, Array)
#1 C:\laragon\www\sikapnew\system\View\View.php(210): include('C:\\laragon\\www\\...')
#2 C:\laragon\www\sikapnew\system\View\View.php(213): CodeIgniter\View\View->CodeIgniter\View\{closure}()
#3 C:\laragon\www\sikapnew\system\Common.php(1089): CodeIgniter\View\View->render('pengguna/edit', Array, true)
#4 C:\laragon\www\sikapnew\app\Controllers\Pengguna.php(85): view('pengguna/edit', Array)
#5 C:\laragon\www\sikapnew\system\CodeIgniter.php(832): App\Controllers\Pengguna->edit('assets', 'images', 'users', 'avatar-3.jpg')
#6 C:\laragon\www\sikapnew\system\CodeIgniter.php(419): CodeIgniter\CodeIgniter->runController(Object(App\Controllers\Pengguna))
#7 C:\laragon\www\sikapnew\system\CodeIgniter.php(326): CodeIgniter\CodeIgniter->handleRequest(NULL, Object(Config\Cache), false)
#8 C:\laragon\www\sikapnew\public\index.php(37): CodeIgniter\CodeIgniter->run()
#9 C:\laragon\www\sikapnew\system\Commands\Server\rewrite.php(43): require_once('C:\\laragon\\www\\...')
#10 {main}
CRITICAL - 2022-07-10 08:04:40 --> Trying to access array offset on value of type null
#0 C:\laragon\www\sikapnew\app\Views\pengguna\edit.php(63): CodeIgniter\Debug\Exceptions->errorHandler(8, 'Trying to acces...', 'C:\\laragon\\www\\...', 63, Array)
#1 C:\laragon\www\sikapnew\system\View\View.php(210): include('C:\\laragon\\www\\...')
#2 C:\laragon\www\sikapnew\system\View\View.php(213): CodeIgniter\View\View->CodeIgniter\View\{closure}()
#3 C:\laragon\www\sikapnew\system\Common.php(1089): CodeIgniter\View\View->render('pengguna/edit', Array, true)
#4 C:\laragon\www\sikapnew\app\Controllers\Pengguna.php(85): view('pengguna/edit', Array)
#5 C:\laragon\www\sikapnew\system\CodeIgniter.php(832): App\Controllers\Pengguna->edit('assets', 'images', 'users', 'avatar-6.jpg')
#6 C:\laragon\www\sikapnew\system\CodeIgniter.php(419): CodeIgniter\CodeIgniter->runController(Object(App\Controllers\Pengguna))
#7 C:\laragon\www\sikapnew\system\CodeIgniter.php(326): CodeIgniter\CodeIgniter->handleRequest(NULL, Object(Config\Cache), false)
#8 C:\laragon\www\sikapnew\public\index.php(37): CodeIgniter\CodeIgniter->run()
#9 C:\laragon\www\sikapnew\system\Commands\Server\rewrite.php(43): require_once('C:\\laragon\\www\\...')
#10 {main}
CRITICAL - 2022-07-10 08:06:39 --> Trying to access array offset on value of type null
#0 C:\laragon\www\sikapnew\app\Views\pengguna\edit.php(62): CodeIgniter\Debug\Exceptions->errorHandler(8, 'Trying to acces...', 'C:\\laragon\\www\\...', 62, Array)
#1 C:\laragon\www\sikapnew\system\View\View.php(210): include('C:\\laragon\\www\\...')
#2 C:\laragon\www\sikapnew\system\View\View.php(213): CodeIgniter\View\View->CodeIgniter\View\{closure}()
#3 C:\laragon\www\sikapnew\system\Common.php(1089): CodeIgniter\View\View->render('pengguna/edit', Array, true)
#4 C:\laragon\www\sikapnew\app\Controllers\Pengguna.php(85): view('pengguna/edit', Array)
#5 C:\laragon\www\sikapnew\system\CodeIgniter.php(832): App\Controllers\Pengguna->edit('assets', 'images', 'logo-sm.svg')
#6 C:\laragon\www\sikapnew\system\CodeIgniter.php(419): CodeIgniter\CodeIgniter->runController(Object(App\Controllers\Pengguna))
#7 C:\laragon\www\sikapnew\system\CodeIgniter.php(326): CodeIgniter\CodeIgniter->handleRequest(NULL, Object(Config\Cache), false)
#8 C:\laragon\www\sikapnew\public\index.php(37): CodeIgniter\CodeIgniter->run()
#9 C:\laragon\www\sikapnew\system\Commands\Server\rewrite.php(43): require_once('C:\\laragon\\www\\...')
#10 {main}
CRITICAL - 2022-07-10 08:06:39 --> Trying to access array offset on value of type null
#0 C:\laragon\www\sikapnew\app\Views\pengguna\edit.php(62): CodeIgniter\Debug\Exceptions->errorHandler(8, 'Trying to acces...', 'C:\\laragon\\www\\...', 62, Array)
#1 C:\laragon\www\sikapnew\system\View\View.php(210): include('C:\\laragon\\www\\...')
#2 C:\laragon\www\sikapnew\system\View\View.php(213): CodeIgniter\View\View->CodeIgniter\View\{closure}()
#3 C:\laragon\www\sikapnew\system\Common.php(1089): CodeIgniter\View\View->render('pengguna/edit', Array, true)
#4 C:\laragon\www\sikapnew\app\Controllers\Pengguna.php(85): view('pengguna/edit', Array)
#5 C:\laragon\www\sikapnew\system\CodeIgniter.php(832): App\Controllers\Pengguna->edit('assets', 'images', 'users', 'avatar-3.jpg')
#6 C:\laragon\www\sikapnew\system\CodeIgniter.php(419): CodeIgniter\CodeIgniter->runController(Object(App\Controllers\Pengguna))
#7 C:\laragon\www\sikapnew\system\CodeIgniter.php(326): CodeIgniter\CodeIgniter->handleRequest(NULL, Object(Config\Cache), false)
#8 C:\laragon\www\sikapnew\public\index.php(37): CodeIgniter\CodeIgniter->run()
#9 C:\laragon\www\sikapnew\system\Commands\Server\rewrite.php(43): require_once('C:\\laragon\\www\\...')
#10 {main}
CRITICAL - 2022-07-10 08:06:40 --> Trying to access array offset on value of type null
#0 C:\laragon\www\sikapnew\app\Views\pengguna\edit.php(62): CodeIgniter\Debug\Exceptions->errorHandler(8, 'Trying to acces...', 'C:\\laragon\\www\\...', 62, Array)
#1 C:\laragon\www\sikapnew\system\View\View.php(210): include('C:\\laragon\\www\\...')
#2 C:\laragon\www\sikapnew\system\View\View.php(213): CodeIgniter\View\View->CodeIgniter\View\{closure}()
#3 C:\laragon\www\sikapnew\system\Common.php(1089): CodeIgniter\View\View->render('pengguna/edit', Array, true)
#4 C:\laragon\www\sikapnew\app\Controllers\Pengguna.php(85): view('pengguna/edit', Array)
#5 C:\laragon\www\sikapnew\system\CodeIgniter.php(832): App\Controllers\Pengguna->edit('assets', 'images', 'users', 'avatar-6.jpg')
#6 C:\laragon\www\sikapnew\system\CodeIgniter.php(419): CodeIgniter\CodeIgniter->runController(Object(App\Controllers\Pengguna))
#7 C:\laragon\www\sikapnew\system\CodeIgniter.php(326): CodeIgniter\CodeIgniter->handleRequest(NULL, Object(Config\Cache), false)
#8 C:\laragon\www\sikapnew\public\index.php(37): CodeIgniter\CodeIgniter->run()
#9 C:\laragon\www\sikapnew\system\Commands\Server\rewrite.php(43): require_once('C:\\laragon\\www\\...')
#10 {main}
