CRITICAL - 2022-02-28 09:13:17 --> Invalid file: partials/head-css.php
#0 C:\laragon\www\sikapnew\system\View\View.php(198): CodeIgniter\Exceptions\FrameworkException::forInvalidFile('partials/head-c...')
#1 C:\laragon\www\sikapnew\system\View\View.php(424): CodeIgniter\View\View->render('partials/head-c...', NULL, true)
#2 C:\laragon\www\sikapnew\app\Views\login_view.php(14): CodeIgniter\View\View->include('partials/head-c...')
#3 C:\laragon\www\sikapnew\system\View\View.php(210): include('C:\\laragon\\www\\...')
#4 C:\laragon\www\sikapnew\system\View\View.php(213): CodeIgniter\View\View->CodeIgniter\View\{closure}()
#5 C:\laragon\www\sikapnew\system\Common.php(1089): CodeIgniter\View\View->render('login_view', Array, true)
#6 C:\laragon\www\sikapnew\app\Controllers\Home.php(9): view('login_view')
#7 C:\laragon\www\sikapnew\system\CodeIgniter.php(832): App\Controllers\Home->index()
#8 C:\laragon\www\sikapnew\system\CodeIgniter.php(419): CodeIgniter\CodeIgniter->runController(Object(App\Controllers\Home))
#9 C:\laragon\www\sikapnew\system\CodeIgniter.php(326): CodeIgniter\CodeIgniter->handleRequest(NULL, Object(Config\Cache), false)
#10 C:\laragon\www\sikapnew\public\index.php(37): CodeIgniter\CodeIgniter->run()
#11 C:\laragon\www\sikapnew\system\Commands\Server\rewrite.php(43): require_once('C:\\laragon\\www\\...')
#12 {main}
CRITICAL - 2022-02-28 09:13:59 --> Invalid file: partials/body.php
#0 C:\laragon\www\sikapnew\system\View\View.php(198): CodeIgniter\Exceptions\FrameworkException::forInvalidFile('partials/body.p...')
#1 C:\laragon\www\sikapnew\system\View\View.php(424): CodeIgniter\View\View->render('partials/body', NULL, true)
#2 C:\laragon\www\sikapnew\app\Views\login_view.php(26): CodeIgniter\View\View->include('partials/body')
#3 C:\laragon\www\sikapnew\system\View\View.php(210): include('C:\\laragon\\www\\...')
#4 C:\laragon\www\sikapnew\system\View\View.php(213): CodeIgniter\View\View->CodeIgniter\View\{closure}()
#5 C:\laragon\www\sikapnew\system\Common.php(1089): CodeIgniter\View\View->render('login_view', Array, true)
#6 C:\laragon\www\sikapnew\app\Controllers\Home.php(9): view('login_view')
#7 C:\laragon\www\sikapnew\system\CodeIgniter.php(832): App\Controllers\Home->index()
#8 C:\laragon\www\sikapnew\system\CodeIgniter.php(419): CodeIgniter\CodeIgniter->runController(Object(App\Controllers\Home))
#9 C:\laragon\www\sikapnew\system\CodeIgniter.php(326): CodeIgniter\CodeIgniter->handleRequest(NULL, Object(Config\Cache), false)
#10 C:\laragon\www\sikapnew\public\index.php(37): CodeIgniter\CodeIgniter->run()
#11 C:\laragon\www\sikapnew\system\Commands\Server\rewrite.php(43): require_once('C:\\laragon\\www\\...')
#12 {main}
CRITICAL - 2022-02-28 09:14:18 --> Call to undefined function set_value()
#0 C:\laragon\www\sikapnew\system\View\View.php(210): include()
#1 C:\laragon\www\sikapnew\system\View\View.php(213): CodeIgniter\View\View->CodeIgniter\View\{closure}()
#2 C:\laragon\www\sikapnew\system\Common.php(1089): CodeIgniter\View\View->render('login_view', Array, true)
#3 C:\laragon\www\sikapnew\app\Controllers\Home.php(9): view('login_view')
#4 C:\laragon\www\sikapnew\system\CodeIgniter.php(832): App\Controllers\Home->index()
#5 C:\laragon\www\sikapnew\system\CodeIgniter.php(419): CodeIgniter\CodeIgniter->runController(Object(App\Controllers\Home))
#6 C:\laragon\www\sikapnew\system\CodeIgniter.php(326): CodeIgniter\CodeIgniter->handleRequest(NULL, Object(Config\Cache), false)
#7 C:\laragon\www\sikapnew\public\index.php(37): CodeIgniter\CodeIgniter->run()
#8 C:\laragon\www\sikapnew\system\Commands\Server\rewrite.php(43): require_once('C:\\laragon\\www\\...')
#9 {main}
CRITICAL - 2022-02-28 09:15:03 --> Invalid file: partials/vendor-scripts.php
#0 C:\laragon\www\sikapnew\system\View\View.php(198): CodeIgniter\Exceptions\FrameworkException::forInvalidFile('partials/vendor...')
#1 C:\laragon\www\sikapnew\system\View\View.php(424): CodeIgniter\View\View->render('partials/vendor...', NULL, true)
#2 C:\laragon\www\sikapnew\app\Views\login_view.php(219): CodeIgniter\View\View->include('partials/vendor...')
#3 C:\laragon\www\sikapnew\system\View\View.php(210): include('C:\\laragon\\www\\...')
#4 C:\laragon\www\sikapnew\system\View\View.php(213): CodeIgniter\View\View->CodeIgniter\View\{closure}()
#5 C:\laragon\www\sikapnew\system\Common.php(1089): CodeIgniter\View\View->render('login_view', Array, true)
#6 C:\laragon\www\sikapnew\app\Controllers\Home.php(9): view('login_view')
#7 C:\laragon\www\sikapnew\system\CodeIgniter.php(832): App\Controllers\Home->index()
#8 C:\laragon\www\sikapnew\system\CodeIgniter.php(419): CodeIgniter\CodeIgniter->runController(Object(App\Controllers\Home))
#9 C:\laragon\www\sikapnew\system\CodeIgniter.php(326): CodeIgniter\CodeIgniter->handleRequest(NULL, Object(Config\Cache), false)
#10 C:\laragon\www\sikapnew\public\index.php(37): CodeIgniter\CodeIgniter->run()
#11 C:\laragon\www\sikapnew\system\Commands\Server\rewrite.php(43): require_once('C:\\laragon\\www\\...')
#12 {main}
CRITICAL - 2022-02-28 09:23:21 --> Undefined variable: _SESSION
#0 C:\laragon\www\sikapnew\app\Views\dashboard.php(232): CodeIgniter\Debug\Exceptions->errorHandler(8, 'Undefined varia...', 'C:\\laragon\\www\\...', 232, Array)
#1 C:\laragon\www\sikapnew\system\View\View.php(210): include('C:\\laragon\\www\\...')
#2 C:\laragon\www\sikapnew\system\View\View.php(213): CodeIgniter\View\View->CodeIgniter\View\{closure}()
#3 C:\laragon\www\sikapnew\system\Common.php(1089): CodeIgniter\View\View->render('dashboard', Array, true)
#4 C:\laragon\www\sikapnew\app\Controllers\Dashboard.php(10): view('dashboard')
#5 C:\laragon\www\sikapnew\system\CodeIgniter.php(832): App\Controllers\Dashboard->index()
#6 C:\laragon\www\sikapnew\system\CodeIgniter.php(419): CodeIgniter\CodeIgniter->runController(Object(App\Controllers\Dashboard))
#7 C:\laragon\www\sikapnew\system\CodeIgniter.php(326): CodeIgniter\CodeIgniter->handleRequest(NULL, Object(Config\Cache), false)
#8 C:\laragon\www\sikapnew\public\index.php(37): CodeIgniter\CodeIgniter->run()
#9 C:\laragon\www\sikapnew\system\Commands\Server\rewrite.php(43): require_once('C:\\laragon\\www\\...')
#10 {main}
CRITICAL - 2022-02-28 09:37:43 --> usersAuth filter must have a matching alias defined.
#0 C:\laragon\www\sikapnew\system\Filters\Filters.php(340): CodeIgniter\Filters\Exceptions\FilterException::forNoAlias('usersAuth')
#1 C:\laragon\www\sikapnew\system\CodeIgniter.php(384): CodeIgniter\Filters\Filters->enableFilter('usersAuth', 'before')
#2 C:\laragon\www\sikapnew\system\CodeIgniter.php(326): CodeIgniter\CodeIgniter->handleRequest(NULL, Object(Config\Cache), false)
#3 C:\laragon\www\sikapnew\public\index.php(37): CodeIgniter\CodeIgniter->run()
#4 C:\laragon\www\sikapnew\system\Commands\Server\rewrite.php(43): require_once('C:\\laragon\\www\\...')
#5 {main}
CRITICAL - 2022-02-28 09:37:49 --> usersAuth filter must have a matching alias defined.
#0 C:\laragon\www\sikapnew\system\Filters\Filters.php(340): CodeIgniter\Filters\Exceptions\FilterException::forNoAlias('usersAuth')
#1 C:\laragon\www\sikapnew\system\CodeIgniter.php(384): CodeIgniter\Filters\Filters->enableFilter('usersAuth', 'before')
#2 C:\laragon\www\sikapnew\system\CodeIgniter.php(326): CodeIgniter\CodeIgniter->handleRequest(NULL, Object(Config\Cache), false)
#3 C:\laragon\www\sikapnew\public\index.php(37): CodeIgniter\CodeIgniter->run()
#4 C:\laragon\www\sikapnew\system\Commands\Server\rewrite.php(43): require_once('C:\\laragon\\www\\...')
#5 {main}
CRITICAL - 2022-02-28 09:39:02 --> Class 'App\Filters\UsersAuthFilter' not found
#0 C:\laragon\www\sikapnew\system\CodeIgniter.php(393): CodeIgniter\Filters\Filters->run('/', 'before')
#1 C:\laragon\www\sikapnew\system\CodeIgniter.php(326): CodeIgniter\CodeIgniter->handleRequest(NULL, Object(Config\Cache), false)
#2 C:\laragon\www\sikapnew\public\index.php(37): CodeIgniter\CodeIgniter->run()
#3 C:\laragon\www\sikapnew\system\Commands\Server\rewrite.php(43): require_once('C:\\laragon\\www\\...')
#4 {main}
CRITICAL - 2022-02-28 09:58:06 --> Invalid file: partials/menu.php
#0 C:\laragon\www\sikapnew\system\View\View.php(198): CodeIgniter\Exceptions\FrameworkException::forInvalidFile('partials/menu.p...')
#1 C:\laragon\www\sikapnew\system\View\View.php(424): CodeIgniter\View\View->render('partials/menu', NULL, true)
#2 C:\laragon\www\sikapnew\app\Views\dashboard.php(29): CodeIgniter\View\View->include('partials/menu')
#3 C:\laragon\www\sikapnew\system\View\View.php(210): include('C:\\laragon\\www\\...')
#4 C:\laragon\www\sikapnew\system\View\View.php(213): CodeIgniter\View\View->CodeIgniter\View\{closure}()
#5 C:\laragon\www\sikapnew\system\Common.php(1089): CodeIgniter\View\View->render('dashboard', Array, true)
#6 C:\laragon\www\sikapnew\app\Controllers\Dashboard.php(10): view('dashboard')
#7 C:\laragon\www\sikapnew\system\CodeIgniter.php(832): App\Controllers\Dashboard->index()
#8 C:\laragon\www\sikapnew\system\CodeIgniter.php(419): CodeIgniter\CodeIgniter->runController(Object(App\Controllers\Dashboard))
#9 C:\laragon\www\sikapnew\system\CodeIgniter.php(326): CodeIgniter\CodeIgniter->handleRequest(NULL, Object(Config\Cache), false)
#10 C:\laragon\www\sikapnew\public\index.php(37): CodeIgniter\CodeIgniter->run()
#11 C:\laragon\www\sikapnew\system\Commands\Server\rewrite.php(43): require_once('C:\\laragon\\www\\...')
#12 {main}
CRITICAL - 2022-02-28 09:58:45 --> Invalid file: partials/topbar.php
#0 C:\laragon\www\sikapnew\system\View\View.php(198): CodeIgniter\Exceptions\FrameworkException::forInvalidFile('partials/topbar...')
#1 C:\laragon\www\sikapnew\system\View\View.php(424): CodeIgniter\View\View->render('partials/topbar', NULL, true)
#2 C:\laragon\www\sikapnew\app\Views\dashboard.php(29): CodeIgniter\View\View->include('partials/topbar')
#3 C:\laragon\www\sikapnew\system\View\View.php(210): include('C:\\laragon\\www\\...')
#4 C:\laragon\www\sikapnew\system\View\View.php(213): CodeIgniter\View\View->CodeIgniter\View\{closure}()
#5 C:\laragon\www\sikapnew\system\Common.php(1089): CodeIgniter\View\View->render('dashboard', Array, true)
#6 C:\laragon\www\sikapnew\app\Controllers\Dashboard.php(10): view('dashboard')
#7 C:\laragon\www\sikapnew\system\CodeIgniter.php(832): App\Controllers\Dashboard->index()
#8 C:\laragon\www\sikapnew\system\CodeIgniter.php(419): CodeIgniter\CodeIgniter->runController(Object(App\Controllers\Dashboard))
#9 C:\laragon\www\sikapnew\system\CodeIgniter.php(326): CodeIgniter\CodeIgniter->handleRequest(NULL, Object(Config\Cache), false)
#10 C:\laragon\www\sikapnew\public\index.php(37): CodeIgniter\CodeIgniter->run()
#11 C:\laragon\www\sikapnew\system\Commands\Server\rewrite.php(43): require_once('C:\\laragon\\www\\...')
#12 {main}
CRITICAL - 2022-02-28 09:58:48 --> Invalid file: partials/topbar.php
#0 C:\laragon\www\sikapnew\system\View\View.php(198): CodeIgniter\Exceptions\FrameworkException::forInvalidFile('partials/topbar...')
#1 C:\laragon\www\sikapnew\system\View\View.php(424): CodeIgniter\View\View->render('partials/topbar', NULL, true)
#2 C:\laragon\www\sikapnew\app\Views\dashboard.php(29): CodeIgniter\View\View->include('partials/topbar')
#3 C:\laragon\www\sikapnew\system\View\View.php(210): include('C:\\laragon\\www\\...')
#4 C:\laragon\www\sikapnew\system\View\View.php(213): CodeIgniter\View\View->CodeIgniter\View\{closure}()
#5 C:\laragon\www\sikapnew\system\Common.php(1089): CodeIgniter\View\View->render('dashboard', Array, true)
#6 C:\laragon\www\sikapnew\app\Controllers\Dashboard.php(10): view('dashboard')
#7 C:\laragon\www\sikapnew\system\CodeIgniter.php(832): App\Controllers\Dashboard->index()
#8 C:\laragon\www\sikapnew\system\CodeIgniter.php(419): CodeIgniter\CodeIgniter->runController(Object(App\Controllers\Dashboard))
#9 C:\laragon\www\sikapnew\system\CodeIgniter.php(326): CodeIgniter\CodeIgniter->handleRequest(NULL, Object(Config\Cache), false)
#10 C:\laragon\www\sikapnew\public\index.php(37): CodeIgniter\CodeIgniter->run()
#11 C:\laragon\www\sikapnew\system\Commands\Server\rewrite.php(43): require_once('C:\\laragon\\www\\...')
#12 {main}
CRITICAL - 2022-02-28 09:58:58 --> Undefined variable: page_title
#0 C:\laragon\www\sikapnew\app\Views\dashboard.php(41): CodeIgniter\Debug\Exceptions->errorHandler(8, 'Undefined varia...', 'C:\\laragon\\www\\...', 41, Array)
#1 C:\laragon\www\sikapnew\system\View\View.php(210): include('C:\\laragon\\www\\...')
#2 C:\laragon\www\sikapnew\system\View\View.php(213): CodeIgniter\View\View->CodeIgniter\View\{closure}()
#3 C:\laragon\www\sikapnew\system\Common.php(1089): CodeIgniter\View\View->render('dashboard', Array, true)
#4 C:\laragon\www\sikapnew\app\Controllers\Dashboard.php(10): view('dashboard')
#5 C:\laragon\www\sikapnew\system\CodeIgniter.php(832): App\Controllers\Dashboard->index()
#6 C:\laragon\www\sikapnew\system\CodeIgniter.php(419): CodeIgniter\CodeIgniter->runController(Object(App\Controllers\Dashboard))
#7 C:\laragon\www\sikapnew\system\CodeIgniter.php(326): CodeIgniter\CodeIgniter->handleRequest(NULL, Object(Config\Cache), false)
#8 C:\laragon\www\sikapnew\public\index.php(37): CodeIgniter\CodeIgniter->run()
#9 C:\laragon\www\sikapnew\system\Commands\Server\rewrite.php(43): require_once('C:\\laragon\\www\\...')
#10 {main}
CRITICAL - 2022-02-28 09:59:19 --> Undefined property: CodeIgniter\View\View::$session
#0 C:\laragon\www\sikapnew\app\Views\dashboard.php(51): CodeIgniter\Debug\Exceptions->errorHandler(8, 'Undefined prope...', 'C:\\laragon\\www\\...', 51, Array)
#1 C:\laragon\www\sikapnew\system\View\View.php(210): include('C:\\laragon\\www\\...')
#2 C:\laragon\www\sikapnew\system\View\View.php(213): CodeIgniter\View\View->CodeIgniter\View\{closure}()
#3 C:\laragon\www\sikapnew\system\Common.php(1089): CodeIgniter\View\View->render('dashboard', Array, true)
#4 C:\laragon\www\sikapnew\app\Controllers\Dashboard.php(10): view('dashboard')
#5 C:\laragon\www\sikapnew\system\CodeIgniter.php(832): App\Controllers\Dashboard->index()
#6 C:\laragon\www\sikapnew\system\CodeIgniter.php(419): CodeIgniter\CodeIgniter->runController(Object(App\Controllers\Dashboard))
#7 C:\laragon\www\sikapnew\system\CodeIgniter.php(326): CodeIgniter\CodeIgniter->handleRequest(NULL, Object(Config\Cache), false)
#8 C:\laragon\www\sikapnew\public\index.php(37): CodeIgniter\CodeIgniter->run()
#9 C:\laragon\www\sikapnew\system\Commands\Server\rewrite.php(43): require_once('C:\\laragon\\www\\...')
#10 {main}
CRITICAL - 2022-02-28 09:59:42 --> Invalid file: partials/footer.php
#0 C:\laragon\www\sikapnew\system\View\View.php(198): CodeIgniter\Exceptions\FrameworkException::forInvalidFile('partials/footer...')
#1 C:\laragon\www\sikapnew\system\View\View.php(424): CodeIgniter\View\View->render('partials/footer', NULL, true)
#2 C:\laragon\www\sikapnew\app\Views\dashboard.php(470): CodeIgniter\View\View->include('partials/footer')
#3 C:\laragon\www\sikapnew\system\View\View.php(210): include('C:\\laragon\\www\\...')
#4 C:\laragon\www\sikapnew\system\View\View.php(213): CodeIgniter\View\View->CodeIgniter\View\{closure}()
#5 C:\laragon\www\sikapnew\system\Common.php(1089): CodeIgniter\View\View->render('dashboard', Array, true)
#6 C:\laragon\www\sikapnew\app\Controllers\Dashboard.php(10): view('dashboard')
#7 C:\laragon\www\sikapnew\system\CodeIgniter.php(832): App\Controllers\Dashboard->index()
#8 C:\laragon\www\sikapnew\system\CodeIgniter.php(419): CodeIgniter\CodeIgniter->runController(Object(App\Controllers\Dashboard))
#9 C:\laragon\www\sikapnew\system\CodeIgniter.php(326): CodeIgniter\CodeIgniter->handleRequest(NULL, Object(Config\Cache), false)
#10 C:\laragon\www\sikapnew\public\index.php(37): CodeIgniter\CodeIgniter->run()
#11 C:\laragon\www\sikapnew\system\Commands\Server\rewrite.php(43): require_once('C:\\laragon\\www\\...')
#12 {main}
CRITICAL - 2022-02-28 10:10:15 --> Invalid file: partials/title-meta.php
#0 C:\laragon\www\sikapnew\system\View\View.php(198): CodeIgniter\Exceptions\FrameworkException::forInvalidFile('partials/title-...')
#1 C:\laragon\www\sikapnew\system\Common.php(1089): CodeIgniter\View\View->render('partials/title-...', Array, true)
#2 C:\laragon\www\sikapnew\app\Controllers\Dashboard.php(11): view('partials/title-...', Array)
#3 C:\laragon\www\sikapnew\system\CodeIgniter.php(832): App\Controllers\Dashboard->index()
#4 C:\laragon\www\sikapnew\system\CodeIgniter.php(419): CodeIgniter\CodeIgniter->runController(Object(App\Controllers\Dashboard))
#5 C:\laragon\www\sikapnew\system\CodeIgniter.php(326): CodeIgniter\CodeIgniter->handleRequest(NULL, Object(Config\Cache), false)
#6 C:\laragon\www\sikapnew\public\index.php(37): CodeIgniter\CodeIgniter->run()
#7 C:\laragon\www\sikapnew\system\Commands\Server\rewrite.php(43): require_once('C:\\laragon\\www\\...')
#8 {main}
CRITICAL - 2022-02-28 10:10:33 --> Invalid file: partials/page-title.php
#0 C:\laragon\www\sikapnew\system\View\View.php(198): CodeIgniter\Exceptions\FrameworkException::forInvalidFile('partials/page-t...')
#1 C:\laragon\www\sikapnew\system\Common.php(1089): CodeIgniter\View\View->render('partials/page-t...', Array, true)
#2 C:\laragon\www\sikapnew\app\Controllers\Dashboard.php(11): view('partials/page-t...', Array)
#3 C:\laragon\www\sikapnew\system\CodeIgniter.php(832): App\Controllers\Dashboard->index()
#4 C:\laragon\www\sikapnew\system\CodeIgniter.php(419): CodeIgniter\CodeIgniter->runController(Object(App\Controllers\Dashboard))
#5 C:\laragon\www\sikapnew\system\CodeIgniter.php(326): CodeIgniter\CodeIgniter->handleRequest(NULL, Object(Config\Cache), false)
#6 C:\laragon\www\sikapnew\public\index.php(37): CodeIgniter\CodeIgniter->run()
#7 C:\laragon\www\sikapnew\system\Commands\Server\rewrite.php(43): require_once('C:\\laragon\\www\\...')
#8 {main}
CRITICAL - 2022-02-28 10:10:35 --> Invalid file: partials/page-title.php
#0 C:\laragon\www\sikapnew\system\View\View.php(198): CodeIgniter\Exceptions\FrameworkException::forInvalidFile('partials/page-t...')
#1 C:\laragon\www\sikapnew\system\Common.php(1089): CodeIgniter\View\View->render('partials/page-t...', Array, true)
#2 C:\laragon\www\sikapnew\app\Controllers\Dashboard.php(11): view('partials/page-t...', Array)
#3 C:\laragon\www\sikapnew\system\CodeIgniter.php(832): App\Controllers\Dashboard->index()
#4 C:\laragon\www\sikapnew\system\CodeIgniter.php(419): CodeIgniter\CodeIgniter->runController(Object(App\Controllers\Dashboard))
#5 C:\laragon\www\sikapnew\system\CodeIgniter.php(326): CodeIgniter\CodeIgniter->handleRequest(NULL, Object(Config\Cache), false)
#6 C:\laragon\www\sikapnew\public\index.php(37): CodeIgniter\CodeIgniter->run()
#7 C:\laragon\www\sikapnew\system\Commands\Server\rewrite.php(43): require_once('C:\\laragon\\www\\...')
#8 {main}
CRITICAL - 2022-02-28 10:30:13 --> Invalid file: partials/page-title.php
#0 C:\laragon\www\sikapnew\system\View\View.php(198): CodeIgniter\Exceptions\FrameworkException::forInvalidFile('partials/page-t...')
#1 C:\laragon\www\sikapnew\system\Common.php(1089): CodeIgniter\View\View->render('partials/page-t...', Array, true)
#2 C:\laragon\www\sikapnew\app\Controllers\Dashboard.php(19): view('partials/page-t...', Array)
#3 C:\laragon\www\sikapnew\system\CodeIgniter.php(832): App\Controllers\Dashboard->show_layouts_horizontal()
#4 C:\laragon\www\sikapnew\system\CodeIgniter.php(419): CodeIgniter\CodeIgniter->runController(Object(App\Controllers\Dashboard))
#5 C:\laragon\www\sikapnew\system\CodeIgniter.php(326): CodeIgniter\CodeIgniter->handleRequest(NULL, Object(Config\Cache), false)
#6 C:\laragon\www\sikapnew\public\index.php(37): CodeIgniter\CodeIgniter->run()
#7 C:\laragon\www\sikapnew\system\Commands\Server\rewrite.php(43): require_once('C:\\laragon\\www\\...')
#8 {main}
CRITICAL - 2022-02-28 10:30:54 --> Invalid file: partials/horizontal.php
#0 C:\laragon\www\sikapnew\system\View\View.php(198): CodeIgniter\Exceptions\FrameworkException::forInvalidFile('partials/horizo...')
#1 C:\laragon\www\sikapnew\system\View\View.php(424): CodeIgniter\View\View->render('partials/horizo...', NULL, true)
#2 C:\laragon\www\sikapnew\app\Views\layouts-horizontal.php(30): CodeIgniter\View\View->include('partials/horizo...')
#3 C:\laragon\www\sikapnew\system\View\View.php(210): include('C:\\laragon\\www\\...')
#4 C:\laragon\www\sikapnew\system\View\View.php(213): CodeIgniter\View\View->CodeIgniter\View\{closure}()
#5 C:\laragon\www\sikapnew\system\Common.php(1089): CodeIgniter\View\View->render('layouts-horizon...', Array, true)
#6 C:\laragon\www\sikapnew\app\Controllers\Dashboard.php(21): view('layouts-horizon...', Array)
#7 C:\laragon\www\sikapnew\system\CodeIgniter.php(832): App\Controllers\Dashboard->show_layouts_horizontal()
#8 C:\laragon\www\sikapnew\system\CodeIgniter.php(419): CodeIgniter\CodeIgniter->runController(Object(App\Controllers\Dashboard))
#9 C:\laragon\www\sikapnew\system\CodeIgniter.php(326): CodeIgniter\CodeIgniter->handleRequest(NULL, Object(Config\Cache), false)
#10 C:\laragon\www\sikapnew\public\index.php(37): CodeIgniter\CodeIgniter->run()
#11 C:\laragon\www\sikapnew\system\Commands\Server\rewrite.php(43): require_once('C:\\laragon\\www\\...')
#12 {main}
CRITICAL - 2022-02-28 10:30:56 --> Invalid file: partials/horizontal.php
#0 C:\laragon\www\sikapnew\system\View\View.php(198): CodeIgniter\Exceptions\FrameworkException::forInvalidFile('partials/horizo...')
#1 C:\laragon\www\sikapnew\system\View\View.php(424): CodeIgniter\View\View->render('partials/horizo...', NULL, true)
#2 C:\laragon\www\sikapnew\app\Views\layouts-horizontal.php(30): CodeIgniter\View\View->include('partials/horizo...')
#3 C:\laragon\www\sikapnew\system\View\View.php(210): include('C:\\laragon\\www\\...')
#4 C:\laragon\www\sikapnew\system\View\View.php(213): CodeIgniter\View\View->CodeIgniter\View\{closure}()
#5 C:\laragon\www\sikapnew\system\Common.php(1089): CodeIgniter\View\View->render('layouts-horizon...', Array, true)
#6 C:\laragon\www\sikapnew\app\Controllers\Dashboard.php(21): view('layouts-horizon...', Array)
#7 C:\laragon\www\sikapnew\system\CodeIgniter.php(832): App\Controllers\Dashboard->show_layouts_horizontal()
#8 C:\laragon\www\sikapnew\system\CodeIgniter.php(419): CodeIgniter\CodeIgniter->runController(Object(App\Controllers\Dashboard))
#9 C:\laragon\www\sikapnew\system\CodeIgniter.php(326): CodeIgniter\CodeIgniter->handleRequest(NULL, Object(Config\Cache), false)
#10 C:\laragon\www\sikapnew\public\index.php(37): CodeIgniter\CodeIgniter->run()
#11 C:\laragon\www\sikapnew\system\Commands\Server\rewrite.php(43): require_once('C:\\laragon\\www\\...')
#12 {main}
CRITICAL - 2022-02-28 10:31:28 --> Invalid file: partials/footer.php
#0 C:\laragon\www\sikapnew\system\View\View.php(198): CodeIgniter\Exceptions\FrameworkException::forInvalidFile('partials/footer...')
#1 C:\laragon\www\sikapnew\system\View\View.php(424): CodeIgniter\View\View->render('partials/footer', NULL, true)
#2 C:\laragon\www\sikapnew\app\Views\layouts-horizontal.php(1558): CodeIgniter\View\View->include('partials/footer')
#3 C:\laragon\www\sikapnew\system\View\View.php(210): include('C:\\laragon\\www\\...')
#4 C:\laragon\www\sikapnew\system\View\View.php(213): CodeIgniter\View\View->CodeIgniter\View\{closure}()
#5 C:\laragon\www\sikapnew\system\Common.php(1089): CodeIgniter\View\View->render('layouts-horizon...', Array, true)
#6 C:\laragon\www\sikapnew\app\Controllers\Dashboard.php(21): view('layouts-horizon...', Array)
#7 C:\laragon\www\sikapnew\system\CodeIgniter.php(832): App\Controllers\Dashboard->show_layouts_horizontal()
#8 C:\laragon\www\sikapnew\system\CodeIgniter.php(419): CodeIgniter\CodeIgniter->runController(Object(App\Controllers\Dashboard))
#9 C:\laragon\www\sikapnew\system\CodeIgniter.php(326): CodeIgniter\CodeIgniter->handleRequest(NULL, Object(Config\Cache), false)
#10 C:\laragon\www\sikapnew\public\index.php(37): CodeIgniter\CodeIgniter->run()
#11 C:\laragon\www\sikapnew\system\Commands\Server\rewrite.php(43): require_once('C:\\laragon\\www\\...')
#12 {main}
CRITICAL - 2022-02-28 10:57:32 --> Invalid file: partials/topbar.php
#0 C:\laragon\www\sikapnew\system\View\View.php(198): CodeIgniter\Exceptions\FrameworkException::forInvalidFile('partials/topbar...')
#1 C:\laragon\www\sikapnew\system\View\View.php(424): CodeIgniter\View\View->render('partials/topbar', NULL, true)
#2 C:\laragon\www\sikapnew\app\Views\partial\menu.php(1): CodeIgniter\View\View->include('partials/topbar')
#3 C:\laragon\www\sikapnew\system\View\View.php(210): include('C:\\laragon\\www\\...')
#4 C:\laragon\www\sikapnew\system\View\View.php(213): CodeIgniter\View\View->CodeIgniter\View\{closure}()
#5 C:\laragon\www\sikapnew\system\View\View.php(424): CodeIgniter\View\View->render('partial/menu', NULL, true)
#6 C:\laragon\www\sikapnew\app\Views\profile.php(32): CodeIgniter\View\View->include('partial/menu')
#7 C:\laragon\www\sikapnew\system\View\View.php(210): include('C:\\laragon\\www\\...')
#8 C:\laragon\www\sikapnew\system\View\View.php(213): CodeIgniter\View\View->CodeIgniter\View\{closure}()
#9 C:\laragon\www\sikapnew\system\Common.php(1089): CodeIgniter\View\View->render('profile', Array, true)
#10 C:\laragon\www\sikapnew\app\Controllers\User.php(13): view('profile', Array)
#11 C:\laragon\www\sikapnew\system\CodeIgniter.php(832): App\Controllers\User->index()
#12 C:\laragon\www\sikapnew\system\CodeIgniter.php(419): CodeIgniter\CodeIgniter->runController(Object(App\Controllers\User))
#13 C:\laragon\www\sikapnew\system\CodeIgniter.php(326): CodeIgniter\CodeIgniter->handleRequest(NULL, Object(Config\Cache), false)
#14 C:\laragon\www\sikapnew\public\index.php(37): CodeIgniter\CodeIgniter->run()
#15 C:\laragon\www\sikapnew\system\Commands\Server\rewrite.php(43): require_once('C:\\laragon\\www\\...')
#16 {main}
CRITICAL - 2022-02-28 11:06:59 --> Undefined variable: title_meta
#0 C:\laragon\www\sikapnew\app\Views\dashboard.php(6): CodeIgniter\Debug\Exceptions->errorHandler(8, 'Undefined varia...', 'C:\\laragon\\www\\...', 6, Array)
#1 C:\laragon\www\sikapnew\system\View\View.php(210): include('C:\\laragon\\www\\...')
#2 C:\laragon\www\sikapnew\system\View\View.php(213): CodeIgniter\View\View->CodeIgniter\View\{closure}()
#3 C:\laragon\www\sikapnew\system\Common.php(1089): CodeIgniter\View\View->render('dashboard', Array, true)
#4 C:\laragon\www\sikapnew\app\Controllers\Dashboard.php(13): view('dashboard', Array)
#5 C:\laragon\www\sikapnew\system\CodeIgniter.php(832): App\Controllers\Dashboard->index()
#6 C:\laragon\www\sikapnew\system\CodeIgniter.php(419): CodeIgniter\CodeIgniter->runController(Object(App\Controllers\Dashboard))
#7 C:\laragon\www\sikapnew\system\CodeIgniter.php(326): CodeIgniter\CodeIgniter->handleRequest(NULL, Object(Config\Cache), false)
#8 C:\laragon\www\sikapnew\public\index.php(37): CodeIgniter\CodeIgniter->run()
#9 C:\laragon\www\sikapnew\system\Commands\Server\rewrite.php(43): require_once('C:\\laragon\\www\\...')
#10 {main}
CRITICAL - 2022-02-28 11:07:03 --> Undefined variable: title_meta
#0 C:\laragon\www\sikapnew\app\Views\dashboard.php(6): CodeIgniter\Debug\Exceptions->errorHandler(8, 'Undefined varia...', 'C:\\laragon\\www\\...', 6, Array)
#1 C:\laragon\www\sikapnew\system\View\View.php(210): include('C:\\laragon\\www\\...')
#2 C:\laragon\www\sikapnew\system\View\View.php(213): CodeIgniter\View\View->CodeIgniter\View\{closure}()
#3 C:\laragon\www\sikapnew\system\Common.php(1089): CodeIgniter\View\View->render('dashboard', Array, true)
#4 C:\laragon\www\sikapnew\app\Controllers\Dashboard.php(13): view('dashboard', Array)
#5 C:\laragon\www\sikapnew\system\CodeIgniter.php(832): App\Controllers\Dashboard->index()
#6 C:\laragon\www\sikapnew\system\CodeIgniter.php(419): CodeIgniter\CodeIgniter->runController(Object(App\Controllers\Dashboard))
#7 C:\laragon\www\sikapnew\system\CodeIgniter.php(326): CodeIgniter\CodeIgniter->handleRequest(NULL, Object(Config\Cache), false)
#8 C:\laragon\www\sikapnew\public\index.php(37): CodeIgniter\CodeIgniter->run()
#9 C:\laragon\www\sikapnew\system\Commands\Server\rewrite.php(43): require_once('C:\\laragon\\www\\...')
#10 {main}
CRITICAL - 2022-02-28 20:50:02 --> Invalid file: partials/vendor-scripts.php
#0 C:\laragon\www\sikapnew\system\View\View.php(198): CodeIgniter\Exceptions\FrameworkException::forInvalidFile('partials/vendor...')
#1 C:\laragon\www\sikapnew\system\View\View.php(424): CodeIgniter\View\View->render('partials/vendor...', NULL, true)
#2 C:\laragon\www\sikapnew\app\Views\register.php(217): CodeIgniter\View\View->include('partials/vendor...')
#3 C:\laragon\www\sikapnew\system\View\View.php(210): include('C:\\laragon\\www\\...')
#4 C:\laragon\www\sikapnew\system\View\View.php(213): CodeIgniter\View\View->CodeIgniter\View\{closure}()
#5 C:\laragon\www\sikapnew\system\Common.php(1089): CodeIgniter\View\View->render('register', Array, true)
#6 C:\laragon\www\sikapnew\app\Controllers\Login.php(54): view('register', Array)
#7 C:\laragon\www\sikapnew\system\CodeIgniter.php(832): App\Controllers\Login->register()
#8 C:\laragon\www\sikapnew\system\CodeIgniter.php(419): CodeIgniter\CodeIgniter->runController(Object(App\Controllers\Login))
#9 C:\laragon\www\sikapnew\system\CodeIgniter.php(326): CodeIgniter\CodeIgniter->handleRequest(NULL, Object(Config\Cache), false)
#10 C:\laragon\www\sikapnew\public\index.php(37): CodeIgniter\CodeIgniter->run()
#11 C:\laragon\www\sikapnew\system\Commands\Server\rewrite.php(43): require_once('C:\\laragon\\www\\...')
#12 {main}
CRITICAL - 2022-02-28 22:09:31 --> Invalid file: signup.php
#0 C:\laragon\www\sikapnew\system\View\View.php(198): CodeIgniter\Exceptions\FrameworkException::forInvalidFile('signup.php')
#1 C:\laragon\www\sikapnew\system\Common.php(1089): CodeIgniter\View\View->render('signup', Array, true)
#2 C:\laragon\www\sikapnew\app\Controllers\Login.php(84): view('signup', Array)
#3 C:\laragon\www\sikapnew\system\CodeIgniter.php(832): App\Controllers\Login->store()
#4 C:\laragon\www\sikapnew\system\CodeIgniter.php(419): CodeIgniter\CodeIgniter->runController(Object(App\Controllers\Login))
#5 C:\laragon\www\sikapnew\system\CodeIgniter.php(326): CodeIgniter\CodeIgniter->handleRequest(NULL, Object(Config\Cache), false)
#6 C:\laragon\www\sikapnew\public\index.php(37): CodeIgniter\CodeIgniter->run()
#7 C:\laragon\www\sikapnew\system\Commands\Server\rewrite.php(43): require_once('C:\\laragon\\www\\...')
#8 {main}
CRITICAL - 2022-02-28 22:17:49 --> Invalid file: signup.php
#0 C:\laragon\www\sikapnew\system\View\View.php(198): CodeIgniter\Exceptions\FrameworkException::forInvalidFile('signup.php')
#1 C:\laragon\www\sikapnew\system\Common.php(1089): CodeIgniter\View\View->render('signup', Array, true)
#2 C:\laragon\www\sikapnew\app\Controllers\Login.php(84): view('signup', Array)
#3 C:\laragon\www\sikapnew\system\CodeIgniter.php(832): App\Controllers\Login->store()
#4 C:\laragon\www\sikapnew\system\CodeIgniter.php(419): CodeIgniter\CodeIgniter->runController(Object(App\Controllers\Login))
#5 C:\laragon\www\sikapnew\system\CodeIgniter.php(326): CodeIgniter\CodeIgniter->handleRequest(NULL, Object(Config\Cache), false)
#6 C:\laragon\www\sikapnew\public\index.php(37): CodeIgniter\CodeIgniter->run()
#7 C:\laragon\www\sikapnew\system\Commands\Server\rewrite.php(43): require_once('C:\\laragon\\www\\...')
#8 {main}
CRITICAL - 2022-02-28 22:18:09 --> Invalid file: signup.php
#0 C:\laragon\www\sikapnew\system\View\View.php(198): CodeIgniter\Exceptions\FrameworkException::forInvalidFile('signup.php')
#1 C:\laragon\www\sikapnew\system\Common.php(1089): CodeIgniter\View\View->render('signup', Array, true)
#2 C:\laragon\www\sikapnew\app\Controllers\Login.php(84): view('signup', Array)
#3 C:\laragon\www\sikapnew\system\CodeIgniter.php(832): App\Controllers\Login->store()
#4 C:\laragon\www\sikapnew\system\CodeIgniter.php(419): CodeIgniter\CodeIgniter->runController(Object(App\Controllers\Login))
#5 C:\laragon\www\sikapnew\system\CodeIgniter.php(326): CodeIgniter\CodeIgniter->handleRequest(NULL, Object(Config\Cache), false)
#6 C:\laragon\www\sikapnew\public\index.php(37): CodeIgniter\CodeIgniter->run()
#7 C:\laragon\www\sikapnew\system\Commands\Server\rewrite.php(43): require_once('C:\\laragon\\www\\...')
#8 {main}
CRITICAL - 2022-02-28 22:19:13 --> Invalid file: signup.php
#0 C:\laragon\www\sikapnew\system\View\View.php(198): CodeIgniter\Exceptions\FrameworkException::forInvalidFile('signup.php')
#1 C:\laragon\www\sikapnew\system\Common.php(1089): CodeIgniter\View\View->render('signup', Array, true)
#2 C:\laragon\www\sikapnew\app\Controllers\Login.php(84): view('signup', Array)
#3 C:\laragon\www\sikapnew\system\CodeIgniter.php(832): App\Controllers\Login->store()
#4 C:\laragon\www\sikapnew\system\CodeIgniter.php(419): CodeIgniter\CodeIgniter->runController(Object(App\Controllers\Login))
#5 C:\laragon\www\sikapnew\system\CodeIgniter.php(326): CodeIgniter\CodeIgniter->handleRequest(NULL, Object(Config\Cache), false)
#6 C:\laragon\www\sikapnew\public\index.php(37): CodeIgniter\CodeIgniter->run()
#7 C:\laragon\www\sikapnew\system\Commands\Server\rewrite.php(43): require_once('C:\\laragon\\www\\...')
#8 {main}
CRITICAL - 2022-02-28 22:19:25 --> Invalid file: signup.php
#0 C:\laragon\www\sikapnew\system\View\View.php(198): CodeIgniter\Exceptions\FrameworkException::forInvalidFile('signup.php')
#1 C:\laragon\www\sikapnew\system\Common.php(1089): CodeIgniter\View\View->render('signup', Array, true)
#2 C:\laragon\www\sikapnew\app\Controllers\Login.php(84): view('signup', Array)
#3 C:\laragon\www\sikapnew\system\CodeIgniter.php(832): App\Controllers\Login->store()
#4 C:\laragon\www\sikapnew\system\CodeIgniter.php(419): CodeIgniter\CodeIgniter->runController(Object(App\Controllers\Login))
#5 C:\laragon\www\sikapnew\system\CodeIgniter.php(326): CodeIgniter\CodeIgniter->handleRequest(NULL, Object(Config\Cache), false)
#6 C:\laragon\www\sikapnew\public\index.php(37): CodeIgniter\CodeIgniter->run()
#7 C:\laragon\www\sikapnew\system\Commands\Server\rewrite.php(43): require_once('C:\\laragon\\www\\...')
#8 {main}
