CRITICAL - 2022-03-02 02:22:10 --> Invalid file: partials/head-css.php
#0 C:\laragon\www\sikapnew\system\View\View.php(198): CodeIgniter\Exceptions\FrameworkException::forInvalidFile('partials/head-c...')
#1 C:\laragon\www\sikapnew\system\View\View.php(424): CodeIgniter\View\View->render('partials/head-c...', NULL, true)
#2 C:\laragon\www\sikapnew\app\Views\data-kapal.php(17): CodeIgniter\View\View->include('partials/head-c...')
#3 C:\laragon\www\sikapnew\system\View\View.php(210): include('C:\\laragon\\www\\...')
#4 C:\laragon\www\sikapnew\system\View\View.php(213): CodeIgniter\View\View->CodeIgniter\View\{closure}()
#5 C:\laragon\www\sikapnew\system\Common.php(1089): CodeIgniter\View\View->render('data-kapal', Array, true)
#6 C:\laragon\www\sikapnew\app\Controllers\Kapal.php(14): view('data-kapal', Array)
#7 C:\laragon\www\sikapnew\system\CodeIgniter.php(832): App\Controllers\Kapal->index()
#8 C:\laragon\www\sikapnew\system\CodeIgniter.php(419): CodeIgniter\CodeIgniter->runController(Object(App\Controllers\Kapal))
#9 C:\laragon\www\sikapnew\system\CodeIgniter.php(326): CodeIgniter\CodeIgniter->handleRequest(NULL, Object(Config\Cache), false)
#10 C:\laragon\www\sikapnew\public\index.php(37): CodeIgniter\CodeIgniter->run()
#11 C:\laragon\www\sikapnew\system\Commands\Server\rewrite.php(43): require_once('C:\\laragon\\www\\...')
#12 {main}
CRITICAL - 2022-03-02 02:23:15 --> Invalid file: partial/body.php
#0 C:\laragon\www\sikapnew\system\View\View.php(198): CodeIgniter\Exceptions\FrameworkException::forInvalidFile('partial/body.ph...')
#1 C:\laragon\www\sikapnew\system\View\View.php(424): CodeIgniter\View\View->render('partial/body', NULL, true)
#2 C:\laragon\www\sikapnew\app\Views\data-kapal.php(29): CodeIgniter\View\View->include('partial/body')
#3 C:\laragon\www\sikapnew\system\View\View.php(210): include('C:\\laragon\\www\\...')
#4 C:\laragon\www\sikapnew\system\View\View.php(213): CodeIgniter\View\View->CodeIgniter\View\{closure}()
#5 C:\laragon\www\sikapnew\system\Common.php(1089): CodeIgniter\View\View->render('data-kapal', Array, true)
#6 C:\laragon\www\sikapnew\app\Controllers\Kapal.php(14): view('data-kapal', Array)
#7 C:\laragon\www\sikapnew\system\CodeIgniter.php(832): App\Controllers\Kapal->index()
#8 C:\laragon\www\sikapnew\system\CodeIgniter.php(419): CodeIgniter\CodeIgniter->runController(Object(App\Controllers\Kapal))
#9 C:\laragon\www\sikapnew\system\CodeIgniter.php(326): CodeIgniter\CodeIgniter->handleRequest(NULL, Object(Config\Cache), false)
#10 C:\laragon\www\sikapnew\public\index.php(37): CodeIgniter\CodeIgniter->run()
#11 C:\laragon\www\sikapnew\system\Commands\Server\rewrite.php(43): require_once('C:\\laragon\\www\\...')
#12 {main}
CRITICAL - 2022-03-02 02:23:32 --> Invalid file: partials/footer.php
#0 C:\laragon\www\sikapnew\system\View\View.php(198): CodeIgniter\Exceptions\FrameworkException::forInvalidFile('partials/footer...')
#1 C:\laragon\www\sikapnew\system\View\View.php(424): CodeIgniter\View\View->render('partials/footer', NULL, true)
#2 C:\laragon\www\sikapnew\app\Views\data-kapal.php(567): CodeIgniter\View\View->include('partials/footer')
#3 C:\laragon\www\sikapnew\system\View\View.php(210): include('C:\\laragon\\www\\...')
#4 C:\laragon\www\sikapnew\system\View\View.php(213): CodeIgniter\View\View->CodeIgniter\View\{closure}()
#5 C:\laragon\www\sikapnew\system\Common.php(1089): CodeIgniter\View\View->render('data-kapal', Array, true)
#6 C:\laragon\www\sikapnew\app\Controllers\Kapal.php(14): view('data-kapal', Array)
#7 C:\laragon\www\sikapnew\system\CodeIgniter.php(832): App\Controllers\Kapal->index()
#8 C:\laragon\www\sikapnew\system\CodeIgniter.php(419): CodeIgniter\CodeIgniter->runController(Object(App\Controllers\Kapal))
#9 C:\laragon\www\sikapnew\system\CodeIgniter.php(326): CodeIgniter\CodeIgniter->handleRequest(NULL, Object(Config\Cache), false)
#10 C:\laragon\www\sikapnew\public\index.php(37): CodeIgniter\CodeIgniter->run()
#11 C:\laragon\www\sikapnew\system\Commands\Server\rewrite.php(43): require_once('C:\\laragon\\www\\...')
#12 {main}
CRITICAL - 2022-03-02 02:33:04 --> syntax error, unexpected end of file
#0 C:\laragon\www\sikapnew\system\View\View.php(213): CodeIgniter\View\View->CodeIgniter\View\{closure}()
#1 C:\laragon\www\sikapnew\system\Common.php(1089): CodeIgniter\View\View->render('data-kapal', Array, true)
#2 C:\laragon\www\sikapnew\app\Controllers\Kapal.php(20): view('data-kapal', Array)
#3 C:\laragon\www\sikapnew\system\CodeIgniter.php(832): App\Controllers\Kapal->index()
#4 C:\laragon\www\sikapnew\system\CodeIgniter.php(419): CodeIgniter\CodeIgniter->runController(Object(App\Controllers\Kapal))
#5 C:\laragon\www\sikapnew\system\CodeIgniter.php(326): CodeIgniter\CodeIgniter->handleRequest(NULL, Object(Config\Cache), false)
#6 C:\laragon\www\sikapnew\public\index.php(37): CodeIgniter\CodeIgniter->run()
#7 C:\laragon\www\sikapnew\system\Commands\Server\rewrite.php(43): require_once('C:\\laragon\\www\\...')
#8 {main}
CRITICAL - 2022-03-02 02:33:48 --> Undefined variable: user
#0 C:\laragon\www\sikapnew\app\Views\data-kapal.php(104): CodeIgniter\Debug\Exceptions->errorHandler(8, 'Undefined varia...', 'C:\\laragon\\www\\...', 104, Array)
#1 C:\laragon\www\sikapnew\system\View\View.php(210): include('C:\\laragon\\www\\...')
#2 C:\laragon\www\sikapnew\system\View\View.php(213): CodeIgniter\View\View->CodeIgniter\View\{closure}()
#3 C:\laragon\www\sikapnew\system\Common.php(1089): CodeIgniter\View\View->render('data-kapal', Array, true)
#4 C:\laragon\www\sikapnew\app\Controllers\Kapal.php(20): view('data-kapal', Array)
#5 C:\laragon\www\sikapnew\system\CodeIgniter.php(832): App\Controllers\Kapal->index()
#6 C:\laragon\www\sikapnew\system\CodeIgniter.php(419): CodeIgniter\CodeIgniter->runController(Object(App\Controllers\Kapal))
#7 C:\laragon\www\sikapnew\system\CodeIgniter.php(326): CodeIgniter\CodeIgniter->handleRequest(NULL, Object(Config\Cache), false)
#8 C:\laragon\www\sikapnew\public\index.php(37): CodeIgniter\CodeIgniter->run()
#9 C:\laragon\www\sikapnew\system\Commands\Server\rewrite.php(43): require_once('C:\\laragon\\www\\...')
#10 {main}
CRITICAL - 2022-03-02 02:33:51 --> Undefined variable: user
#0 C:\laragon\www\sikapnew\app\Views\data-kapal.php(104): CodeIgniter\Debug\Exceptions->errorHandler(8, 'Undefined varia...', 'C:\\laragon\\www\\...', 104, Array)
#1 C:\laragon\www\sikapnew\system\View\View.php(210): include('C:\\laragon\\www\\...')
#2 C:\laragon\www\sikapnew\system\View\View.php(213): CodeIgniter\View\View->CodeIgniter\View\{closure}()
#3 C:\laragon\www\sikapnew\system\Common.php(1089): CodeIgniter\View\View->render('data-kapal', Array, true)
#4 C:\laragon\www\sikapnew\app\Controllers\Kapal.php(20): view('data-kapal', Array)
#5 C:\laragon\www\sikapnew\system\CodeIgniter.php(832): App\Controllers\Kapal->index()
#6 C:\laragon\www\sikapnew\system\CodeIgniter.php(419): CodeIgniter\CodeIgniter->runController(Object(App\Controllers\Kapal))
#7 C:\laragon\www\sikapnew\system\CodeIgniter.php(326): CodeIgniter\CodeIgniter->handleRequest(NULL, Object(Config\Cache), false)
#8 C:\laragon\www\sikapnew\public\index.php(37): CodeIgniter\CodeIgniter->run()
#9 C:\laragon\www\sikapnew\system\Commands\Server\rewrite.php(43): require_once('C:\\laragon\\www\\...')
#10 {main}
