CRITICAL - 2023-01-27 01:38:29 --> syntax error, unexpected 'return' (T_RETURN)
#0 C:\laragon\www\sikapnew\system\Router\Router.php(175): CodeIgniter\Router\Router->autoRoute('posisi')
#1 C:\laragon\www\sikapnew\system\CodeIgniter.php(726): CodeIgniter\Router\Router->handle('posisi')
#2 C:\laragon\www\sikapnew\system\CodeIgniter.php(368): CodeIgniter\CodeIgniter->tryToRouteIt(Object(CodeIgniter\Router\RouteCollection))
#3 C:\laragon\www\sikapnew\system\CodeIgniter.php(326): CodeIgniter\CodeIgniter->handleRequest(NULL, Object(Config\Cache), false)
#4 C:\laragon\www\sikapnew\public\index.php(37): CodeIgniter\CodeIgniter->run()
#5 C:\laragon\www\sikapnew\system\Commands\Server\rewrite.php(43): require_once('C:\\laragon\\www\\...')
#6 {main}
CRITICAL - 2023-01-27 01:55:01 --> Array to string conversion
#0 C:\laragon\www\sikapnew\app\Controllers\Posisi.php(12): CodeIgniter\Debug\Exceptions->errorHandler(8, 'Array to string...', 'C:\\laragon\\www\\...', 12, Array)
#1 C:\laragon\www\sikapnew\system\CodeIgniter.php(832): App\Controllers\Posisi->index()
#2 C:\laragon\www\sikapnew\system\CodeIgniter.php(419): CodeIgniter\CodeIgniter->runController(Object(App\Controllers\Posisi))
#3 C:\laragon\www\sikapnew\system\CodeIgniter.php(326): CodeIgniter\CodeIgniter->handleRequest(NULL, Object(Config\Cache), false)
#4 C:\laragon\www\sikapnew\public\index.php(37): CodeIgniter\CodeIgniter->run()
#5 C:\laragon\www\sikapnew\system\Commands\Server\rewrite.php(43): require_once('C:\\laragon\\www\\...')
#6 {main}
CRITICAL - 2023-01-27 02:08:43 --> Trying to access array offset on value of type null
#0 C:\laragon\www\sikapnew\app\Controllers\Posisi.php(11): CodeIgniter\Debug\Exceptions->errorHandler(8, 'Trying to acces...', 'C:\\laragon\\www\\...', 11, Array)
#1 C:\laragon\www\sikapnew\system\CodeIgniter.php(832): App\Controllers\Posisi->index()
#2 C:\laragon\www\sikapnew\system\CodeIgniter.php(419): CodeIgniter\CodeIgniter->runController(Object(App\Controllers\Posisi))
#3 C:\laragon\www\sikapnew\system\CodeIgniter.php(326): CodeIgniter\CodeIgniter->handleRequest(NULL, Object(Config\Cache), false)
#4 C:\laragon\www\sikapnew\public\index.php(37): CodeIgniter\CodeIgniter->run()
#5 C:\laragon\www\sikapnew\system\Commands\Server\rewrite.php(43): require_once('C:\\laragon\\www\\...')
#6 {main}
ERROR - 2023-01-27 02:09:05 --> You have an error in your SQL syntax; check the manual that corresponds to your MySQL server version for the right syntax to use near '1 a.id_kapal, a.dermaga, a.tanggal, a.status, b.*, c.id, c.nama_kapal
        FR' at line 1
CRITICAL - 2023-01-27 02:09:05 --> You have an error in your SQL syntax; check the manual that corresponds to your MySQL server version for the right syntax to use near '1 a.id_kapal, a.dermaga, a.tanggal, a.status, b.*, c.id, c.nama_kapal
        FR' at line 1
#0 C:\laragon\www\sikapnew\system\Database\MySQLi\Connection.php(292): mysqli->query('SELECT top 1 a....', 0)
#1 C:\laragon\www\sikapnew\system\Database\BaseConnection.php(670): CodeIgniter\Database\MySQLi\Connection->execute('SELECT top 1 a....')
#2 C:\laragon\www\sikapnew\system\Database\BaseConnection.php(598): CodeIgniter\Database\BaseConnection->simpleQuery('SELECT top 1 a....')
#3 C:\laragon\www\sikapnew\app\Models\TangkahanModel.php(45): CodeIgniter\Database\BaseConnection->query('SELECT top 1 a....')
#4 C:\laragon\www\sikapnew\app\Controllers\Posisi.php(11): App\Models\TangkahanModel->getPosisi()
#5 C:\laragon\www\sikapnew\system\CodeIgniter.php(832): App\Controllers\Posisi->index()
#6 C:\laragon\www\sikapnew\system\CodeIgniter.php(419): CodeIgniter\CodeIgniter->runController(Object(App\Controllers\Posisi))
#7 C:\laragon\www\sikapnew\system\CodeIgniter.php(326): CodeIgniter\CodeIgniter->handleRequest(NULL, Object(Config\Cache), false)
#8 C:\laragon\www\sikapnew\public\index.php(37): CodeIgniter\CodeIgniter->run()
#9 C:\laragon\www\sikapnew\system\Commands\Server\rewrite.php(43): require_once('C:\\laragon\\www\\...')
#10 {main}
ERROR - 2023-01-27 02:09:15 --> You have an error in your SQL syntax; check the manual that corresponds to your MySQL server version for the right syntax to use near '1 a.id_kapal, a.dermaga, a.tanggal, a.status, b.*, c.id, c.nama_kapal
        FR' at line 1
CRITICAL - 2023-01-27 02:09:15 --> You have an error in your SQL syntax; check the manual that corresponds to your MySQL server version for the right syntax to use near '1 a.id_kapal, a.dermaga, a.tanggal, a.status, b.*, c.id, c.nama_kapal
        FR' at line 1
#0 C:\laragon\www\sikapnew\system\Database\MySQLi\Connection.php(292): mysqli->query('select top 1 a....', 0)
#1 C:\laragon\www\sikapnew\system\Database\BaseConnection.php(670): CodeIgniter\Database\MySQLi\Connection->execute('select top 1 a....')
#2 C:\laragon\www\sikapnew\system\Database\BaseConnection.php(598): CodeIgniter\Database\BaseConnection->simpleQuery('select top 1 a....')
#3 C:\laragon\www\sikapnew\app\Models\TangkahanModel.php(45): CodeIgniter\Database\BaseConnection->query('select top 1 a....')
#4 C:\laragon\www\sikapnew\app\Controllers\Posisi.php(11): App\Models\TangkahanModel->getPosisi()
#5 C:\laragon\www\sikapnew\system\CodeIgniter.php(832): App\Controllers\Posisi->index()
#6 C:\laragon\www\sikapnew\system\CodeIgniter.php(419): CodeIgniter\CodeIgniter->runController(Object(App\Controllers\Posisi))
#7 C:\laragon\www\sikapnew\system\CodeIgniter.php(326): CodeIgniter\CodeIgniter->handleRequest(NULL, Object(Config\Cache), false)
#8 C:\laragon\www\sikapnew\public\index.php(37): CodeIgniter\CodeIgniter->run()
#9 C:\laragon\www\sikapnew\system\Commands\Server\rewrite.php(43): require_once('C:\\laragon\\www\\...')
#10 {main}
ERROR - 2023-01-27 02:09:15 --> You have an error in your SQL syntax; check the manual that corresponds to your MySQL server version for the right syntax to use near '1 a.id_kapal, a.dermaga, a.tanggal, a.status, b.*, c.id, c.nama_kapal
        FR' at line 1
CRITICAL - 2023-01-27 02:09:15 --> You have an error in your SQL syntax; check the manual that corresponds to your MySQL server version for the right syntax to use near '1 a.id_kapal, a.dermaga, a.tanggal, a.status, b.*, c.id, c.nama_kapal
        FR' at line 1
#0 C:\laragon\www\sikapnew\system\Database\MySQLi\Connection.php(292): mysqli->query('select top 1 a....', 0)
#1 C:\laragon\www\sikapnew\system\Database\BaseConnection.php(670): CodeIgniter\Database\MySQLi\Connection->execute('select top 1 a....')
#2 C:\laragon\www\sikapnew\system\Database\BaseConnection.php(598): CodeIgniter\Database\BaseConnection->simpleQuery('select top 1 a....')
#3 C:\laragon\www\sikapnew\app\Models\TangkahanModel.php(45): CodeIgniter\Database\BaseConnection->query('select top 1 a....')
#4 C:\laragon\www\sikapnew\app\Controllers\Posisi.php(11): App\Models\TangkahanModel->getPosisi()
#5 C:\laragon\www\sikapnew\system\CodeIgniter.php(832): App\Controllers\Posisi->index()
#6 C:\laragon\www\sikapnew\system\CodeIgniter.php(419): CodeIgniter\CodeIgniter->runController(Object(App\Controllers\Posisi))
#7 C:\laragon\www\sikapnew\system\CodeIgniter.php(326): CodeIgniter\CodeIgniter->handleRequest(NULL, Object(Config\Cache), false)
#8 C:\laragon\www\sikapnew\public\index.php(37): CodeIgniter\CodeIgniter->run()
#9 C:\laragon\www\sikapnew\system\Commands\Server\rewrite.php(43): require_once('C:\\laragon\\www\\...')
#10 {main}
ERROR - 2023-01-27 02:09:19 --> You have an error in your SQL syntax; check the manual that corresponds to your MySQL server version for the right syntax to use near '1 a.id_kapal, a.dermaga, a.tanggal, a.status, b.*, c.id, c.nama_kapal
        FR' at line 1
CRITICAL - 2023-01-27 02:09:19 --> You have an error in your SQL syntax; check the manual that corresponds to your MySQL server version for the right syntax to use near '1 a.id_kapal, a.dermaga, a.tanggal, a.status, b.*, c.id, c.nama_kapal
        FR' at line 1
#0 C:\laragon\www\sikapnew\system\Database\MySQLi\Connection.php(292): mysqli->query('select top 1 a....', 0)
#1 C:\laragon\www\sikapnew\system\Database\BaseConnection.php(670): CodeIgniter\Database\MySQLi\Connection->execute('select top 1 a....')
#2 C:\laragon\www\sikapnew\system\Database\BaseConnection.php(598): CodeIgniter\Database\BaseConnection->simpleQuery('select top 1 a....')
#3 C:\laragon\www\sikapnew\app\Models\TangkahanModel.php(45): CodeIgniter\Database\BaseConnection->query('select top 1 a....')
#4 C:\laragon\www\sikapnew\app\Controllers\Posisi.php(11): App\Models\TangkahanModel->getPosisi()
#5 C:\laragon\www\sikapnew\system\CodeIgniter.php(832): App\Controllers\Posisi->index()
#6 C:\laragon\www\sikapnew\system\CodeIgniter.php(419): CodeIgniter\CodeIgniter->runController(Object(App\Controllers\Posisi))
#7 C:\laragon\www\sikapnew\system\CodeIgniter.php(326): CodeIgniter\CodeIgniter->handleRequest(NULL, Object(Config\Cache), false)
#8 C:\laragon\www\sikapnew\public\index.php(37): CodeIgniter\CodeIgniter->run()
#9 C:\laragon\www\sikapnew\system\Commands\Server\rewrite.php(43): require_once('C:\\laragon\\www\\...')
#10 {main}
ERROR - 2023-01-27 02:09:20 --> You have an error in your SQL syntax; check the manual that corresponds to your MySQL server version for the right syntax to use near '1 a.id_kapal, a.dermaga, a.tanggal, a.status, b.*, c.id, c.nama_kapal
        FR' at line 1
CRITICAL - 2023-01-27 02:09:20 --> You have an error in your SQL syntax; check the manual that corresponds to your MySQL server version for the right syntax to use near '1 a.id_kapal, a.dermaga, a.tanggal, a.status, b.*, c.id, c.nama_kapal
        FR' at line 1
#0 C:\laragon\www\sikapnew\system\Database\MySQLi\Connection.php(292): mysqli->query('select top 1 a....', 0)
#1 C:\laragon\www\sikapnew\system\Database\BaseConnection.php(670): CodeIgniter\Database\MySQLi\Connection->execute('select top 1 a....')
#2 C:\laragon\www\sikapnew\system\Database\BaseConnection.php(598): CodeIgniter\Database\BaseConnection->simpleQuery('select top 1 a....')
#3 C:\laragon\www\sikapnew\app\Models\TangkahanModel.php(45): CodeIgniter\Database\BaseConnection->query('select top 1 a....')
#4 C:\laragon\www\sikapnew\app\Controllers\Posisi.php(11): App\Models\TangkahanModel->getPosisi()
#5 C:\laragon\www\sikapnew\system\CodeIgniter.php(832): App\Controllers\Posisi->index()
#6 C:\laragon\www\sikapnew\system\CodeIgniter.php(419): CodeIgniter\CodeIgniter->runController(Object(App\Controllers\Posisi))
#7 C:\laragon\www\sikapnew\system\CodeIgniter.php(326): CodeIgniter\CodeIgniter->handleRequest(NULL, Object(Config\Cache), false)
#8 C:\laragon\www\sikapnew\public\index.php(37): CodeIgniter\CodeIgniter->run()
#9 C:\laragon\www\sikapnew\system\Commands\Server\rewrite.php(43): require_once('C:\\laragon\\www\\...')
#10 {main}
CRITICAL - 2023-01-27 02:28:07 --> Array to string conversion
#0 C:\laragon\www\sikapnew\app\Controllers\Posisi.php(12): CodeIgniter\Debug\Exceptions->errorHandler(8, 'Array to string...', 'C:\\laragon\\www\\...', 12, Array)
#1 C:\laragon\www\sikapnew\system\CodeIgniter.php(832): App\Controllers\Posisi->index()
#2 C:\laragon\www\sikapnew\system\CodeIgniter.php(419): CodeIgniter\CodeIgniter->runController(Object(App\Controllers\Posisi))
#3 C:\laragon\www\sikapnew\system\CodeIgniter.php(326): CodeIgniter\CodeIgniter->handleRequest(NULL, Object(Config\Cache), false)
#4 C:\laragon\www\sikapnew\public\index.php(37): CodeIgniter\CodeIgniter->run()
#5 C:\laragon\www\sikapnew\system\Commands\Server\rewrite.php(43): require_once('C:\\laragon\\www\\...')
#6 {main}
