CRITICAL - 2022-06-24 01:14:18 --> Trying to access array offset on value of type null
#0 C:\laragon\www\sikapnew\app\Views\kedatangan\edit.php(100): CodeIgniter\Debug\Exceptions->errorHandler(8, 'Trying to acces...', 'C:\\laragon\\www\\...', 100, Array)
#1 C:\laragon\www\sikapnew\system\View\View.php(210): include('C:\\laragon\\www\\...')
#2 C:\laragon\www\sikapnew\system\View\View.php(213): CodeIgniter\View\View->CodeIgniter\View\{closure}()
#3 C:\laragon\www\sikapnew\system\Common.php(1089): CodeIgniter\View\View->render('kedatangan/edit', Array, true)
#4 C:\laragon\www\sikapnew\app\Controllers\Kedatangan.php(112): view('kedatangan/edit', Array)
#5 C:\laragon\www\sikapnew\system\CodeIgniter.php(832): App\Controllers\Kedatangan->edit('assets', 'images', 'logo-sm.svg')
#6 C:\laragon\www\sikapnew\system\CodeIgniter.php(419): CodeIgniter\CodeIgniter->runController(Object(App\Controllers\Kedatangan))
#7 C:\laragon\www\sikapnew\system\CodeIgniter.php(326): CodeIgniter\CodeIgniter->handleRequest(NULL, Object(Config\Cache), false)
#8 C:\laragon\www\sikapnew\public\index.php(37): CodeIgniter\CodeIgniter->run()
#9 C:\laragon\www\sikapnew\system\Commands\Server\rewrite.php(43): require_once('C:\\laragon\\www\\...')
#10 {main}
CRITICAL - 2022-06-24 01:14:18 --> Trying to access array offset on value of type null
#0 C:\laragon\www\sikapnew\app\Views\kedatangan\edit.php(100): CodeIgniter\Debug\Exceptions->errorHandler(8, 'Trying to acces...', 'C:\\laragon\\www\\...', 100, Array)
#1 C:\laragon\www\sikapnew\system\View\View.php(210): include('C:\\laragon\\www\\...')
#2 C:\laragon\www\sikapnew\system\View\View.php(213): CodeIgniter\View\View->CodeIgniter\View\{closure}()
#3 C:\laragon\www\sikapnew\system\Common.php(1089): CodeIgniter\View\View->render('kedatangan/edit', Array, true)
#4 C:\laragon\www\sikapnew\app\Controllers\Kedatangan.php(112): view('kedatangan/edit', Array)
#5 C:\laragon\www\sikapnew\system\CodeIgniter.php(832): App\Controllers\Kedatangan->edit('assets', 'images', 'users', 'avatar-3.jpg')
#6 C:\laragon\www\sikapnew\system\CodeIgniter.php(419): CodeIgniter\CodeIgniter->runController(Object(App\Controllers\Kedatangan))
#7 C:\laragon\www\sikapnew\system\CodeIgniter.php(326): CodeIgniter\CodeIgniter->handleRequest(NULL, Object(Config\Cache), false)
#8 C:\laragon\www\sikapnew\public\index.php(37): CodeIgniter\CodeIgniter->run()
#9 C:\laragon\www\sikapnew\system\Commands\Server\rewrite.php(43): require_once('C:\\laragon\\www\\...')
#10 {main}
CRITICAL - 2022-06-24 01:14:18 --> Trying to access array offset on value of type null
#0 C:\laragon\www\sikapnew\app\Views\kedatangan\edit.php(100): CodeIgniter\Debug\Exceptions->errorHandler(8, 'Trying to acces...', 'C:\\laragon\\www\\...', 100, Array)
#1 C:\laragon\www\sikapnew\system\View\View.php(210): include('C:\\laragon\\www\\...')
#2 C:\laragon\www\sikapnew\system\View\View.php(213): CodeIgniter\View\View->CodeIgniter\View\{closure}()
#3 C:\laragon\www\sikapnew\system\Common.php(1089): CodeIgniter\View\View->render('kedatangan/edit', Array, true)
#4 C:\laragon\www\sikapnew\app\Controllers\Kedatangan.php(112): view('kedatangan/edit', Array)
#5 C:\laragon\www\sikapnew\system\CodeIgniter.php(832): App\Controllers\Kedatangan->edit('assets', 'images', 'users', 'avatar-6.jpg')
#6 C:\laragon\www\sikapnew\system\CodeIgniter.php(419): CodeIgniter\CodeIgniter->runController(Object(App\Controllers\Kedatangan))
#7 C:\laragon\www\sikapnew\system\CodeIgniter.php(326): CodeIgniter\CodeIgniter->handleRequest(NULL, Object(Config\Cache), false)
#8 C:\laragon\www\sikapnew\public\index.php(37): CodeIgniter\CodeIgniter->run()
#9 C:\laragon\www\sikapnew\system\Commands\Server\rewrite.php(43): require_once('C:\\laragon\\www\\...')
#10 {main}
CRITICAL - 2022-06-24 04:43:34 --> Undefined property: mysqli::$nama_ikan
#0 C:\laragon\www\sikapnew\app\Views\dashboard.php(163): CodeIgniter\Debug\Exceptions->errorHandler(8, 'Undefined prope...', 'C:\\laragon\\www\\...', 163, Array)
#1 C:\laragon\www\sikapnew\system\View\View.php(210): include('C:\\laragon\\www\\...')
#2 C:\laragon\www\sikapnew\system\View\View.php(213): CodeIgniter\View\View->CodeIgniter\View\{closure}()
#3 C:\laragon\www\sikapnew\system\Common.php(1089): CodeIgniter\View\View->render('dashboard', Array, true)
#4 C:\laragon\www\sikapnew\app\Controllers\Dashboard.php(27): view('dashboard', Array)
#5 C:\laragon\www\sikapnew\system\CodeIgniter.php(832): App\Controllers\Dashboard->index()
#6 C:\laragon\www\sikapnew\system\CodeIgniter.php(419): CodeIgniter\CodeIgniter->runController(Object(App\Controllers\Dashboard))
#7 C:\laragon\www\sikapnew\system\CodeIgniter.php(326): CodeIgniter\CodeIgniter->handleRequest(NULL, Object(Config\Cache), false)
#8 C:\laragon\www\sikapnew\public\index.php(37): CodeIgniter\CodeIgniter->run()
#9 C:\laragon\www\sikapnew\system\Commands\Server\rewrite.php(43): require_once('C:\\laragon\\www\\...')
#10 {main}
CRITICAL - 2022-06-24 07:56:37 --> Undefined property: mysqli::$nama_ikan
#0 C:\laragon\www\sikapnew\app\Views\dashboard.php(163): CodeIgniter\Debug\Exceptions->errorHandler(8, 'Undefined prope...', 'C:\\laragon\\www\\...', 163, Array)
#1 C:\laragon\www\sikapnew\system\View\View.php(210): include('C:\\laragon\\www\\...')
#2 C:\laragon\www\sikapnew\system\View\View.php(213): CodeIgniter\View\View->CodeIgniter\View\{closure}()
#3 C:\laragon\www\sikapnew\system\Common.php(1089): CodeIgniter\View\View->render('dashboard', Array, true)
#4 C:\laragon\www\sikapnew\app\Controllers\Dashboard.php(27): view('dashboard', Array)
#5 C:\laragon\www\sikapnew\system\CodeIgniter.php(832): App\Controllers\Dashboard->index()
#6 C:\laragon\www\sikapnew\system\CodeIgniter.php(419): CodeIgniter\CodeIgniter->runController(Object(App\Controllers\Dashboard))
#7 C:\laragon\www\sikapnew\system\CodeIgniter.php(326): CodeIgniter\CodeIgniter->handleRequest(NULL, Object(Config\Cache), false)
#8 C:\laragon\www\sikapnew\public\index.php(37): CodeIgniter\CodeIgniter->run()
#9 C:\laragon\www\sikapnew\system\Commands\Server\rewrite.php(43): require_once('C:\\laragon\\www\\...')
#10 {main}
CRITICAL - 2022-06-24 07:57:39 --> Undefined property: mysqli::$total
#0 C:\laragon\www\sikapnew\app\Views\dashboard.php(163): CodeIgniter\Debug\Exceptions->errorHandler(8, 'Undefined prope...', 'C:\\laragon\\www\\...', 163, Array)
#1 C:\laragon\www\sikapnew\system\View\View.php(210): include('C:\\laragon\\www\\...')
#2 C:\laragon\www\sikapnew\system\View\View.php(213): CodeIgniter\View\View->CodeIgniter\View\{closure}()
#3 C:\laragon\www\sikapnew\system\Common.php(1089): CodeIgniter\View\View->render('dashboard', Array, true)
#4 C:\laragon\www\sikapnew\app\Controllers\Dashboard.php(27): view('dashboard', Array)
#5 C:\laragon\www\sikapnew\system\CodeIgniter.php(832): App\Controllers\Dashboard->index()
#6 C:\laragon\www\sikapnew\system\CodeIgniter.php(419): CodeIgniter\CodeIgniter->runController(Object(App\Controllers\Dashboard))
#7 C:\laragon\www\sikapnew\system\CodeIgniter.php(326): CodeIgniter\CodeIgniter->handleRequest(NULL, Object(Config\Cache), false)
#8 C:\laragon\www\sikapnew\public\index.php(37): CodeIgniter\CodeIgniter->run()
#9 C:\laragon\www\sikapnew\system\Commands\Server\rewrite.php(43): require_once('C:\\laragon\\www\\...')
#10 {main}
CRITICAL - 2022-06-24 07:58:58 --> Undefined property: mysqli::$total
#0 C:\laragon\www\sikapnew\app\Views\dashboard.php(163): CodeIgniter\Debug\Exceptions->errorHandler(8, 'Undefined prope...', 'C:\\laragon\\www\\...', 163, Array)
#1 C:\laragon\www\sikapnew\system\View\View.php(210): include('C:\\laragon\\www\\...')
#2 C:\laragon\www\sikapnew\system\View\View.php(213): CodeIgniter\View\View->CodeIgniter\View\{closure}()
#3 C:\laragon\www\sikapnew\system\Common.php(1089): CodeIgniter\View\View->render('dashboard', Array, true)
#4 C:\laragon\www\sikapnew\app\Controllers\Dashboard.php(27): view('dashboard', Array)
#5 C:\laragon\www\sikapnew\system\CodeIgniter.php(832): App\Controllers\Dashboard->index()
#6 C:\laragon\www\sikapnew\system\CodeIgniter.php(419): CodeIgniter\CodeIgniter->runController(Object(App\Controllers\Dashboard))
#7 C:\laragon\www\sikapnew\system\CodeIgniter.php(326): CodeIgniter\CodeIgniter->handleRequest(NULL, Object(Config\Cache), false)
#8 C:\laragon\www\sikapnew\public\index.php(37): CodeIgniter\CodeIgniter->run()
#9 C:\laragon\www\sikapnew\system\Commands\Server\rewrite.php(43): require_once('C:\\laragon\\www\\...')
#10 {main}
CRITICAL - 2022-06-24 07:59:33 --> Undefined property: mysqli::$total
#0 C:\laragon\www\sikapnew\app\Views\dashboard.php(163): CodeIgniter\Debug\Exceptions->errorHandler(8, 'Undefined prope...', 'C:\\laragon\\www\\...', 163, Array)
#1 C:\laragon\www\sikapnew\system\View\View.php(210): include('C:\\laragon\\www\\...')
#2 C:\laragon\www\sikapnew\system\View\View.php(213): CodeIgniter\View\View->CodeIgniter\View\{closure}()
#3 C:\laragon\www\sikapnew\system\Common.php(1089): CodeIgniter\View\View->render('dashboard', Array, true)
#4 C:\laragon\www\sikapnew\app\Controllers\Dashboard.php(27): view('dashboard', Array)
#5 C:\laragon\www\sikapnew\system\CodeIgniter.php(832): App\Controllers\Dashboard->index()
#6 C:\laragon\www\sikapnew\system\CodeIgniter.php(419): CodeIgniter\CodeIgniter->runController(Object(App\Controllers\Dashboard))
#7 C:\laragon\www\sikapnew\system\CodeIgniter.php(326): CodeIgniter\CodeIgniter->handleRequest(NULL, Object(Config\Cache), false)
#8 C:\laragon\www\sikapnew\public\index.php(37): CodeIgniter\CodeIgniter->run()
#9 C:\laragon\www\sikapnew\system\Commands\Server\rewrite.php(43): require_once('C:\\laragon\\www\\...')
#10 {main}
CRITICAL - 2022-06-24 08:01:16 --> Undefined property: mysqli::$total
#0 C:\laragon\www\sikapnew\app\Views\dashboard.php(163): CodeIgniter\Debug\Exceptions->errorHandler(8, 'Undefined prope...', 'C:\\laragon\\www\\...', 163, Array)
#1 C:\laragon\www\sikapnew\system\View\View.php(210): include('C:\\laragon\\www\\...')
#2 C:\laragon\www\sikapnew\system\View\View.php(213): CodeIgniter\View\View->CodeIgniter\View\{closure}()
#3 C:\laragon\www\sikapnew\system\Common.php(1089): CodeIgniter\View\View->render('dashboard', Array, true)
#4 C:\laragon\www\sikapnew\app\Controllers\Dashboard.php(27): view('dashboard', Array)
#5 C:\laragon\www\sikapnew\system\CodeIgniter.php(832): App\Controllers\Dashboard->index()
#6 C:\laragon\www\sikapnew\system\CodeIgniter.php(419): CodeIgniter\CodeIgniter->runController(Object(App\Controllers\Dashboard))
#7 C:\laragon\www\sikapnew\system\CodeIgniter.php(326): CodeIgniter\CodeIgniter->handleRequest(NULL, Object(Config\Cache), false)
#8 C:\laragon\www\sikapnew\public\index.php(37): CodeIgniter\CodeIgniter->run()
#9 C:\laragon\www\sikapnew\system\Commands\Server\rewrite.php(43): require_once('C:\\laragon\\www\\...')
#10 {main}
