CRITICAL - 2023-06-09 03:55:41 --> Undefined property: stdClass::$id_kedatangan
#0 C:\laragon\www\sikapnew\app\Controllers\Olahgerak.php(36): CodeIgniter\Debug\Exceptions->errorHandler(8, 'Undefined prope...', 'C:\\laragon\\www\\...', 36, Array)
#1 C:\laragon\www\sikapnew\vendor\hermawan\codeigniter4-datatables\src\DataTableQuery.php(91): App\Controllers\Olahgerak->App\Controllers\{closure}(Object(stdClass))
#2 C:\laragon\www\sikapnew\vendor\hermawan\codeigniter4-datatables\src\DataTable.php(176): Hermawan\DataTables\DataTableQuery->getDataResult()
#3 C:\laragon\www\sikapnew\app\Controllers\Olahgerak.php(47): Hermawan\DataTables\DataTable->toJson()
#4 C:\laragon\www\sikapnew\system\CodeIgniter.php(832): App\Controllers\Olahgerak->ajax_olahgerak()
#5 C:\laragon\www\sikapnew\system\CodeIgniter.php(419): CodeIgniter\CodeIgniter->runController(Object(App\Controllers\Olahgerak))
#6 C:\laragon\www\sikapnew\system\CodeIgniter.php(326): CodeIgniter\CodeIgniter->handleRequest(NULL, Object(Config\Cache), false)
#7 C:\laragon\www\sikapnew\public\index.php(37): CodeIgniter\CodeIgniter->run()
#8 C:\laragon\www\sikapnew\system\Commands\Server\rewrite.php(43): require_once('C:\\laragon\\www\\...')
#9 {main}
CRITICAL - 2023-06-09 04:17:04 --> Undefined property: stdClass::$id_kedatangan
#0 C:\laragon\www\sikapnew\app\Controllers\Olahgerak.php(36): CodeIgniter\Debug\Exceptions->errorHandler(8, 'Undefined prope...', 'C:\\laragon\\www\\...', 36, Array)
#1 C:\laragon\www\sikapnew\vendor\hermawan\codeigniter4-datatables\src\DataTableQuery.php(91): App\Controllers\Olahgerak->App\Controllers\{closure}(Object(stdClass))
#2 C:\laragon\www\sikapnew\vendor\hermawan\codeigniter4-datatables\src\DataTable.php(176): Hermawan\DataTables\DataTableQuery->getDataResult()
#3 C:\laragon\www\sikapnew\app\Controllers\Olahgerak.php(47): Hermawan\DataTables\DataTable->toJson()
#4 C:\laragon\www\sikapnew\system\CodeIgniter.php(832): App\Controllers\Olahgerak->ajax_olahgerak()
#5 C:\laragon\www\sikapnew\system\CodeIgniter.php(419): CodeIgniter\CodeIgniter->runController(Object(App\Controllers\Olahgerak))
#6 C:\laragon\www\sikapnew\system\CodeIgniter.php(326): CodeIgniter\CodeIgniter->handleRequest(NULL, Object(Config\Cache), false)
#7 C:\laragon\www\sikapnew\public\index.php(37): CodeIgniter\CodeIgniter->run()
#8 C:\laragon\www\sikapnew\system\Commands\Server\rewrite.php(43): require_once('C:\\laragon\\www\\...')
#9 {main}
