ERROR - 2023-03-19 22:41:06 --> Error connecting to the database: No connection could be made because the target machine actively refused it.

CRITICAL - 2023-03-19 22:41:06 --> Unable to connect to the database.
Main connection [MySQLi]: No connection could be made because the target machine actively refused it.

#0 C:\laragon\www\sikapnew\system\Database\BaseConnection.php(577): CodeIgniter\Database\BaseConnection->initialize()
#1 C:\laragon\www\sikapnew\system\Database\BaseBuilder.php(1455): CodeIgniter\Database\BaseConnection->query('SELECT *\nFROM `...', Array, false)
#2 C:\laragon\www\sikapnew\system\Model.php(210): CodeIgniter\Database\BaseBuilder->get()
#3 C:\laragon\www\sikapnew\system\BaseModel.php(622): CodeIgniter\Model->doFirst()
#4 C:\laragon\www\sikapnew\app\Controllers\Login.php(20): CodeIgniter\BaseModel->first()
#5 C:\laragon\www\sikapnew\system\CodeIgniter.php(832): App\Controllers\Login->process()
#6 C:\laragon\www\sikapnew\system\CodeIgniter.php(419): CodeIgniter\CodeIgniter->runController(Object(App\Controllers\Login))
#7 C:\laragon\www\sikapnew\system\CodeIgniter.php(326): CodeIgniter\CodeIgniter->handleRequest(NULL, Object(Config\Cache), false)
#8 C:\laragon\www\sikapnew\public\index.php(37): CodeIgniter\CodeIgniter->run()
#9 C:\laragon\www\sikapnew\system\Commands\Server\rewrite.php(43): require_once('C:\\laragon\\www\\...')
#10 {main}
CRITICAL - 2023-03-19 22:46:38 --> Cannot call constructor
#0 C:\laragon\www\sikapnew\system\CodeIgniter.php(809): App\Controllers\Ikan->__construct()
#1 C:\laragon\www\sikapnew\system\CodeIgniter.php(410): CodeIgniter\CodeIgniter->createController()
#2 C:\laragon\www\sikapnew\system\CodeIgniter.php(326): CodeIgniter\CodeIgniter->handleRequest(NULL, Object(Config\Cache), false)
#3 C:\laragon\www\sikapnew\public\index.php(37): CodeIgniter\CodeIgniter->run()
#4 C:\laragon\www\sikapnew\system\Commands\Server\rewrite.php(43): require_once('C:\\laragon\\www\\...')
#5 {main}
CRITICAL - 2023-03-19 22:46:57 --> Undefined property: App\Controllers\Ikan::$load
#0 C:\laragon\www\sikapnew\app\Controllers\Ikan.php(13): CodeIgniter\Debug\Exceptions->errorHandler(8, 'Undefined prope...', 'C:\\laragon\\www\\...', 13, Array)
#1 C:\laragon\www\sikapnew\system\CodeIgniter.php(809): App\Controllers\Ikan->__construct()
#2 C:\laragon\www\sikapnew\system\CodeIgniter.php(410): CodeIgniter\CodeIgniter->createController()
#3 C:\laragon\www\sikapnew\system\CodeIgniter.php(326): CodeIgniter\CodeIgniter->handleRequest(NULL, Object(Config\Cache), false)
#4 C:\laragon\www\sikapnew\public\index.php(37): CodeIgniter\CodeIgniter->run()
#5 C:\laragon\www\sikapnew\system\Commands\Server\rewrite.php(43): require_once('C:\\laragon\\www\\...')
#6 {main}
CRITICAL - 2023-03-19 23:16:39 --> Undefined property: App\Controllers\Ikan::$load
#0 C:\laragon\www\sikapnew\app\Controllers\Ikan.php(14): CodeIgniter\Debug\Exceptions->errorHandler(8, 'Undefined prope...', 'C:\\laragon\\www\\...', 14, Array)
#1 C:\laragon\www\sikapnew\system\CodeIgniter.php(809): App\Controllers\Ikan->__construct()
#2 C:\laragon\www\sikapnew\system\CodeIgniter.php(410): CodeIgniter\CodeIgniter->createController()
#3 C:\laragon\www\sikapnew\system\CodeIgniter.php(326): CodeIgniter\CodeIgniter->handleRequest(NULL, Object(Config\Cache), false)
#4 C:\laragon\www\sikapnew\public\index.php(37): CodeIgniter\CodeIgniter->run()
#5 C:\laragon\www\sikapnew\system\Commands\Server\rewrite.php(43): require_once('C:\\laragon\\www\\...')
#6 {main}
